0.222686 [INFO ] , (blinky src/gps/reader.rs:138)
0.222839 [INFO ] , (blinky src/gps/reader.rs:138)
0.223083 [INFO ] , (blinky src/gps/reader.rs:138)
0.223297 [INFO ] . (blinky src/gps/reader.rs:138)
0.223541 [INFO ] 5 (blinky src/gps/reader.rs:138)
0.223724 [INFO ] 0 (blinky src/gps/reader.rs:138)
0.223937 [INFO ] 8 (blinky src/gps/reader.rs:138)
0.224182 [INFO ] . (blinky src/gps/reader.rs:138)
0.224426 [INFO ] 0 (blinky src/gps/reader.rs:138)
0.224578 [INFO ] 3 (blinky src/gps/reader.rs:138)
0.224822 [INFO ] 1 (blinky src/gps/reader.rs:138)
0.225036 [INFO ] NEW SENTENCE (blinky src/gps/reader.rs:106)
0.316131 [INFO ] parsing gps (blinky blinky/src/main.rs:74)
0.316162 [INFO ] NO SIGNAL AT ALL (blinky blinky/src/main.rs:104)
0.316406 [INFO ] N (blinky src/gps/reader.rs:138)
0.316589 [INFO ] S (blinky src/gps/reader.rs:138)
0.316741 [INFO ] A (blinky src/gps/reader.rs:138)
0.316925 [INFO ] A (blinky src/gps/reader.rs:138)
0.317108 [INFO ] , (blinky src/gps/reader.rs:138)
0.416259 [INFO ] parsing gps (blinky blinky/src/main.rs:74)
0.416290 [INFO ] NO SIGNAL AT ALL (blinky blinky/src/main.rs:104)
1.218414 [INFO ] . (blinky src/gps/reader.rs:138)
1.218597 [INFO ] 8 (blinky src/gps/reader.rs:138)
1.218841 [INFO ] . (blinky src/gps/reader.rs:138)
1.219055 [INFO ] , (blinky src/gps/reader.rs:138)
1.219299 [INFO ] * (blinky src/gps/reader.rs:138)
1.219451 [INFO ] 2 (blinky src/gps/reader.rs:138)
1.219696 [INFO ] NEW SENTENCE (blinky src/gps/reader.rs:106)
1.220001 [INFO ] parsing gps (blinky blinky/src/main.rs:74)
1.220062 [INFO ] NO SIGNAL AT ALL (blinky blinky/src/main.rs:104)
1.220306 [INFO ] G (blinky src/gps/reader.rs:138)
1.220520 [INFO ] A (blinky src/gps/reader.rs:138)
1.220764 [INFO ] , (blinky src/gps/reader.rs:138)
1.220947 [INFO ] 6 (blinky src/gps/reader.rs:138)
1.221160 [INFO ] 8 (blinky src/gps/reader.rs:138)
1.221405 [INFO ] 8 (blinky src/gps/reader.rs:138)
1.221618 [INFO ] , (blinky src/gps/reader.rs:138)
1.221801 [INFO ] , (blinky src/gps/reader.rs:138)
1.222045 [INFO ] , (blinky src/gps/reader.rs:138)
1.222259 [INFO ] , (blinky src/gps/reader.rs:138)
1.222503 [INFO ] . (blinky src/gps/reader.rs:138)
1.222656 [INFO ] 5 (blinky src/gps/reader.rs:138)
1.222900 [INFO ] . (blinky src/gps/reader.rs:138)
1.223144 [INFO ] , (blinky src/gps/reader.rs:138)
1.223358 [INFO ] . (blinky src/gps/reader.rs:138)
1.223541 [INFO ] 0 (blinky src/gps/reader.rs:138)
1.223754 [INFO ] * (blinky src/gps/reader.rs:138)
1.223999 [INFO ] END OF SENTENCE (blinky src/gps/reader.rs:121)
1.320129 [INFO ] parsing gps (blinky blinky/src/main.rs:74)
1.320159 [INFO ] NO SIGNAL AT ALL (blinky blinky/src/main.rs:104)
1.320373 [INFO ] NEW SENTENCE (blinky src/gps/reader.rs:106)
1.320526 [INFO ] N (blinky src/gps/reader.rs:138)
1.320678 [INFO ] G (blinky src/gps/reader.rs:138)
1.320861 [INFO ] A (blinky src/gps/reader.rs:138)
1.321014 [INFO ] , (blinky src/gps/reader.rs:138)
1.420257 [INFO ] parsing gps (blinky blinky/src/main.rs:74)
1.420288 [INFO ] NO SIGNAL AT ALL (blinky blinky/src/main.rs:104)
2.221069 [INFO ] SENTENCE NOT EMPTY, MISSING PUSH FOR CHAR. 3 (blinky src/gps/reader.rs:142)
2.221191 [INFO ] SENTENCE NOT EMPTY, MISSING PUSH FOR CHAR. 1 (blinky src/gps/reader.rs:142)
2.221313 [INFO ] SENTENCE NOT EMPTY, MISSING PUSH FOR CHAR. . (blinky src/gps/reader.rs:142)
2.221496 [INFO ] SENTENCE NOT EMPTY, MISSING PUSH FOR CHAR. 5 (blinky src/gps/reader.rs:142)
2.221618 [INFO ] SENTENCE NOT EMPTY, MISSING PUSH FOR CHAR. 0 (blinky src/gps/reader.rs:142)
2.221771 [INFO ] SENTENCE NOT EMPTY, MISSING PUSH FOR CHAR. . (blinky src/gps/reader.rs:142)
2.221954 [INFO ] SENTENCE NOT EMPTY, MISSING PUSH FOR CHAR. 8 (blinky src/gps/reader.rs:142)
2.222076 [INFO ] SENTENCE NOT EMPTY, MISSING PUSH FOR CHAR. 1 (blinky src/gps/reader.rs:142)
2.222198 [INFO ] SENTENCE NOT EMPTY, MISSING PUSH FOR CHAR. . (blinky src/gps/reader.rs:142)
2.222381 [INFO ] SENTENCE NOT EMPTY, MISSING PUSH FOR CHAR. 0 (blinky src/gps/reader.rs:142)
2.222503 [INFO ] SENTENCE NOT EMPTY, MISSING PUSH FOR CHAR. 2 (blinky src/gps/reader.rs:142)
2.222686 [INFO ] SENTENCE NOT EMPTY, MISSING PUSH FOR CHAR. 0 (blinky src/gps/reader.rs:142)
2.222808 [INFO ] SENTENCE NOT EMPTY, MISSING PUSH FOR CHAR. C (blinky src/gps/reader.rs:142)
2.222930 [INFO ] RETURN (blinky src/gps/reader.rs:133)
2.223052 [INFO ] NEW SENTENCE (blinky src/gps/reader.rs:106)
2.223266 [INFO ] G (blinky src/gps/reader.rs:138)
2.223480 [INFO ] A (blinky src/gps/reader.rs:138)
2.223663 [INFO ] , (blinky src/gps/reader.rs:138)
2.223876 [INFO ] 3 (blinky src/gps/reader.rs:138)
2.224121 [INFO ] 7 (blinky src/gps/reader.rs:138)
2.224365 [INFO ] 2 (blinky src/gps/reader.rs:138)
2.224517 [INFO ] , (blinky src/gps/reader.rs:138)
2.224761 [INFO ] , (blinky src/gps/reader.rs:138)
2.224975 [INFO ] , (blinky src/gps/reader.rs:138)
2.225219 [INFO ] , (blinky src/gps/reader.rs:138)
2.225402 [INFO ] , (blinky src/gps/reader.rs:138)
2.225616 [INFO ] , (blinky src/gps/reader.rs:138)
2.225860 [INFO ] . (blinky src/gps/reader.rs:138)
2.226074 [INFO ] 5 (blinky src/gps/reader.rs:138)
2.226257 [INFO ] 0 (blinky src/gps/reader.rs:138)
2.226501 [INFO ] 8 (blinky src/gps/reader.rs:138)
2.226715 [INFO ] . (blinky src/gps/reader.rs:138)
2.226959 [INFO ] 0 (blinky src/gps/reader.rs:138)
2.227111 [INFO ] 3 (blinky src/gps/reader.rs:138)
2.227355 [INFO ] 1 (blinky src/gps/reader.rs:138)
2.227600 [INFO ] NEW SENTENCE (blinky src/gps/reader.rs:106)
2.320526 [INFO ] parsing gps (blinky blinky/src/main.rs:74)
2.320556 [INFO ] NO SIGNAL AT ALL (blinky blinky/src/main.rs:104)
2.320800 [INFO ] N (blinky src/gps/reader.rs:138)
2.320983 [INFO ] S (blinky src/gps/reader.rs:138)
2.321136 [INFO ] A (blinky src/gps/reader.rs:138)
2.321319 [INFO ] A (blinky src/gps/reader.rs:138)
2.321502 [INFO ] , (blinky src/gps/reader.rs:138)
2.420654 [INFO ] parsing gps (blinky blinky/src/main.rs:74)
2.420684 [INFO ] NO SIGNAL AT ALL (blinky blinky/src/main.rs:104)
3.221527 [INFO ] 3 (blinky src/gps/reader.rs:138)
3.221740 [INFO ] , (blinky src/gps/reader.rs:138)
3.221984 [INFO ] , (blinky src/gps/reader.rs:138)
3.222198 [INFO ] , (blinky src/gps/reader.rs:138)
3.222381 [INFO ] , (blinky src/gps/reader.rs:138)
3.222625 [INFO ] , (blinky src/gps/reader.rs:138)
3.222839 [INFO ] . (blinky src/gps/reader.rs:138)
3.223083 [INFO ] 5 (blinky src/gps/reader.rs:138)
3.223236 [INFO ] 0 (blinky src/gps/reader.rs:138)
3.223480 [INFO ] 8 (blinky src/gps/reader.rs:138)
3.223724 [INFO ] . (blinky src/gps/reader.rs:138)
3.223937 [INFO ] 0 (blinky src/gps/reader.rs:138)
3.224121 [INFO ] 2 (blinky src/gps/reader.rs:138)
3.224334 [INFO ] C (blinky src/gps/reader.rs:138)
3.224578 [INFO ] NEW SENTENCE (blinky src/gps/reader.rs:106)
3.320953 [INFO ] parsing gps (blinky blinky/src/main.rs:74)
3.320983 [INFO ] NO SIGNAL AT ALL (blinky blinky/src/main.rs:104)
3.321228 [INFO ] N (blinky src/gps/reader.rs:138)
3.321411 [INFO ] S (blinky src/gps/reader.rs:138)
3.321563 [INFO ] A (blinky src/gps/reader.rs:138)
3.321746 [INFO ] A (blinky src/gps/reader.rs:138)
3.321929 [INFO ] , (blinky src/gps/reader.rs:138)
3.421081 [INFO ] parsing gps (blinky blinky/src/main.rs:74)
3.421112 [INFO ] NO SIGNAL AT ALL (blinky blinky/src/main.rs:104)
4.221923 [INFO ] SENTENCE NOT EMPTY, MISSING PUSH FOR CHAR. 3 (blinky src/gps/reader.rs:142)
4.222045 [INFO ] SENTENCE NOT EMPTY, MISSING PUSH FOR CHAR. 0 (blinky src/gps/reader.rs:142)
4.222167 [INFO ] SENTENCE NOT EMPTY, MISSING PUSH FOR CHAR. . (blinky src/gps/reader.rs:142)
4.222351 [INFO ] SENTENCE NOT EMPTY, MISSING PUSH FOR CHAR. 8 (blinky src/gps/reader.rs:142)
4.222473 [INFO ] SENTENCE NOT EMPTY, MISSING PUSH FOR CHAR. 1 (blinky src/gps/reader.rs:142)
4.222625 [INFO ] SENTENCE NOT EMPTY, MISSING PUSH FOR CHAR. . (blinky src/gps/reader.rs:142)
4.222808 [INFO ] SENTENCE NOT EMPTY, MISSING PUSH FOR CHAR. 0 (blinky src/gps/reader.rs:142)
4.222930 [INFO ] SENTENCE NOT EMPTY, MISSING PUSH FOR CHAR. 2 (blinky src/gps/reader.rs:142)
4.223052 [INFO ] SENTENCE NOT EMPTY, MISSING PUSH FOR CHAR. * (blinky src/gps/reader.rs:142)
4.223236 [INFO ] SENTENCE NOT EMPTY, MISSING PUSH FOR CHAR. C (blinky src/gps/reader.rs:142)
4.223358 [INFO ] RETURN (blinky src/gps/reader.rs:133)
4.223449 [INFO ] NEW SENTENCE (blinky src/gps/reader.rs:106)
4.223663 [INFO ] N (blinky src/gps/reader.rs:138)
4.223907 [INFO ] A (blinky src/gps/reader.rs:138)
4.224060 [INFO ] , (blinky src/gps/reader.rs:138)
4.224304 [INFO ] 3 (blinky src/gps/reader.rs:138)
4.224548 [INFO ] 7 (blinky src/gps/reader.rs:138)
4.224761 [INFO ] 2 (blinky src/gps/reader.rs:138)
4.224945 [INFO ] , (blinky src/gps/reader.rs:138)
4.225189 [INFO ] , (blinky src/gps/reader.rs:138)
4.225402 [INFO ] , (blinky src/gps/reader.rs:138)
4.225646 [INFO ] , (blinky src/gps/reader.rs:138)
4.225799 [INFO ] , (blinky src/gps/reader.rs:138)
4.226043 [INFO ] , (blinky src/gps/reader.rs:138)
4.226257 [INFO ] . (blinky src/gps/reader.rs:138)
4.226440 [INFO ] 5 (blinky src/gps/reader.rs:138)
4.226684 [INFO ] 0 (blinky src/gps/reader.rs:138)
4.226837 [INFO ] . (blinky src/gps/reader.rs:138)
4.227081 [INFO ] , (blinky src/gps/reader.rs:138)
4.227325 [INFO ] 0 (blinky src/gps/reader.rs:138)
4.227539 [INFO ] 3 (blinky src/gps/reader.rs:138)
4.227722 [INFO ] 0 (blinky src/gps/reader.rs:138)
4.227935 [INFO ] RETURN (blinky src/gps/reader.rs:133)
4.228057 [INFO ] NEW SENTENCE (blinky src/gps/reader.rs:106)
4.321380 [INFO ] parsing gps (blinky blinky/src/main.rs:74)
4.321411 [INFO ] NO SIGNAL AT ALL (blinky blinky/src/main.rs:104)
4.321655 [INFO ] G (blinky src/gps/reader.rs:138)
4.321838 [INFO ] S (blinky src/gps/reader.rs:138)
4.321990 [INFO ] , (blinky src/gps/reader.rs:138)
4.322174 [INFO ] A (blinky src/gps/reader.rs:138)
4.322357 [INFO ] , (blinky src/gps/reader.rs:138)
4.421508 [INFO ] parsing gps (blinky blinky/src/main.rs:74)
4.421539 [INFO ] NO SIGNAL AT ALL (blinky blinky/src/main.rs:104)
5.230010 [INFO ] , (blinky src/gps/reader.rs:138)
5.230224 [INFO ] , (blinky src/gps/reader.rs:138)
5.230407 [INFO ] 2 (blinky src/gps/reader.rs:138)
5.230621 [INFO ] 2 (blinky src/gps/reader.rs:138)
5.230865 [INFO ] , (blinky src/gps/reader.rs:138)
5.231109 [INFO ] , (blinky src/gps/reader.rs:138)
5.231262 [INFO ] , (blinky src/gps/reader.rs:138)
5.231506 [INFO ] 1 (blinky src/gps/reader.rs:138)
5.231750 [INFO ] 5 (blinky src/gps/reader.rs:138)
5.231964 [INFO ] 0 (blinky src/gps/reader.rs:138)
5.232147 [INFO ] 6 (blinky src/gps/reader.rs:138)
5.232360 [INFO ] 1 (blinky src/gps/reader.rs:138)
5.232604 [INFO ] 0 (blinky src/gps/reader.rs:138)
5.232849 [INFO ] 4 (blinky src/gps/reader.rs:138)
5.233001 [INFO ] 0 (blinky src/gps/reader.rs:138)
5.233245 [INFO ] RETURN (blinky src/gps/reader.rs:133)
5.233337 [INFO ] NEW SENTENCE (blinky src/gps/reader.rs:106)
5.321807 [INFO ] parsing gps (blinky blinky/src/main.rs:74)
5.321838 [INFO ] NO SIGNAL AT ALL (blinky blinky/src/main.rs:104)
5.322082 [INFO ] G (blinky src/gps/reader.rs:138)
5.322265 [INFO ] S (blinky src/gps/reader.rs:138)
5.322418 [INFO ] , (blinky src/gps/reader.rs:138)
5.322601 [INFO ] 3 (blinky src/gps/reader.rs:138)
5.322784 [INFO ] , (blinky src/gps/reader.rs:138)
5.421936 [INFO ] parsing gps (blinky blinky/src/main.rs:74)
5.421966 [INFO ] NO SIGNAL AT ALL (blinky blinky/src/main.rs:104)
6.104309 [INFO ] NEW SENTENCE (blinky src/gps/reader.rs:106)
6.104522 [INFO ] P (blinky src/gps/reader.rs:138)
6.104675 [INFO ] A (blinky src/gps/reader.rs:138)
6.104858 [INFO ] I (blinky src/gps/reader.rs:138)
6.105010 [INFO ] R (blinky src/gps/reader.rs:138)
6.105255 [INFO ] 1 (blinky src/gps/reader.rs:138)
6.105438 [INFO ] 0 (blinky src/gps/reader.rs:138)
6.105651 [INFO ] 0 (blinky src/gps/reader.rs:138)
6.105895 [INFO ] , (blinky src/gps/reader.rs:138)
6.106109 [INFO ] 3 (blinky src/gps/reader.rs:138)
6.106292 [INFO ] 3 (blinky src/gps/reader.rs:138)
6.106536 [INFO ] 4 (blinky src/gps/reader.rs:138)
6.106750 [INFO ] 7 (blinky src/gps/reader.rs:138)
6.106994 [INFO ] 0 (blinky src/gps/reader.rs:138)
6.107147 [INFO ] END OF SENTENCE (blinky src/gps/reader.rs:121)
6.122100 [INFO ] parsing gps (blinky blinky/src/main.rs:74)
6.122131 [INFO ] NO SIGNAL AT ALL (blinky blinky/src/main.rs:104)
6.122344 [INFO ] SENTENCE NOT EMPTY, MISSING PUSH FOR CHAR. P (blinky src/gps/reader.rs:142)
6.122467 [INFO ] SENTENCE NOT EMPTY, MISSING PUSH FOR CHAR. A (blinky src/gps/reader.rs:142)
6.122589 [INFO ] SENTENCE NOT EMPTY, MISSING PUSH FOR CHAR. R (blinky src/gps/reader.rs:142)
6.122711 [INFO ] SENTENCE NOT EMPTY, MISSING PUSH FOR CHAR. 0 (blinky src/gps/reader.rs:142)
6.122833 [INFO ] SENTENCE NOT EMPTY, MISSING PUSH FOR CHAR. 1 (blinky src/gps/reader.rs:142)
6.230529 [INFO ] . (blinky src/gps/reader.rs:138)
6.230773 [INFO ] , (blinky src/gps/reader.rs:138)
6.230987 [INFO ] 6 (blinky src/gps/reader.rs:138)
6.231231 [INFO ] , (blinky src/gps/reader.rs:138)
6.231414 [INFO ] . (blinky src/gps/reader.rs:138)
6.231628 [INFO ] , (blinky src/gps/reader.rs:138)
6.231872 [INFO ] 0 (blinky src/gps/reader.rs:138)
6.232086 [INFO ] END OF SENTENCE (blinky src/gps/reader.rs:121)
6.322357 [INFO ] parsing gps (blinky blinky/src/main.rs:74)
6.322387 [INFO ] NO SIGNAL AT ALL (blinky blinky/src/main.rs:104)
6.322601 [INFO ] SENTENCE NOT EMPTY, MISSING PUSH FOR CHAR. G (blinky src/gps/reader.rs:142)
6.322723 [INFO ] SENTENCE NOT EMPTY, MISSING PUSH FOR CHAR. G (blinky src/gps/reader.rs:142)
6.322845 [INFO ] SENTENCE NOT EMPTY, MISSING PUSH FOR CHAR. S (blinky src/gps/reader.rs:142)
6.322967 [INFO ] SENTENCE NOT EMPTY, MISSING PUSH FOR CHAR. , (blinky src/gps/reader.rs:142)
6.323089 [INFO ] SENTENCE NOT EMPTY, MISSING PUSH FOR CHAR. A (blinky src/gps/reader.rs:142)
6.422485 [INFO ] parsing gps (blinky blinky/src/main.rs:74)
6.422515 [INFO ] NO SIGNAL AT ALL (blinky blinky/src/main.rs:104)
7.226623 [INFO ] C (blinky src/gps/reader.rs:138)
7.226867 [INFO ] RETURN (blinky src/gps/reader.rs:133)
7.226959 [INFO ] G (blinky src/gps/reader.rs:138)
7.227142 [INFO ] N (blinky src/gps/reader.rs:138)
7.227386 [INFO ] A (blinky src/gps/reader.rs:138)
7.227600 [INFO ] , (blinky src/gps/reader.rs:138)
7.227844 [INFO ] , (blinky src/gps/reader.rs:138)
7.227996 [INFO ] 7 (blinky src/gps/reader.rs:138)
7.228240 [INFO ] 6 (blinky src/gps/reader.rs:138)
7.228485 [INFO ] 9 (blinky src/gps/reader.rs:138)
7.228698 [INFO ] 3 (blinky src/gps/reader.rs:138)
7.228881 [INFO ] , (blinky src/gps/reader.rs:138)
7.229095 [INFO ] , (blinky src/gps/reader.rs:138)
7.229339 [INFO ] , (blinky src/gps/reader.rs:138)
7.229583 [INFO ] , (blinky src/gps/reader.rs:138)
7.229736 [INFO ] . (blinky src/gps/reader.rs:138)
7.229980 [INFO ] , (blinky src/gps/reader.rs:138)
7.230194 [INFO ] 6 (blinky src/gps/reader.rs:138)
7.230438 [INFO ] , (blinky src/gps/reader.rs:138)
7.230621 [INFO ] . (blinky src/gps/reader.rs:138)
7.230834 [INFO ] , (blinky src/gps/reader.rs:138)
7.231079 [INFO ] 0 (blinky src/gps/reader.rs:138)
7.231292 [INFO ] END OF SENTENCE (blinky src/gps/reader.rs:121)
7.322784 [INFO ] parsing gps (blinky blinky/src/main.rs:74)
7.322814 [INFO ] NO SIGNAL AT ALL (blinky blinky/src/main.rs:104)
7.323028 [INFO ] SENTENCE NOT EMPTY, MISSING PUSH FOR CHAR. G (blinky src/gps/reader.rs:142)
7.323150 [INFO ] SENTENCE NOT EMPTY, MISSING PUSH FOR CHAR. G (blinky src/gps/reader.rs:142)
7.323272 [INFO ] SENTENCE NOT EMPTY, MISSING PUSH FOR CHAR. S (blinky src/gps/reader.rs:142)
7.323394 [INFO ] SENTENCE NOT EMPTY, MISSING PUSH FOR CHAR. , (blinky src/gps/reader.rs:142)
7.323516 [INFO ] SENTENCE NOT EMPTY, MISSING PUSH FOR CHAR. A (blinky src/gps/reader.rs:142)
7.422912 [INFO ] parsing gps (blinky blinky/src/main.rs:74)
7.422943 [INFO ] NO SIGNAL AT ALL (blinky blinky/src/main.rs:104)
8.229797 [INFO ] , (blinky src/gps/reader.rs:138)
8.229980 [INFO ] , (blinky src/gps/reader.rs:138)
8.230194 [INFO ] 5 (blinky src/gps/reader.rs:138)
8.230438 [INFO ] 0 (blinky src/gps/reader.rs:138)
8.230682 [INFO ] 6 (blinky src/gps/reader.rs:138)
8.230834 [INFO ] , (blinky src/gps/reader.rs:138)
8.231079 [INFO ] 4 (blinky src/gps/reader.rs:138)
8.231292 [INFO ] 3 (blinky src/gps/reader.rs:138)
8.231536 [INFO ] 0 (blinky src/gps/reader.rs:138)
8.231719 [INFO ] END OF SENTENCE (blinky src/gps/reader.rs:121)
8.323211 [INFO ] parsing gps (blinky blinky/src/main.rs:74)
8.323242 [INFO ] NO SIGNAL AT ALL (blinky blinky/src/main.rs:104)
8.323425 [INFO ] SENTENCE NOT EMPTY, MISSING PUSH FOR CHAR. G (blinky src/gps/reader.rs:142)
8.323577 [INFO ] SENTENCE NOT EMPTY, MISSING PUSH FOR CHAR. N (blinky src/gps/reader.rs:142)
8.323699 [INFO ] SENTENCE NOT EMPTY, MISSING PUSH FOR CHAR. S (blinky src/gps/reader.rs:142)
8.323822 [INFO ] SENTENCE NOT EMPTY, MISSING PUSH FOR CHAR. A (blinky src/gps/reader.rs:142)
8.323944 [INFO ] SENTENCE NOT EMPTY, MISSING PUSH FOR CHAR. , (blinky src/gps/reader.rs:142)
8.423309 [INFO ] parsing gps (blinky blinky/src/main.rs:74)
8.423339 [INFO ] NO SIGNAL AT ALL (blinky blinky/src/main.rs:104)
9.237243 [INFO ] 6 (blinky src/gps/reader.rs:138)
9.237426 [INFO ] , (blinky src/gps/reader.rs:138)
9.237640 [INFO ] 4 (blinky src/gps/reader.rs:138)
9.237884 [INFO ] 1 (blinky src/gps/reader.rs:138)
9.238128 [INFO ] 0 (blinky src/gps/reader.rs:138)
9.238281 [INFO ] END OF SENTENCE (blinky src/gps/reader.rs:121)
9.238403 [INFO ] parsing gps (blinky blinky/src/main.rs:74)
9.238433 [INFO ] NO SIGNAL AT ALL (blinky blinky/src/main.rs:104)
9.238647 [INFO ] SENTENCE NOT EMPTY, MISSING PUSH FOR CHAR. G (blinky src/gps/reader.rs:142)
9.238769 [INFO ] SENTENCE NOT EMPTY, MISSING PUSH FOR CHAR. N (blinky src/gps/reader.rs:142)
9.246551 [INFO ] . (blinky src/gps/reader.rs:138)
9.246795 [INFO ] 0 (blinky src/gps/reader.rs:138)
9.246978 [INFO ] 3 (blinky src/gps/reader.rs:138)
9.247192 [INFO ] 1 (blinky src/gps/reader.rs:138)
9.247436 [INFO ] NEW SENTENCE (blinky src/gps/reader.rs:106)
9.239959 [INFO ] SENTENCE NOT EMPTY, MISSING PUSH FOR CHAR. 0 (blinky src/gps/reader.rs:142)
9.240081 [INFO ] SENTENCE NOT EMPTY, MISSING PUSH FOR CHAR. 8 (blinky src/gps/reader.rs:142)
9.240203 [INFO ] SENTENCE NOT EMPTY, MISSING PUSH FOR CHAR. 5 (blinky src/gps/reader.rs:142)
9.240386 [INFO ] SENTENCE NOT EMPTY, MISSING PUSH FOR CHAR. , (blinky src/gps/reader.rs:142)
9.240509 [INFO ] SENTENCE NOT EMPTY, MISSING PUSH FOR CHAR. , (blinky src/gps/reader.rs:142)
9.240631 [INFO ] SENTENCE NOT EMPTY, MISSING PUSH FOR CHAR. , (blinky src/gps/reader.rs:142)
9.240814 [INFO ] SENTENCE NOT EMPTY, MISSING PUSH FOR CHAR. , (blinky src/gps/reader.rs:142)
9.240936 [INFO ] SENTENCE NOT EMPTY, MISSING PUSH FOR CHAR. , (blinky src/gps/reader.rs:142)
9.241058 [INFO ] SENTENCE NOT EMPTY, MISSING PUSH FOR CHAR. 1 (blinky src/gps/reader.rs:142)
9.241241 [INFO ] SENTENCE NOT EMPTY, MISSING PUSH FOR CHAR. 5 (blinky src/gps/reader.rs:142)
9.241363 [INFO ] SENTENCE NOT EMPTY, MISSING PUSH FOR CHAR. , (blinky src/gps/reader.rs:142)
9.241485 [INFO ] SENTENCE NOT EMPTY, MISSING PUSH FOR CHAR. 0 (blinky src/gps/reader.rs:142)
9.241668 [INFO ] SENTENCE NOT EMPTY, MISSING PUSH FOR CHAR. 6 (blinky src/gps/reader.rs:142)
9.241790 [INFO ] SENTENCE NOT EMPTY, MISSING PUSH FOR CHAR. , (blinky src/gps/reader.rs:142)
9.241943 [INFO ] SENTENCE NOT EMPTY, MISSING PUSH FOR CHAR. 1 (blinky src/gps/reader.rs:142)
9.242126 [INFO ] SENTENCE NOT EMPTY, MISSING PUSH FOR CHAR. 4 (blinky src/gps/reader.rs:142)
9.242248 [INFO ] SENTENCE NOT EMPTY, MISSING PUSH FOR CHAR. , (blinky src/gps/reader.rs:142)
9.242370 [INFO ] SENTENCE NOT EMPTY, MISSING PUSH FOR CHAR. 2 (blinky src/gps/reader.rs:142)
9.242553 [INFO ] SENTENCE NOT EMPTY, MISSING PUSH FOR CHAR. 0 (blinky src/gps/reader.rs:142)
9.242675 [INFO ] END OF SENTENCE (blinky src/gps/reader.rs:121)
9.242767 [INFO ] RETURN (blinky src/gps/reader.rs:133)
9.242889 [INFO ] NEW SENTENCE (blinky src/gps/reader.rs:106)
9.243103 [INFO ] G (blinky src/gps/reader.rs:138)
9.243316 [INFO ] A (blinky src/gps/reader.rs:138)
9.243499 [INFO ] , (blinky src/gps/reader.rs:138)
9.243713 [INFO ] 3 (blinky src/gps/reader.rs:138)
9.243957 [INFO ] 7 (blinky src/gps/reader.rs:138)
9.244201 [INFO ] 2 (blinky src/gps/reader.rs:138)
9.244354 [INFO ] , (blinky src/gps/reader.rs:138)
9.244598 [INFO ] , (blinky src/gps/reader.rs:138)
9.244812 [INFO ] , (blinky src/gps/reader.rs:138)
9.245056 [INFO ] , (blinky src/gps/reader.rs:138)
9.245239 [INFO ] , (blinky src/gps/reader.rs:138)
9.245452 [INFO ] , (blinky src/gps/reader.rs:138)
9.245697 [INFO ] . (blinky src/gps/reader.rs:138)
9.245941 [INFO ] 5 (blinky src/gps/reader.rs:138)
9.246093 [INFO ] 0 (blinky src/gps/reader.rs:138)
9.246337 [INFO ] 8 (blinky src/gps/reader.rs:138)
9.246551 [INFO ] . (blinky src/gps/reader.rs:138)
9.246795 [INFO ] 0 (blinky src/gps/reader.rs:138)
9.246978 [INFO ] 3 (blinky src/gps/reader.rs:138)
9.247192 [INFO ] 1 (blinky src/gps/reader.rs:138)
9.247436 [INFO ] NEW SENTENCE (blinky src/gps/reader.rs:106)
9.338531 [INFO ] parsing gps (blinky blinky/src/main.rs:74)
9.338562 [INFO ] NO SIGNAL AT ALL (blinky blinky/src/main.rs:104)
9.338806 [INFO ] N (blinky src/gps/reader.rs:138)
9.338989 [INFO ] S (blinky src/gps/reader.rs:138)
9.339141 [INFO ] A (blinky src/gps/reader.rs:138)
9.339324 [INFO ] A (blinky src/gps/reader.rs:138)
9.339508 [INFO ] , (blinky src/gps/reader.rs:138)
9.438659 [INFO ] parsing gps (blinky blinky/src/main.rs:74)
9.438690 [INFO ] NO SIGNAL AT ALL (blinky blinky/src/main.rs:104)
10.253601 [INFO ] 8 (blinky src/gps/reader.rs:138)
10.253814 [INFO ] . (blinky src/gps/reader.rs:138)
10.254058 [INFO ] 0 (blinky src/gps/reader.rs:138)
10.254241 [INFO ] 1 (blinky src/gps/reader.rs:138)
10.254455 [INFO ] 2 (blinky src/gps/reader.rs:138)
10.254699 [INFO ] NEW SENTENCE (blinky src/gps/reader.rs:106)
10.254821 [INFO ] parsing gps (blinky blinky/src/main.rs:74)
10.254852 [INFO ] NO SIGNAL AT ALL (blinky blinky/src/main.rs:104)
10.255096 [INFO ] N (blinky src/gps/reader.rs:138)
10.255279 [INFO ] S (blinky src/gps/reader.rs:138)
10.255523 [INFO ] A (blinky src/gps/reader.rs:138)
10.255737 [INFO ] 9 (blinky src/gps/reader.rs:138)
10.255981 [INFO ] 6 (blinky src/gps/reader.rs:138)
10.256134 [INFO ] , (blinky src/gps/reader.rs:138)
10.256378 [INFO ] , (blinky src/gps/reader.rs:138)
10.256622 [INFO ] , (blinky src/gps/reader.rs:138)
10.256835 [INFO ] , (blinky src/gps/reader.rs:138)
10.257019 [INFO ] , (blinky src/gps/reader.rs:138)
10.257232 [INFO ] , (blinky src/gps/reader.rs:138)
10.257476 [INFO ] . (blinky src/gps/reader.rs:138)
10.257720 [INFO ] 5 (blinky src/gps/reader.rs:138)
10.257873 [INFO ] 0 (blinky src/gps/reader.rs:138)
10.258117 [INFO ] 8 (blinky src/gps/reader.rs:138)
10.258331 [INFO ] . (blinky src/gps/reader.rs:138)
10.258575 [INFO ] 0 (blinky src/gps/reader.rs:138)
10.258758 [INFO ] 2 (blinky src/gps/reader.rs:138)
10.258972 [INFO ] C (blinky src/gps/reader.rs:138)
10.259216 [INFO ] NEW SENTENCE (blinky src/gps/reader.rs:106)
10.354949 [INFO ] parsing gps (blinky blinky/src/main.rs:74)
10.354980 [INFO ] NO SIGNAL AT ALL (blinky blinky/src/main.rs:104)
10.355224 [INFO ] N (blinky src/gps/reader.rs:138)
10.355407 [INFO ] S (blinky src/gps/reader.rs:138)
10.355560 [INFO ] A (blinky src/gps/reader.rs:138)
10.355743 [INFO ] A (blinky src/gps/reader.rs:138)
10.355926 [INFO ] , (blinky src/gps/reader.rs:138)
10.455078 [INFO ] parsing gps (blinky blinky/src/main.rs:74)
10.455108 [INFO ] NO SIGNAL AT ALL (blinky blinky/src/main.rs:104)
11.237243 [INFO ] . (blinky src/gps/reader.rs:138)
11.237426 [INFO ] 8 (blinky src/gps/reader.rs:138)
11.237640 [INFO ] . (blinky src/gps/reader.rs:138)
11.237884 [INFO ] , (blinky src/gps/reader.rs:138)
11.238128 [INFO ] * (blinky src/gps/reader.rs:138)
11.238281 [INFO ] 2 (blinky src/gps/reader.rs:138)
11.238525 [INFO ] NEW SENTENCE (blinky src/gps/reader.rs:106)
11.255249 [INFO ] parsing gps (blinky blinky/src/main.rs:74)
11.255279 [INFO ] NO SIGNAL AT ALL (blinky blinky/src/main.rs:104)
11.255523 [INFO ] G (blinky src/gps/reader.rs:138)
11.255767 [INFO ] A (blinky src/gps/reader.rs:138)
11.255981 [INFO ] , (blinky src/gps/reader.rs:138)
11.256164 [INFO ] , (blinky src/gps/reader.rs:138)
11.256408 [INFO ] 5 (blinky src/gps/reader.rs:138)
11.256622 [INFO ] 3 (blinky src/gps/reader.rs:138)
11.256866 [INFO ] 2 (blinky src/gps/reader.rs:138)
11.257019 [INFO ] , (blinky src/gps/reader.rs:138)
11.257263 [INFO ] , (blinky src/gps/reader.rs:138)
11.257507 [INFO ] 1 (blinky src/gps/reader.rs:138)
11.257720 [INFO ] 2 (blinky src/gps/reader.rs:138)
11.257904 [INFO ] , (blinky src/gps/reader.rs:138)
11.258148 [INFO ] 6 (blinky src/gps/reader.rs:138)
11.258361 [INFO ] RETURN (blinky src/gps/reader.rs:133)
11.258483 [INFO ] NEW SENTENCE (blinky src/gps/reader.rs:106)
11.355377 [INFO ] parsing gps (blinky blinky/src/main.rs:74)
11.355407 [INFO ] NO SIGNAL AT ALL (blinky blinky/src/main.rs:104)
11.355651 [INFO ] G (blinky src/gps/reader.rs:138)
11.355834 [INFO ] S (blinky src/gps/reader.rs:138)
11.355987 [INFO ] , (blinky src/gps/reader.rs:138)
11.356170 [INFO ] 3 (blinky src/gps/reader.rs:138)
11.356353 [INFO ] , (blinky src/gps/reader.rs:138)
11.455505 [INFO ] parsing gps (blinky blinky/src/main.rs:74)
11.455535 [INFO ] NO SIGNAL AT ALL (blinky blinky/src/main.rs:104)
