0.247436 [INFO ] got full sentence: $GNZDA,220737.000,07,09,2025,,*40 (blinky src/gps/reader.rs:157)
1.178924 [INFO ] got full sentence: $GNGGA,220738.000,3548.7141,N,07847.4121,W,1,21,0.68,136.6,M,-33.0,M,,*4D (blinky src/gps/reader.rs:157)
2.270904 [INFO ] got full sentence: $GNZDA,220739.000,07,09,2025,,*4E (blinky src/gps/reader.rs:157)
3.167083 [INFO ] got full sentence: $GNGGA,220740.000,3548.7140,N,07847.4121,W,1,21,0.68,136.6,M,-33.0,M,,*43 (blinky src/gps/reader.rs:157)
3.254394 [INFO ] got full sentence: $GNZDA,220740.000,07,09,2025,,*40 (blinky src/gps/reader.rs:157)
5.274688 [INFO ] got full sentence: $GNZDA,220742.000,07,09,2025,,*42 (blinky src/gps/reader.rs:157)
6.183990 [INFO ] got full sentence: $GNGGA,220743.000,3548.7141,N,07847.4121,W,1,21,0.68,136.6,M,-33.0,M,,*41 (blinky src/gps/reader.rs:157)
7.259643 [INFO ] got full sentence: $GNZDA,220744.000,07,09,2025,,*44 (blinky src/gps/reader.rs:157)
8.192687 [INFO ] got full sentence: $GNGGA,220745.000,3548.7141,N,07847.4121,W,1,21,0.68,136.6,M,-33.0,M,,*47 (blinky src/gps/reader.rs:157)
9.272979 [INFO ] got full sentence: $GNZDA,220746.000,07,09,2025,,*46 (blinky src/gps/reader.rs:157)
10.184204 [INFO ] got full sentence: $GNGGA,220747.000,3548.7141,N,07847.4121,W,1,20,0.74,136.6,M,-33.0,M,,*49 (blinky src/gps/reader.rs:157)
12.278961 [INFO ] got full sentence: $GNZDA,220749.000,07,09,2025,,*49 (blinky src/gps/reader.rs:157)
13.176666 [INFO ] got full sentence: $GNGGA,220750.000,3548.7141,N,07847.4121,W,1,21,0.68,136.5,M,-33.0,M,,*40 (blinky src/gps/reader.rs:157)
14.226928 [INFO ] got full sentence: $GNGGA,4,201,21,03,44,280,30,1*67 (blinky src/gps/reader.rs:157)
14.285614 [INFO ] got full sentence: $GNZDA,220751.000,07,09,2025,,*40 (blinky src/gps/reader.rs:157)
15.192810 [INFO ] got full sentence: $GNGGA,220752.000,3548.7141,N,07847.4121,W,1,21,0.68,136.5,M,-33.0,M,,*42 (blinky src/gps/reader.rs:157)
16.284393 [INFO ] got full sentence: $GNZDA,220753.000,07,09,2025,,*42 (blinky src/gps/reader.rs:157)
17.198303 [INFO ] got full sentence: $GNGGA,220754.000,3548.7141,N,07847.4121,W,1,20,0.71,136.4,M,-33.0,M,,*4C (blinky src/gps/reader.rs:157)
19.285064 [INFO ] got full sentence: $GNZDA,220756.000,07,09,2025,,*47 (blinky src/gps/reader.rs:157)
21.290863 [INFO ] got full sentence: $GNZDA,220758.000,07,09,2025,,*49 (blinky src/gps/reader.rs:157)
22.202911 [INFO ] got full sentence: $GNGGA,220759.000,3548.7141,N,07847.4120,W,1,21,0.68,136.3,M,-33.0,M,,*4E (blinky src/gps/reader.rs:157)
23.311492 [INFO ] got full sentence: $GNZDA,220800.000,07,09,2025,,*4B (blinky src/gps/reader.rs:157)
24.207550 [INFO ] got full sentence: $GNGGA,220801.000,3548.7141,N,07847.4120,W,1,21,0.68,136.3,M,-33.0,M,,*4C (blinky src/gps/reader.rs:157)
25.297149 [INFO ] got full sentence: $GNZDA,220802.000,07,09,2025,,*49 (blinky src/gps/reader.rs:157)
26.217010 [INFO ] got full sentence: $GNGGA,220803.000,3548.7142,N,07847.4120,W,1,21,0.68,136.3,M,-33.0,M,,*4D (blinky src/gps/reader.rs:157)
28.300048 [INFO ] got full sentence: $GNZDA,220805.000,07,09,2025,,*4E (blinky src/gps/reader.rs:157)
29.215362 [INFO ] got full sentence: $GNGGA,220806.000,3548.7141,N,07847.4120,W,1,21,0.68,136.3,M,-33.0,M,,*4B (blinky src/gps/reader.rs:157)
30.303588 [INFO ] got full sentence: $GNZDA,220807.000,07,09,2025,,*4C (blinky src/gps/reader.rs:157)
31.215698 [INFO ] got full sentence: $GNGGA,220808.000,3548.7141,N,07847.4120,W,1,21,0.68,136.3,M,-33.0,M,,*45 (blinky src/gps/reader.rs:157)
32.307067 [INFO ] got full sentence: $GNZDA,220809.000,07,09,2025,,*42 (blinky src/gps/reader.rs:157)
33.213378 [INFO ] got full sentence: $GNGGA,220810.000,3548.7142,N,07847.4120,W,1,20,0.74,136.3,M,-33.0,M,,*43 (blinky src/gps/reader.rs:157)
Firmware exited unexpectedly: Exception
