0.711975 [INFO ] NEW SENTENCE (blinky src/gps/reader.rs:110)
0.712005 [INFO ] pushing $ (blinky src/gps/reader.rs:121)
0.712066 [INFO ] G (blinky src/gps/reader.rs:142)
0.712158 [INFO ] pushing byte (blinky src/gps/reader.rs:143)
0.712219 [INFO ] N (blinky src/gps/reader.rs:142)
0.712280 [INFO ] pushing byte (blinky src/gps/reader.rs:143)
0.712341 [INFO ] G (blinky src/gps/reader.rs:142)
0.712402 [INFO ] pushing byte (blinky src/gps/reader.rs:143)
0.712463 [INFO ] G (blinky src/gps/reader.rs:142)
0.712524 [INFO ] pushing byte (blinky src/gps/reader.rs:143)
0.712585 [INFO ] A (blinky src/gps/reader.rs:142)
0.712646 [INFO ] pushing byte (blinky src/gps/reader.rs:143)
0.712707 [INFO ] , (blinky src/gps/reader.rs:142)
0.712799 [INFO ] pushing byte (blinky src/gps/reader.rs:143)
0.712829 [INFO ] 1 (blinky src/gps/reader.rs:142)
0.712921 [INFO ] pushing byte (blinky src/gps/reader.rs:143)
0.712982 [INFO ] 8 (blinky src/gps/reader.rs:142)
0.713043 [INFO ] pushing byte (blinky src/gps/reader.rs:143)
0.713104 [INFO ] 0 (blinky src/gps/reader.rs:142)
0.713165 [INFO ] pushing byte (blinky src/gps/reader.rs:143)
0.713226 [INFO ] 7 (blinky src/gps/reader.rs:142)
0.713287 [INFO ] pushing byte (blinky src/gps/reader.rs:143)
0.713348 [INFO ] 3 (blinky src/gps/reader.rs:142)
0.713409 [INFO ] pushing byte (blinky src/gps/reader.rs:143)
0.713500 [INFO ] . (blinky src/gps/reader.rs:142)
0.713562 [INFO ] pushing byte (blinky src/gps/reader.rs:143)
0.713623 [INFO ] 0 (blinky src/gps/reader.rs:142)
0.713684 [INFO ] pushing byte (blinky src/gps/reader.rs:143)
0.713745 [INFO ] 9 (blinky src/gps/reader.rs:142)
0.713806 [INFO ] pushing byte (blinky src/gps/reader.rs:143)
0.713867 [INFO ] 9 (blinky src/gps/reader.rs:142)
0.713958 [INFO ] pushing byte (blinky src/gps/reader.rs:143)
0.714019 [INFO ] , (blinky src/gps/reader.rs:142)
0.714080 [INFO ] pushing byte (blinky src/gps/reader.rs:143)
0.714141 [INFO ] , (blinky src/gps/reader.rs:142)
0.714202 [INFO ] pushing byte (blinky src/gps/reader.rs:143)
0.714263 [INFO ] , (blinky src/gps/reader.rs:142)
0.714355 [INFO ] pushing byte (blinky src/gps/reader.rs:143)
0.714416 [INFO ] 0 (blinky src/gps/reader.rs:142)
0.714477 [INFO ] pushing byte (blinky src/gps/reader.rs:143)
0.714538 [INFO ] , (blinky src/gps/reader.rs:142)
0.714599 [INFO ] pushing byte (blinky src/gps/reader.rs:143)
0.714660 [INFO ] , (blinky src/gps/reader.rs:142)
0.714752 [INFO ] pushing byte (blinky src/gps/reader.rs:143)
0.714782 [INFO ] , (blinky src/gps/reader.rs:142)
0.714874 [INFO ] pushing byte (blinky src/gps/reader.rs:143)
0.714935 [INFO ] M (blinky src/gps/reader.rs:142)
0.714996 [INFO ] pushing byte (blinky src/gps/reader.rs:143)
0.715057 [INFO ] M (blinky src/gps/reader.rs:142)
0.715148 [INFO ] pushing byte (blinky src/gps/reader.rs:143)
0.715179 [INFO ] , (blinky src/gps/reader.rs:142)
0.715270 [INFO ] pushing byte (blinky src/gps/reader.rs:143)
0.715332 [INFO ] , (blinky src/gps/reader.rs:142)
0.715393 [INFO ] pushing byte (blinky src/gps/reader.rs:143)
0.715454 [INFO ] 5 (blinky src/gps/reader.rs:142)
0.715545 [INFO ] pushing byte (blinky src/gps/reader.rs:143)
0.715606 [INFO ] END OF SENTENCE (blinky src/gps/reader.rs:125)
0.715698 [ERROR] panicked at src/gps/reader.rs:104:36:
index out of bounds: the len is 0 but the index is 0 (panic_probe panic-probe-1.0.0/src/lib.rs:104)
Firmware exited unexpectedly: Exception
