
21.747253 [INFO ] NEW SENTENCE (blinky src/gps/reader.rs:110)
21.747375 [INFO ] P (blinky src/gps/reader.rs:142)
21.747497 [INFO ] A (blinky src/gps/reader.rs:142)
21.747650 [INFO ] I (blinky src/gps/reader.rs:142)
21.747772 [INFO ] R (blinky src/gps/reader.rs:142)
21.747924 [INFO ] 0 (blinky src/gps/reader.rs:142)
21.748046 [INFO ] 0 (blinky src/gps/reader.rs:142)
21.748168 [INFO ] 1 (blinky src/gps/reader.rs:142)
21.748321 [INFO ] , (blinky src/gps/reader.rs:142)
21.748443 [INFO ] 0 (blinky src/gps/reader.rs:142)
21.748596 [INFO ] 2 (blinky src/gps/reader.rs:142)
21.748748 [INFO ] , (blinky src/gps/reader.rs:142)
21.748870 [INFO ] 1 (blinky src/gps/reader.rs:142)
21.749023 [INFO ] * (blinky src/gps/reader.rs:142)
21.749145 [INFO ] 3 (blinky src/gps/reader.rs:142)
21.749267 [INFO ] END OF SENTENCE (blinky src/gps/reader.rs:125)
21.749603 [INFO ] RETURN (blinky src/gps/reader.rs:137)
21.752288 [INFO ] NEW SENTENCE (blinky src/gps/reader.rs:110)
21.752410 [INFO ] P (blinky src/gps/reader.rs:142)
21.752532 [INFO ] A (blinky src/gps/reader.rs:142)
21.752655 [INFO ] I (blinky src/gps/reader.rs:142)
21.752807 [INFO ] R (blinky src/gps/reader.rs:142)
21.752929 [INFO ] 0 (blinky src/gps/reader.rs:142)
21.753082 [INFO ] 0 (blinky src/gps/reader.rs:142)
21.753204 [INFO ] 1 (blinky src/gps/reader.rs:142)
21.753326 [INFO ] , (blinky src/gps/reader.rs:142)
21.753479 [INFO ] 0 (blinky src/gps/reader.rs:142)
21.753631 [INFO ] 1 (blinky src/gps/reader.rs:142)
21.753753 [INFO ] , (blinky src/gps/reader.rs:142)
21.753906 [INFO ] 0 (blinky src/gps/reader.rs:142)
21.754058 [INFO ] 3 (blinky src/gps/reader.rs:142)
21.754180 [INFO ] END OF SENTENCE (blinky src/gps/reader.rs:125)
21.801849 [INFO ] parsing gps (blinky blinky/src/main.rs:74)
21.801879 [INFO ] NO SIGNAL AT ALL (blinky blinky/src/main.rs:104)
21.802001 [INFO ] NEW SENTENCE (blinky src/gps/reader.rs:110)
21.802124 [INFO ] P (blinky src/gps/reader.rs:142)
21.802246 [INFO ] I (blinky src/gps/reader.rs:142)
21.802398 [INFO ] R (blinky src/gps/reader.rs:142)
21.802520 [INFO ] 0 (blinky src/gps/reader.rs:142)
21.901977 [INFO ] parsing gps (blinky blinky/src/main.rs:74)
21.902008 [INFO ] NO SIGNAL AT ALL (blinky blinky/src/main.rs:104)
21.985595 [INFO ] NEW SENTENCE (blinky src/gps/reader.rs:110)
21.985748 [INFO ] P (blinky src/gps/reader.rs:142)
21.985870 [INFO ] A (blinky src/gps/reader.rs:142)
21.986022 [INFO ] I (blinky src/gps/reader.rs:142)
21.986145 [INFO ] R (blinky src/gps/reader.rs:142)
21.986297 [INFO ] 0 (blinky src/gps/reader.rs:142)
21.986419 [INFO ] 1 (blinky src/gps/reader.rs:142)
21.986541 [INFO ] 1 (blinky src/gps/reader.rs:142)
21.986694 [INFO ] , (blinky src/gps/reader.rs:142)
21.986846 [INFO ] 0 (blinky src/gps/reader.rs:142)
21.986968 [INFO ] 1 (blinky src/gps/reader.rs:142)
21.987121 [INFO ] * (blinky src/gps/reader.rs:142)
21.987274 [INFO ] 7 (blinky src/gps/reader.rs:142)
21.987396 [INFO ] RETURN (blinky src/gps/reader.rs:137)
21.987457 [INFO ] NEW SENTENCE (blinky src/gps/reader.rs:110)
22.002105 [INFO ] parsing gps (blinky blinky/src/main.rs:74)
22.002136 [INFO ] NO SIGNAL AT ALL (blinky blinky/src/main.rs:104)
22.002319 [INFO ] A (blinky src/gps/reader.rs:142)
22.002441 [INFO ] R (blinky src/gps/reader.rs:142)
22.002593 [INFO ] 0 (blinky src/gps/reader.rs:142)
22.002716 [INFO ] 0 (blinky src/gps/reader.rs:142)
22.002868 [INFO ] 2 (blinky src/gps/reader.rs:142)
22.002990 [INFO ] , (blinky src/gps/reader.rs:142)
22.003143 [INFO ] , (blinky src/gps/reader.rs:142)
22.003295 [INFO ] 1 (blinky src/gps/reader.rs:142)
22.003417 [INFO ] 5 (blinky src/gps/reader.rs:142)
22.003570 [INFO ] . (blinky src/gps/reader.rs:142)
22.003723 [INFO ] , (blinky src/gps/reader.rs:142)
22.003845 [INFO ] - (blinky src/gps/reader.rs:142)
22.003967 [INFO ] 1 (blinky src/gps/reader.rs:142)
22.004119 [INFO ] . (blinky src/gps/reader.rs:142)
22.004272 [INFO ] 8 (blinky src/gps/reader.rs:142)
22.004394 [INFO ] , (blinky src/gps/reader.rs:142)
22.004547 [INFO ] 1 (blinky src/gps/reader.rs:142)
22.004699 [INFO ] . (blinky src/gps/reader.rs:142)
22.004821 [INFO ] 0 (blinky src/gps/reader.rs:142)
22.004974 [INFO ] , (blinky src/gps/reader.rs:142)
22.005096 [INFO ] 1 (blinky src/gps/reader.rs:142)
22.005249 [INFO ] 5 (blinky src/gps/reader.rs:142)
22.005371 [INFO ] . (blinky src/gps/reader.rs:142)
22.005523 [INFO ] , (blinky src/gps/reader.rs:142)
22.005676 [INFO ] 0 (blinky src/gps/reader.rs:142)
22.005798 [INFO ] , (blinky src/gps/reader.rs:142)
22.005950 [INFO ] , (blinky src/gps/reader.rs:142)
22.006072 [INFO ] # (blinky src/gps/reader.rs:142)
22.006225 [INFO ] , (blinky src/gps/reader.rs:142)
22.006378 [INFO ] , (blinky src/gps/reader.rs:142)
22.006500 [INFO ] * (blinky src/gps/reader.rs:142)
22.006652 [INFO ] 4 (blinky src/gps/reader.rs:142)
22.006774 [INFO ] 8 (blinky src/gps/reader.rs:142)
22.006896 [INFO ] END OF SENTENCE (blinky src/gps/reader.rs:125)
22.102233 [INFO ] parsing gps (blinky blinky/src/main.rs:74)
22.102264 [INFO ] NO SIGNAL AT ALL (blinky blinky/src/main.rs:104)
22.102386 [INFO ] SENTENCE NOT EMPTY, MISSING PUSH FOR CHAR. G (blinky src/gps/reader.rs:146)
22.102478 [INFO ] SENTENCE NOT EMPTY, MISSING PUSH FOR CHAR. N (blinky src/gps/reader.rs:146)
22.102569 [INFO ] SENTENCE NOT EMPTY, MISSING PUSH FOR CHAR. G (blinky src/gps/reader.rs:146)
22.102630 [INFO ] SENTENCE NOT EMPTY, MISSING PUSH FOR CHAR. G (blinky src/gps/reader.rs:146)
22.102722 [INFO ] SENTENCE NOT EMPTY, MISSING PUSH FOR CHAR. A (blinky src/gps/reader.rs:146)
22.202362 [INFO ] parsing gps (blinky blinky/src/main.rs:74)
22.202392 [INFO ] NO SIGNAL AT ALL (blinky blinky/src/main.rs:104)
23.012207 [INFO ] NEW SENTENCE (blinky src/gps/reader.rs:110)
23.012329 [INFO ] G (blinky src/gps/reader.rs:142)
23.012451 [INFO ] N (blinky src/gps/reader.rs:142)
23.012603 [INFO ] G (blinky src/gps/reader.rs:142)
23.012725 [INFO ] G (blinky src/gps/reader.rs:142)
23.012847 [INFO ] A (blinky src/gps/reader.rs:142)
23.013000 [INFO ] , (blinky src/gps/reader.rs:142)
23.013122 [INFO ] 2 (blinky src/gps/reader.rs:142)
23.013275 [INFO ] 3 (blinky src/gps/reader.rs:142)
23.013397 [INFO ] 5 (blinky src/gps/reader.rs:142)
23.013549 [INFO ] 4 (blinky src/gps/reader.rs:142)
23.013702 [INFO ] 3 (blinky src/gps/reader.rs:142)
23.013824 [INFO ] . (blinky src/gps/reader.rs:142)
23.013977 [INFO ] 1 (blinky src/gps/reader.rs:142)
23.014099 [INFO ] , (blinky src/gps/reader.rs:142)
23.014251 [INFO ] , (blinky src/gps/reader.rs:142)
23.014373 [INFO ] , (blinky src/gps/reader.rs:142)
23.014526 [INFO ] 0 (blinky src/gps/reader.rs:142)
23.014678 [INFO ] , (blinky src/gps/reader.rs:142)
23.014801 [INFO ] 0 (blinky src/gps/reader.rs:142)
23.014953 [INFO ] , (blinky src/gps/reader.rs:142)
23.015075 [INFO ] M (blinky src/gps/reader.rs:142)
23.015228 [INFO ] , (blinky src/gps/reader.rs:142)
23.015380 [INFO ] M (blinky src/gps/reader.rs:142)
23.015502 [INFO ] , (blinky src/gps/reader.rs:142)
23.015655 [INFO ] * (blinky src/gps/reader.rs:142)
23.015808 [INFO ] F (blinky src/gps/reader.rs:142)
23.015930 [INFO ] RETURN (blinky src/gps/reader.rs:137)
23.015991 [INFO ] NEW SENTENCE (blinky src/gps/reader.rs:110)
23.016265 [INFO ] N (blinky src/gps/reader.rs:142)
23.016418 [INFO ] L (blinky src/gps/reader.rs:142)
23.016540 [INFO ] L (blinky src/gps/reader.rs:142)
23.016693 [INFO ] , (blinky src/gps/reader.rs:142)
23.016845 [INFO ] , (blinky src/gps/reader.rs:142)
23.016967 [INFO ] , (blinky src/gps/reader.rs:142)
23.017120 [INFO ] 3 (blinky src/gps/reader.rs:142)
23.017242 [INFO ] 9 (blinky src/gps/reader.rs:142)
23.017395 [INFO ] 4 (blinky src/gps/reader.rs:142)
23.017547 [INFO ] . (blinky src/gps/reader.rs:142)
23.017669 [INFO ] 1 (blinky src/gps/reader.rs:142)
23.017822 [INFO ] 2 (blinky src/gps/reader.rs:142)
23.017974 [INFO ] V (blinky src/gps/reader.rs:142)
23.018096 [INFO ] N (blinky src/gps/reader.rs:142)
23.018218 [INFO ] * (blinky src/gps/reader.rs:142)
23.018371 [INFO ] 6 (blinky src/gps/reader.rs:142)
23.018524 [INFO ] RETURN (blinky src/gps/reader.rs:137)
23.018585 [INFO ] NEW SENTENCE (blinky src/gps/reader.rs:110)
23.102539 [INFO ] parsing gps (blinky blinky/src/main.rs:74)
23.102569 [INFO ] NO SIGNAL AT ALL (blinky blinky/src/main.rs:104)
23.102752 [INFO ] N (blinky src/gps/reader.rs:142)
23.102874 [INFO ] G (blinky src/gps/reader.rs:142)
23.102996 [INFO ] A (blinky src/gps/reader.rs:142)
23.103149 [INFO ] , (blinky src/gps/reader.rs:142)
23.103271 [INFO ] A (blinky src/gps/reader.rs:142)
23.202667 [INFO ] parsing gps (blinky blinky/src/main.rs:74)
23.202697 [INFO ] NO SIGNAL AT ALL (blinky blinky/src/main.rs:104)
24.012634 [INFO ] NEW SENTENCE (blinky src/gps/reader.rs:110)
24.012786 [INFO ] G (blinky src/gps/reader.rs:142)
24.012908 [INFO ] N (blinky src/gps/reader.rs:142)
24.013061 [INFO ] G (blinky src/gps/reader.rs:142)
24.013183 [INFO ] G (blinky src/gps/reader.rs:142)
24.013305 [INFO ] A (blinky src/gps/reader.rs:142)
24.013458 [INFO ] , (blinky src/gps/reader.rs:142)
24.013580 [INFO ] 2 (blinky src/gps/reader.rs:142)
24.013732 [INFO ] 3 (blinky src/gps/reader.rs:142)
24.013885 [INFO ] 9 (blinky src/gps/reader.rs:142)
24.014007 [INFO ] 4 (blinky src/gps/reader.rs:142)
24.014160 [INFO ] 4 (blinky src/gps/reader.rs:142)
24.014282 [INFO ] 0 (blinky src/gps/reader.rs:142)
24.014434 [INFO ] 2 (blinky src/gps/reader.rs:142)
24.014556 [INFO ] , (blinky src/gps/reader.rs:142)
24.014709 [INFO ] , (blinky src/gps/reader.rs:142)
24.014862 [INFO ] , (blinky src/gps/reader.rs:142)
24.014984 [INFO ] 0 (blinky src/gps/reader.rs:142)
24.015136 [INFO ] , (blinky src/gps/reader.rs:142)
24.015289 [INFO ] , (blinky src/gps/reader.rs:142)
24.015411 [INFO ] , (blinky src/gps/reader.rs:142)
24.015533 [INFO ] M (blinky src/gps/reader.rs:142)
24.015686 [INFO ] , (blinky src/gps/reader.rs:142)
24.015838 [INFO ] , (blinky src/gps/reader.rs:142)
24.015960 [INFO ] , (blinky src/gps/reader.rs:142)
24.016113 [INFO ] 5 (blinky src/gps/reader.rs:142)
24.016265 [INFO ] END OF SENTENCE (blinky src/gps/reader.rs:125)
24.102844 [INFO ] parsing gps (blinky blinky/src/main.rs:74)
24.102874 [INFO ] NO SIGNAL AT ALL (blinky blinky/src/main.rs:104)
24.102996 [INFO ] NEW SENTENCE (blinky src/gps/reader.rs:110)
24.103118 [INFO ] G (blinky src/gps/reader.rs:142)
24.103240 [INFO ] G (blinky src/gps/reader.rs:142)
24.103393 [INFO ] L (blinky src/gps/reader.rs:142)
24.103515 [INFO ] L (blinky src/gps/reader.rs:142)
24.202972 [INFO ] parsing gps (blinky blinky/src/main.rs:74)
24.203002 [INFO ] NO SIGNAL AT ALL (blinky blinky/src/main.rs:104)
25.014312 [INFO ] NEW SENTENCE (blinky src/gps/reader.rs:110)
25.014465 [INFO ] G (blinky src/gps/reader.rs:142)
25.014587 [INFO ] N (blinky src/gps/reader.rs:142)
25.014739 [INFO ] G (blinky src/gps/reader.rs:142)
25.014862 [INFO ] G (blinky src/gps/reader.rs:142)
25.014984 [INFO ] A (blinky src/gps/reader.rs:142)
25.015136 [INFO ] , (blinky src/gps/reader.rs:142)
25.015258 [INFO ] 2 (blinky src/gps/reader.rs:142)
25.015411 [INFO ] 3 (blinky src/gps/reader.rs:142)
25.015563 [INFO ] 9 (blinky src/gps/reader.rs:142)
25.015686 [INFO ] 4 (blinky src/gps/reader.rs:142)
25.015838 [INFO ] 5 (blinky src/gps/reader.rs:142)
25.015991 [INFO ] 0 (blinky src/gps/reader.rs:142)
25.016113 [INFO ] 2 (blinky src/gps/reader.rs:142)
25.016235 [INFO ] , (blinky src/gps/reader.rs:142)
25.016387 [INFO ] , (blinky src/gps/reader.rs:142)
25.016540 [INFO ] , (blinky src/gps/reader.rs:142)
25.016662 [INFO ] 0 (blinky src/gps/reader.rs:142)
25.016815 [INFO ] , (blinky src/gps/reader.rs:142)
25.016967 [INFO ] , (blinky src/gps/reader.rs:142)
25.017089 [INFO ] , (blinky src/gps/reader.rs:142)
25.017211 [INFO ] M (blinky src/gps/reader.rs:142)
25.017364 [INFO ] , (blinky src/gps/reader.rs:142)
25.017517 [INFO ] , (blinky src/gps/reader.rs:142)
25.017639 [INFO ] , (blinky src/gps/reader.rs:142)
25.017791 [INFO ] 5 (blinky src/gps/reader.rs:142)
25.017944 [INFO ] END OF SENTENCE (blinky src/gps/reader.rs:125)
25.103149 [INFO ] parsing gps (blinky blinky/src/main.rs:74)
25.103179 [INFO ] NO SIGNAL AT ALL (blinky blinky/src/main.rs:104)
25.103302 [INFO ] NEW SENTENCE (blinky src/gps/reader.rs:110)
25.103424 [INFO ] G (blinky src/gps/reader.rs:142)
25.103546 [INFO ] G (blinky src/gps/reader.rs:142)
25.103698 [INFO ] L (blinky src/gps/reader.rs:142)
25.103820 [INFO ] L (blinky src/gps/reader.rs:142)
25.203277 [INFO ] parsing gps (blinky blinky/src/main.rs:74)
25.203308 [INFO ] NO SIGNAL AT ALL (blinky blinky/src/main.rs:104)
26.015441 [INFO ] NEW SENTENCE (blinky src/gps/reader.rs:110)
26.015594 [INFO ] G (blinky src/gps/reader.rs:142)
26.015747 [INFO ] N (blinky src/gps/reader.rs:142)
26.015869 [INFO ] G (blinky src/gps/reader.rs:142)
26.016021 [INFO ] G (blinky src/gps/reader.rs:142)
26.016143 [INFO ] A (blinky src/gps/reader.rs:142)
26.016296 [INFO ] , (blinky src/gps/reader.rs:142)
26.016418 [INFO ] 2 (blinky src/gps/reader.rs:142)
26.016540 [INFO ] 3 (blinky src/gps/reader.rs:142)
26.016693 [INFO ] 9 (blinky src/gps/reader.rs:142)
26.016845 [INFO ] 4 (blinky src/gps/reader.rs:142)
26.016967 [INFO ] 6 (blinky src/gps/reader.rs:142)
26.017120 [INFO ] 0 (blinky src/gps/reader.rs:142)
26.017272 [INFO ] 1 (blinky src/gps/reader.rs:142)
26.017395 [INFO ] , (blinky src/gps/reader.rs:142)
26.017517 [INFO ] , (blinky src/gps/reader.rs:142)
26.017669 [INFO ] , (blinky src/gps/reader.rs:142)
26.017822 [INFO ] 0 (blinky src/gps/reader.rs:142)
26.017944 [INFO ] , (blinky src/gps/reader.rs:142)
26.018096 [INFO ] , (blinky src/gps/reader.rs:142)
26.018218 [INFO ] , (blinky src/gps/reader.rs:142)
26.018341 [INFO ] M (blinky src/gps/reader.rs:142)
26.018493 [INFO ] , (blinky src/gps/reader.rs:142)
26.018646 [INFO ] , (blinky src/gps/reader.rs:142)
26.018768 [INFO ] , (blinky src/gps/reader.rs:142)
26.018920 [INFO ] * (blinky src/gps/reader.rs:142)
26.019073 [INFO ] 9 (blinky src/gps/reader.rs:142)
26.019195 [INFO ] RETURN (blinky src/gps/reader.rs:137)
26.019256 [INFO ] NEW SENTENCE (blinky src/gps/reader.rs:110)
26.103454 [INFO ] parsing gps (blinky blinky/src/main.rs:74)
26.103485 [INFO ] NO SIGNAL AT ALL (blinky blinky/src/main.rs:104)
26.103668 [INFO ] N (blinky src/gps/reader.rs:142)
26.103790 [INFO ] L (blinky src/gps/reader.rs:142)
26.103912 [INFO ] L (blinky src/gps/reader.rs:142)
26.104064 [INFO ] , (blinky src/gps/reader.rs:142)
26.104187 [INFO ] , (blinky src/gps/reader.rs:142)
26.203582 [INFO ] parsing gps (blinky blinky/src/main.rs:74)
26.203613 [INFO ] NO SIGNAL AT ALL (blinky blinky/src/main.rs:104)
27.018585 [INFO ] NEW SENTENCE (blinky src/gps/reader.rs:110)
27.018737 [INFO ] G (blinky src/gps/reader.rs:142)
27.018890 [INFO ] N (blinky src/gps/reader.rs:142)
27.019012 [INFO ] G (blinky src/gps/reader.rs:142)
27.019134 [INFO ] G (blinky src/gps/reader.rs:142)
27.019287 [INFO ] A (blinky src/gps/reader.rs:142)
27.019409 [INFO ] , (blinky src/gps/reader.rs:142)
27.019561 [INFO ] 2 (blinky src/gps/reader.rs:142)
27.019683 [INFO ] 3 (blinky src/gps/reader.rs:142)
27.019836 [INFO ] 9 (blinky src/gps/reader.rs:142)
27.019989 [INFO ] 4 (blinky src/gps/reader.rs:142)
27.020111 [INFO ] 7 (blinky src/gps/reader.rs:142)
27.020263 [INFO ] 0 (blinky src/gps/reader.rs:142)
27.020385 [INFO ] 2 (blinky src/gps/reader.rs:142)
27.020538 [INFO ] , (blinky src/gps/reader.rs:142)
27.020660 [INFO ] , (blinky src/gps/reader.rs:142)
27.020812 [INFO ] , (blinky src/gps/reader.rs:142)
27.020965 [INFO ] 0 (blinky src/gps/reader.rs:142)
27.021087 [INFO ] , (blinky src/gps/reader.rs:142)
27.021240 [INFO ] , (blinky src/gps/reader.rs:142)
27.021362 [INFO ] , (blinky src/gps/reader.rs:142)
27.021514 [INFO ] M (blinky src/gps/reader.rs:142)
27.021667 [INFO ] , (blinky src/gps/reader.rs:142)
27.021789 [INFO ] , (blinky src/gps/reader.rs:142)
27.021942 [INFO ] , (blinky src/gps/reader.rs:142)
27.022094 [INFO ] 5 (blinky src/gps/reader.rs:142)
27.022216 [INFO ] END OF SENTENCE (blinky src/gps/reader.rs:125)
27.103759 [INFO ] parsing gps (blinky blinky/src/main.rs:74)
27.103790 [INFO ] NO SIGNAL AT ALL (blinky blinky/src/main.rs:104)
27.103912 [INFO ] NEW SENTENCE (blinky src/gps/reader.rs:110)
27.104034 [INFO ] G (blinky src/gps/reader.rs:142)
27.104156 [INFO ] G (blinky src/gps/reader.rs:142)
27.104309 [INFO ] L (blinky src/gps/reader.rs:142)
27.104431 [INFO ] L (blinky src/gps/reader.rs:142)
27.203887 [INFO ] parsing gps (blinky blinky/src/main.rs:74)
27.203918 [INFO ] NO SIGNAL AT ALL (blinky blinky/src/main.rs:104)
28.017974 [INFO ] NEW SENTENCE (blinky src/gps/reader.rs:110)
28.018157 [INFO ] G (blinky src/gps/reader.rs:142)
28.018280 [INFO ] N (blinky src/gps/reader.rs:142)
28.018402 [INFO ] G (blinky src/gps/reader.rs:142)
28.018554 [INFO ] G (blinky src/gps/reader.rs:142)
28.018676 [INFO ] A (blinky src/gps/reader.rs:142)
28.018829 [INFO ] , (blinky src/gps/reader.rs:142)
28.018951 [INFO ] 2 (blinky src/gps/reader.rs:142)
28.019104 [INFO ] 3 (blinky src/gps/reader.rs:142)
28.019256 [INFO ] 9 (blinky src/gps/reader.rs:142)
28.019378 [INFO ] 4 (blinky src/gps/reader.rs:142)
28.019500 [INFO ] 8 (blinky src/gps/reader.rs:142)
28.019653 [INFO ] 0 (blinky src/gps/reader.rs:142)
28.019805 [INFO ] 2 (blinky src/gps/reader.rs:142)
28.019927 [INFO ] , (blinky src/gps/reader.rs:142)
28.020080 [INFO ] , (blinky src/gps/reader.rs:142)
28.020233 [INFO ] , (blinky src/gps/reader.rs:142)
28.020355 [INFO ] 0 (blinky src/gps/reader.rs:142)
28.020477 [INFO ] , (blinky src/gps/reader.rs:142)
28.020629 [INFO ] , (blinky src/gps/reader.rs:142)
28.020782 [INFO ] , (blinky src/gps/reader.rs:142)
28.020904 [INFO ] M (blinky src/gps/reader.rs:142)
28.021057 [INFO ] , (blinky src/gps/reader.rs:142)
28.021209 [INFO ] , (blinky src/gps/reader.rs:142)
28.021331 [INFO ] , (blinky src/gps/reader.rs:142)
28.021484 [INFO ] 5 (blinky src/gps/reader.rs:142)
28.021606 [INFO ] END OF SENTENCE (blinky src/gps/reader.rs:125)
28.104064 [INFO ] parsing gps (blinky blinky/src/main.rs:74)
28.104095 [INFO ] NO SIGNAL AT ALL (blinky blinky/src/main.rs:104)
28.104217 [INFO ] NEW SENTENCE (blinky src/gps/reader.rs:110)
28.104339 [INFO ] G (blinky src/gps/reader.rs:142)
28.104461 [INFO ] G (blinky src/gps/reader.rs:142)
28.104614 [INFO ] L (blinky src/gps/reader.rs:142)
28.104736 [INFO ] L (blinky src/gps/reader.rs:142)
28.204193 [INFO ] parsing gps (blinky blinky/src/main.rs:74)
28.204223 [INFO ] NO SIGNAL AT ALL (blinky blinky/src/main.rs:104)
29.020202 [INFO ] NEW SENTENCE (blinky src/gps/reader.rs:110)
29.020355 [INFO ] G (blinky src/gps/reader.rs:142)
29.020507 [INFO ] N (blinky src/gps/reader.rs:142)
29.020629 [INFO ] G (blinky src/gps/reader.rs:142)
29.020782 [INFO ] G (blinky src/gps/reader.rs:142)
29.020904 [INFO ] A (blinky src/gps/reader.rs:142)
29.021057 [INFO ] , (blinky src/gps/reader.rs:142)
29.021179 [INFO ] 2 (blinky src/gps/reader.rs:142)
29.021301 [INFO ] 3 (blinky src/gps/reader.rs:142)
29.021453 [INFO ] 9 (blinky src/gps/reader.rs:142)
29.021606 [INFO ] 4 (blinky src/gps/reader.rs:142)
29.021728 [INFO ] 9 (blinky src/gps/reader.rs:142)
29.021881 [INFO ] 0 (blinky src/gps/reader.rs:142)
29.022033 [INFO ] 2 (blinky src/gps/reader.rs:142)
29.022155 [INFO ] , (blinky src/gps/reader.rs:142)
29.022277 [INFO ] , (blinky src/gps/reader.rs:142)
29.022430 [INFO ] , (blinky src/gps/reader.rs:142)
29.022583 [INFO ] 0 (blinky src/gps/reader.rs:142)
29.022705 [INFO ] , (blinky src/gps/reader.rs:142)
29.022857 [INFO ] , (blinky src/gps/reader.rs:142)
29.023010 [INFO ] , (blinky src/gps/reader.rs:142)
29.023132 [INFO ] M (blinky src/gps/reader.rs:142)
29.023284 [INFO ] , (blinky src/gps/reader.rs:142)
29.023406 [INFO ] , (blinky src/gps/reader.rs:142)
29.023559 [INFO ] , (blinky src/gps/reader.rs:142)
29.023712 [INFO ] 5 (blinky src/gps/reader.rs:142)
29.023834 [INFO ] END OF SENTENCE (blinky src/gps/reader.rs:125)
29.104370 [INFO ] parsing gps (blinky blinky/src/main.rs:74)
29.104400 [INFO ] NO SIGNAL AT ALL (blinky blinky/src/main.rs:104)
29.104522 [INFO ] NEW SENTENCE (blinky src/gps/reader.rs:110)
29.104644 [INFO ] G (blinky src/gps/reader.rs:142)
29.104766 [INFO ] G (blinky src/gps/reader.rs:142)
29.104919 [INFO ] L (blinky src/gps/reader.rs:142)
29.105041 [INFO ] L (blinky src/gps/reader.rs:142)
29.204498 [INFO ] parsing gps (blinky blinky/src/main.rs:74)
29.204528 [INFO ] NO SIGNAL AT ALL (blinky blinky/src/main.rs:104)
30.021453 [INFO ] NEW SENTENCE (blinky src/gps/reader.rs:110)
30.021636 [INFO ] G (blinky src/gps/reader.rs:142)
30.021759 [INFO ] N (blinky src/gps/reader.rs:142)
30.021881 [INFO ] G (blinky src/gps/reader.rs:142)
30.022033 [INFO ] G (blinky src/gps/reader.rs:142)
30.022155 [INFO ] A (blinky src/gps/reader.rs:142)
30.022308 [INFO ] , (blinky src/gps/reader.rs:142)
30.022430 [INFO ] 2 (blinky src/gps/reader.rs:142)
30.022583 [INFO ] 3 (blinky src/gps/reader.rs:142)
30.022735 [INFO ] 9 (blinky src/gps/reader.rs:142)
30.022857 [INFO ] 5 (blinky src/gps/reader.rs:142)
30.022979 [INFO ] 0 (blinky src/gps/reader.rs:142)
30.023132 [INFO ] 0 (blinky src/gps/reader.rs:142)
30.023284 [INFO ] 2 (blinky src/gps/reader.rs:142)
30.023406 [INFO ] , (blinky src/gps/reader.rs:142)
30.023559 [INFO ] , (blinky src/gps/reader.rs:142)
30.023712 [INFO ] , (blinky src/gps/reader.rs:142)
30.023834 [INFO ] 0 (blinky src/gps/reader.rs:142)
30.023956 [INFO ] , (blinky src/gps/reader.rs:142)
30.024108 [INFO ] , (blinky src/gps/reader.rs:142)
30.024261 [INFO ] , (blinky src/gps/reader.rs:142)
30.024383 [INFO ] M (blinky src/gps/reader.rs:142)
30.024536 [INFO ] , (blinky src/gps/reader.rs:142)
30.024688 [INFO ] , (blinky src/gps/reader.rs:142)
30.024810 [INFO ] , (blinky src/gps/reader.rs:142)
30.024963 [INFO ] 5 (blinky src/gps/reader.rs:142)
30.025085 [INFO ] END OF SENTENCE (blinky src/gps/reader.rs:125)
30.104675 [INFO ] parsing gps (blinky blinky/src/main.rs:74)
30.104705 [INFO ] NO SIGNAL AT ALL (blinky blinky/src/main.rs:104)
30.104827 [INFO ] NEW SENTENCE (blinky src/gps/reader.rs:110)
30.104949 [INFO ] G (blinky src/gps/reader.rs:142)
30.105072 [INFO ] G (blinky src/gps/reader.rs:142)
30.105224 [INFO ] L (blinky src/gps/reader.rs:142)
30.105346 [INFO ] L (blinky src/gps/reader.rs:142)
30.204803 [INFO ] parsing gps (blinky blinky/src/main.rs:74)
30.204833 [INFO ] NO SIGNAL AT ALL (blinky blinky/src/main.rs:104)
30.242340 [INFO ] NEW SENTENCE (blinky src/gps/reader.rs:110)
30.242492 [INFO ] G (blinky src/gps/reader.rs:142)
30.242645 [INFO ] N (blinky src/gps/reader.rs:142)
30.242767 [INFO ] G (blinky src/gps/reader.rs:142)
30.242919 [INFO ] G (blinky src/gps/reader.rs:142)
30.243041 [INFO ] A (blinky src/gps/reader.rs:142)
30.243194 [INFO ] , (blinky src/gps/reader.rs:142)
30.243316 [INFO ] 2 (blinky src/gps/reader.rs:142)
30.243438 [INFO ] 3 (blinky src/gps/reader.rs:142)
30.243591 [INFO ] 9 (blinky src/gps/reader.rs:142)
30.243743 [INFO ] 5 (blinky src/gps/reader.rs:142)
30.243865 [INFO ] 0 (blinky src/gps/reader.rs:142)
30.244018 [INFO ] 2 (blinky src/gps/reader.rs:142)
30.244171 [INFO ] 2 (blinky src/gps/reader.rs:142)
30.244293 [INFO ] , (blinky src/gps/reader.rs:142)
30.244415 [INFO ] , (blinky src/gps/reader.rs:142)
30.244567 [INFO ] , (blinky src/gps/reader.rs:142)
30.244720 [INFO ] 0 (blinky src/gps/reader.rs:142)
30.244842 [INFO ] , (blinky src/gps/reader.rs:142)
30.244995 [INFO ] , (blinky src/gps/reader.rs:142)
30.245147 [INFO ] , (blinky src/gps/reader.rs:142)
30.245269 [INFO ] M (blinky src/gps/reader.rs:142)
30.245422 [INFO ] , (blinky src/gps/reader.rs:142)
30.245544 [INFO ] , (blinky src/gps/reader.rs:142)
30.245697 [INFO ] , (blinky src/gps/reader.rs:142)
30.245849 [INFO ] 5 (blinky src/gps/reader.rs:142)
30.245971 [INFO ] END OF SENTENCE (blinky src/gps/reader.rs:125)
30.304931 [INFO ] parsing gps (blinky blinky/src/main.rs:74)
30.304962 [INFO ] NO SIGNAL AT ALL (blinky blinky/src/main.rs:104)
30.305084 [INFO ] NEW SENTENCE (blinky src/gps/reader.rs:110)
30.305206 [INFO ] G (blinky src/gps/reader.rs:142)
30.305328 [INFO ] G (blinky src/gps/reader.rs:142)
30.305480 [INFO ] L (blinky src/gps/reader.rs:142)
30.305603 [INFO ] L (blinky src/gps/reader.rs:142)
30.405059 [INFO ] parsing gps (blinky blinky/src/main.rs:74)
30.405090 [INFO ] NO SIGNAL AT ALL (blinky blinky/src/main.rs:104)
31.241027 [INFO ] NEW SENTENCE (blinky src/gps/reader.rs:110)
31.241180 [INFO ] G (blinky src/gps/reader.rs:142)
31.241302 [INFO ] N (blinky src/gps/reader.rs:142)
31.241455 [INFO ] G (blinky src/gps/reader.rs:142)
31.241577 [INFO ] G (blinky src/gps/reader.rs:142)
31.241699 [INFO ] A (blinky src/gps/reader.rs:142)
31.241851 [INFO ] , (blinky src/gps/reader.rs:142)
31.241973 [INFO ] 2 (blinky src/gps/reader.rs:142)
31.242126 [INFO ] 3 (blinky src/gps/reader.rs:142)
31.242279 [INFO ] 9 (blinky src/gps/reader.rs:142)
31.242401 [INFO ] 5 (blinky src/gps/reader.rs:142)
31.242553 [INFO ] 1 (blinky src/gps/reader.rs:142)
31.242706 [INFO ] 2 (blinky src/gps/reader.rs:142)
31.242828 [INFO ] 2 (blinky src/gps/reader.rs:142)
31.242950 [INFO ] , (blinky src/gps/reader.rs:142)
31.243103 [INFO ] , (blinky src/gps/reader.rs:142)
31.243255 [INFO ] , (blinky src/gps/reader.rs:142)
31.243377 [INFO ] 0 (blinky src/gps/reader.rs:142)
31.243530 [INFO ] , (blinky src/gps/reader.rs:142)
31.243682 [INFO ] , (blinky src/gps/reader.rs:142)
31.243804 [INFO ] , (blinky src/gps/reader.rs:142)
31.243927 [INFO ] M (blinky src/gps/reader.rs:142)
31.244079 [INFO ] , (blinky src/gps/reader.rs:142)
31.244232 [INFO ] , (blinky src/gps/reader.rs:142)
31.244354 [INFO ] , (blinky src/gps/reader.rs:142)
31.244506 [INFO ] 5 (blinky src/gps/reader.rs:142)
31.244659 [INFO ] END OF SENTENCE (blinky src/gps/reader.rs:125)
31.305236 [INFO ] parsing gps (blinky blinky/src/main.rs:74)
31.305267 [INFO ] NO SIGNAL AT ALL (blinky blinky/src/main.rs:104)
31.305389 [INFO ] NEW SENTENCE (blinky src/gps/reader.rs:110)
31.305511 [INFO ] G (blinky src/gps/reader.rs:142)
31.305633 [INFO ] G (blinky src/gps/reader.rs:142)
31.305786 [INFO ] L (blinky src/gps/reader.rs:142)
31.305908 [INFO ] L (blinky src/gps/reader.rs:142)
31.405364 [INFO ] parsing gps (blinky blinky/src/main.rs:74)
31.405395 [INFO ] NO SIGNAL AT ALL (blinky blinky/src/main.rs:104)
32.245269 [INFO ] NEW SENTENCE (blinky src/gps/reader.rs:110)
32.245422 [INFO ] G (blinky src/gps/reader.rs:142)
32.245544 [INFO ] N (blinky src/gps/reader.rs:142)
32.245697 [INFO ] G (blinky src/gps/reader.rs:142)
32.245819 [INFO ] G (blinky src/gps/reader.rs:142)
32.245971 [INFO ] A (blinky src/gps/reader.rs:142)
32.246093 [INFO ] , (blinky src/gps/reader.rs:142)
32.246215 [INFO ] 1 (blinky src/gps/reader.rs:142)
32.246368 [INFO ] 8 (blinky src/gps/reader.rs:142)
32.246520 [INFO ] 1 (blinky src/gps/reader.rs:142)
32.246643 [INFO ] 0 (blinky src/gps/reader.rs:142)
32.246795 [INFO ] 8 (blinky src/gps/reader.rs:142)
32.246948 [INFO ] 1 (blinky src/gps/reader.rs:142)
32.247070 [INFO ] 7 (blinky src/gps/reader.rs:142)
32.247192 [INFO ] , (blinky src/gps/reader.rs:142)
32.247344 [INFO ] , (blinky src/gps/reader.rs:142)
32.247497 [INFO ] , (blinky src/gps/reader.rs:142)
32.247619 [INFO ] 0 (blinky src/gps/reader.rs:142)
32.247772 [INFO ] , (blinky src/gps/reader.rs:142)
32.247924 [INFO ] , (blinky src/gps/reader.rs:142)
32.248046 [INFO ] , (blinky src/gps/reader.rs:142)
32.248199 [INFO ] M (blinky src/gps/reader.rs:142)
32.248321 [INFO ] , (blinky src/gps/reader.rs:142)
32.248474 [INFO ] , (blinky src/gps/reader.rs:142)
32.248596 [INFO ] , (blinky src/gps/reader.rs:142)
32.248748 [INFO ] 5 (blinky src/gps/reader.rs:142)
32.248901 [INFO ] END OF SENTENCE (blinky src/gps/reader.rs:125)
32.305541 [INFO ] parsing gps (blinky blinky/src/main.rs:74)
32.305572 [INFO ] NO SIGNAL AT ALL (blinky blinky/src/main.rs:104)
32.305694 [INFO ] NEW SENTENCE (blinky src/gps/reader.rs:110)
32.305816 [INFO ] G (blinky src/gps/reader.rs:142)
32.305938 [INFO ] G (blinky src/gps/reader.rs:142)
32.306091 [INFO ] L (blinky src/gps/reader.rs:142)
32.306213 [INFO ] L (blinky src/gps/reader.rs:142)
32.405670 [INFO ] parsing gps (blinky blinky/src/main.rs:74)
32.405700 [INFO ] NO SIGNAL AT ALL (blinky blinky/src/main.rs:104)
33.245880 [INFO ] NEW SENTENCE (blinky src/gps/reader.rs:110)
33.246032 [INFO ] G (blinky src/gps/reader.rs:142)
33.246154 [INFO ] N (blinky src/gps/reader.rs:142)
33.246307 [INFO ] G (blinky src/gps/reader.rs:142)
33.246429 [INFO ] G (blinky src/gps/reader.rs:142)
33.246582 [INFO ] A (blinky src/gps/reader.rs:142)
33.246704 [INFO ] , (blinky src/gps/reader.rs:142)
33.246856 [INFO ] 1 (blinky src/gps/reader.rs:142)
33.246978 [INFO ] 8 (blinky src/gps/reader.rs:142)
33.247131 [INFO ] 1 (blinky src/gps/reader.rs:142)
33.247253 [INFO ] 0 (blinky src/gps/reader.rs:142)
33.247406 [INFO ] 9 (blinky src/gps/reader.rs:142)
33.247558 [INFO ] 1 (blinky src/gps/reader.rs:142)
33.247680 [INFO ] 7 (blinky src/gps/reader.rs:142)
33.247833 [INFO ] , (blinky src/gps/reader.rs:142)
33.247955 [INFO ] , (blinky src/gps/reader.rs:142)
33.248107 [INFO ] , (blinky src/gps/reader.rs:142)
33.248229 [INFO ] 0 (blinky src/gps/reader.rs:142)
33.248382 [INFO ] , (blinky src/gps/reader.rs:142)
33.248535 [INFO ] , (blinky src/gps/reader.rs:142)
33.248657 [INFO ] , (blinky src/gps/reader.rs:142)
33.248809 [INFO ] M (blinky src/gps/reader.rs:142)
33.248962 [INFO ] , (blinky src/gps/reader.rs:142)
33.249084 [INFO ] , (blinky src/gps/reader.rs:142)
33.249206 [INFO ] , (blinky src/gps/reader.rs:142)
33.249359 [INFO ] 5 (blinky src/gps/reader.rs:142)
33.249511 [INFO ] END OF SENTENCE (blinky src/gps/reader.rs:125)
33.305847 [INFO ] parsing gps (blinky blinky/src/main.rs:74)
33.305877 [INFO ] NO SIGNAL AT ALL (blinky blinky/src/main.rs:104)
33.305999 [INFO ] NEW SENTENCE (blinky src/gps/reader.rs:110)
33.306121 [INFO ] G (blinky src/gps/reader.rs:142)
33.306243 [INFO ] G (blinky src/gps/reader.rs:142)
33.306396 [INFO ] L (blinky src/gps/reader.rs:142)
33.306518 [INFO ] L (blinky src/gps/reader.rs:142)
33.405975 [INFO ] parsing gps (blinky blinky/src/main.rs:74)
33.406005 [INFO ] NO SIGNAL AT ALL (blinky blinky/src/main.rs:104)
34.247680 [INFO ] NEW SENTENCE (blinky src/gps/reader.rs:110)
34.247833 [INFO ] G (blinky src/gps/reader.rs:142)
34.247955 [INFO ] N (blinky src/gps/reader.rs:142)
34.248107 [INFO ] G (blinky src/gps/reader.rs:142)
34.248229 [INFO ] G (blinky src/gps/reader.rs:142)
34.248352 [INFO ] A (blinky src/gps/reader.rs:142)
34.248504 [INFO ] , (blinky src/gps/reader.rs:142)
34.248626 [INFO ] 1 (blinky src/gps/reader.rs:142)
34.248779 [INFO ] 8 (blinky src/gps/reader.rs:142)
34.248931 [INFO ] 1 (blinky src/gps/reader.rs:142)
34.249053 [INFO ] 1 (blinky src/gps/reader.rs:142)
34.249206 [INFO ] 0 (blinky src/gps/reader.rs:142)
34.249359 [INFO ] 1 (blinky src/gps/reader.rs:142)
34.249481 [INFO ] 7 (blinky src/gps/reader.rs:142)
34.249603 [INFO ] , (blinky src/gps/reader.rs:142)
34.249755 [INFO ] , (blinky src/gps/reader.rs:142)
34.249908 [INFO ] , (blinky src/gps/reader.rs:142)
34.250030 [INFO ] 0 (blinky src/gps/reader.rs:142)
34.250183 [INFO ] , (blinky src/gps/reader.rs:142)
34.250335 [INFO ] , (blinky src/gps/reader.rs:142)
34.250457 [INFO ] , (blinky src/gps/reader.rs:142)
34.250579 [INFO ] M (blinky src/gps/reader.rs:142)
34.250732 [INFO ] , (blinky src/gps/reader.rs:142)
34.250885 [INFO ] , (blinky src/gps/reader.rs:142)
34.251007 [INFO ] , (blinky src/gps/reader.rs:142)
34.251159 [INFO ] * (blinky src/gps/reader.rs:142)
34.251312 [INFO ] END OF SENTENCE (blinky src/gps/reader.rs:125)
34.306152 [INFO ] parsing gps (blinky blinky/src/main.rs:74)
34.306182 [INFO ] NO SIGNAL AT ALL (blinky blinky/src/main.rs:104)
34.306304 [INFO ] NEW SENTENCE (blinky src/gps/reader.rs:110)
34.306427 [INFO ] G (blinky src/gps/reader.rs:142)
34.306549 [INFO ] N (blinky src/gps/reader.rs:142)
34.306671 [INFO ] L (blinky src/gps/reader.rs:142)
34.306823 [INFO ] L (blinky src/gps/reader.rs:142)
34.406280 [INFO ] parsing gps (blinky blinky/src/main.rs:74)
34.406311 [INFO ] NO SIGNAL AT ALL (blinky blinky/src/main.rs:104)
35.248931 [INFO ] NEW SENTENCE (blinky src/gps/reader.rs:110)
35.249084 [INFO ] G (blinky src/gps/reader.rs:142)
35.249206 [INFO ] N (blinky src/gps/reader.rs:142)
35.249359 [INFO ] G (blinky src/gps/reader.rs:142)
35.249481 [INFO ] G (blinky src/gps/reader.rs:142)
35.249633 [INFO ] A (blinky src/gps/reader.rs:142)
35.249755 [INFO ] , (blinky src/gps/reader.rs:142)
35.249908 [INFO ] 1 (blinky src/gps/reader.rs:142)
35.250030 [INFO ] 8 (blinky src/gps/reader.rs:142)
35.250183 [INFO ] 1 (blinky src/gps/reader.rs:142)
35.250305 [INFO ] 1 (blinky src/gps/reader.rs:142)
35.250457 [INFO ] 1 (blinky src/gps/reader.rs:142)
35.250610 [INFO ] 1 (blinky src/gps/reader.rs:142)
35.250732 [INFO ] 7 (blinky src/gps/reader.rs:142)
35.250885 [INFO ] , (blinky src/gps/reader.rs:142)
35.251007 [INFO ] , (blinky src/gps/reader.rs:142)
35.251159 [INFO ] , (blinky src/gps/reader.rs:142)
35.251281 [INFO ] 0 (blinky src/gps/reader.rs:142)
35.251434 [INFO ] , (blinky src/gps/reader.rs:142)
35.251586 [INFO ] , (blinky src/gps/reader.rs:142)
35.251708 [INFO ] , (blinky src/gps/reader.rs:142)
35.251861 [INFO ] M (blinky src/gps/reader.rs:142)
35.252014 [INFO ] , (blinky src/gps/reader.rs:142)
35.252136 [INFO ] , (blinky src/gps/reader.rs:142)
35.252288 [INFO ] , (blinky src/gps/reader.rs:142)
35.252410 [INFO ] 5 (blinky src/gps/reader.rs:142)
35.252563 [INFO ] END OF SENTENCE (blinky src/gps/reader.rs:125)
35.306457 [INFO ] parsing gps (blinky blinky/src/main.rs:74)
35.306488 [INFO ] NO SIGNAL AT ALL (blinky blinky/src/main.rs:104)
35.306610 [INFO ] NEW SENTENCE (blinky src/gps/reader.rs:110)
35.306732 [INFO ] G (blinky src/gps/reader.rs:142)
35.306854 [INFO ] G (blinky src/gps/reader.rs:142)
35.307006 [INFO ] L (blinky src/gps/reader.rs:142)
35.307128 [INFO ] L (blinky src/gps/reader.rs:142)
35.406585 [INFO ] parsing gps (blinky blinky/src/main.rs:74)
35.406616 [INFO ] NO SIGNAL AT ALL (blinky blinky/src/main.rs:104)
36.212493 [INFO ] NEW SENTENCE (blinky src/gps/reader.rs:110)
36.212646 [INFO ] G (blinky src/gps/reader.rs:142)
36.212768 [INFO ] N (blinky src/gps/reader.rs:142)
36.212921 [INFO ] G (blinky src/gps/reader.rs:142)
36.213043 [INFO ] G (blinky src/gps/reader.rs:142)
36.213195 [INFO ] A (blinky src/gps/reader.rs:142)
36.213317 [INFO ] , (blinky src/gps/reader.rs:142)
36.213439 [INFO ] 1 (blinky src/gps/reader.rs:142)
36.213592 [INFO ] 8 (blinky src/gps/reader.rs:142)
36.213745 [INFO ] 1 (blinky src/gps/reader.rs:142)
36.213867 [INFO ] 1 (blinky src/gps/reader.rs:142)
36.214019 [INFO ] 2 (blinky src/gps/reader.rs:142)
36.214172 [INFO ] 0 (blinky src/gps/reader.rs:142)
36.214294 [INFO ] 7 (blinky src/gps/reader.rs:142)
36.214447 [INFO ] , (blinky src/gps/reader.rs:142)
36.214569 [INFO ] , (blinky src/gps/reader.rs:142)
36.214721 [INFO ] , (blinky src/gps/reader.rs:142)
36.214843 [INFO ] 0 (blinky src/gps/reader.rs:142)
36.214996 [INFO ] , (blinky src/gps/reader.rs:142)
36.215148 [INFO ] , (blinky src/gps/reader.rs:142)
36.215270 [INFO ] , (blinky src/gps/reader.rs:142)
36.215423 [INFO ] M (blinky src/gps/reader.rs:142)
36.215576 [INFO ] , (blinky src/gps/reader.rs:142)
36.215698 [INFO ] , (blinky src/gps/reader.rs:142)
36.215820 [INFO ] , (blinky src/gps/reader.rs:142)
36.215972 [INFO ] 5 (blinky src/gps/reader.rs:142)
36.216125 [INFO ] END OF SENTENCE (blinky src/gps/reader.rs:125)
36.306762 [INFO ] parsing gps (blinky blinky/src/main.rs:74)
36.306793 [INFO ] NO SIGNAL AT ALL (blinky blinky/src/main.rs:104)
36.306915 [INFO ] NEW SENTENCE (blinky src/gps/reader.rs:110)
36.307037 [INFO ] G (blinky src/gps/reader.rs:142)
36.307159 [INFO ] G (blinky src/gps/reader.rs:142)
36.307281 [INFO ] L (blinky src/gps/reader.rs:142)
36.307403 [INFO ] L (blinky src/gps/reader.rs:142)
36.406890 [INFO ] parsing gps (blinky blinky/src/main.rs:74)
36.406921 [INFO ] NO SIGNAL AT ALL (blinky blinky/src/main.rs:104)
37.212768 [INFO ] NEW SENTENCE (blinky src/gps/reader.rs:110)
37.212951 [INFO ] G (blinky src/gps/reader.rs:142)
37.213073 [INFO ] N (blinky src/gps/reader.rs:142)
37.213195 [INFO ] G (blinky src/gps/reader.rs:142)
37.213348 [INFO ] G (blinky src/gps/reader.rs:142)
37.213470 [INFO ] A (blinky src/gps/reader.rs:142)
37.213623 [INFO ] , (blinky src/gps/reader.rs:142)
37.213745 [INFO ] 1 (blinky src/gps/reader.rs:142)
37.213897 [INFO ] 8 (blinky src/gps/reader.rs:142)
37.214050 [INFO ] 1 (blinky src/gps/reader.rs:142)
37.214172 [INFO ] 1 (blinky src/gps/reader.rs:142)
37.214294 [INFO ] 3 (blinky src/gps/reader.rs:142)
37.214447 [INFO ] 0 (blinky src/gps/reader.rs:142)
37.214599 [INFO ] 7 (blinky src/gps/reader.rs:142)
37.214721 [INFO ] , (blinky src/gps/reader.rs:142)
37.214874 [INFO ] , (blinky src/gps/reader.rs:142)
37.215026 [INFO ] , (blinky src/gps/reader.rs:142)
37.215148 [INFO ] 0 (blinky src/gps/reader.rs:142)
37.215270 [INFO ] , (blinky src/gps/reader.rs:142)
37.215423 [INFO ] , (blinky src/gps/reader.rs:142)
37.215576 [INFO ] , (blinky src/gps/reader.rs:142)
37.215698 [INFO ] M (blinky src/gps/reader.rs:142)
37.215850 [INFO ] , (blinky src/gps/reader.rs:142)
37.216003 [INFO ] , (blinky src/gps/reader.rs:142)
37.216125 [INFO ] , (blinky src/gps/reader.rs:142)
37.216278 [INFO ] 5 (blinky src/gps/reader.rs:142)
37.216400 [INFO ] END OF SENTENCE (blinky src/gps/reader.rs:125)
37.307067 [INFO ] parsing gps (blinky blinky/src/main.rs:74)
37.307098 [INFO ] NO SIGNAL AT ALL (blinky blinky/src/main.rs:104)
37.307220 [INFO ] NEW SENTENCE (blinky src/gps/reader.rs:110)
37.307342 [INFO ] G (blinky src/gps/reader.rs:142)
37.307464 [INFO ] G (blinky src/gps/reader.rs:142)
37.307617 [INFO ] L (blinky src/gps/reader.rs:142)
37.307739 [INFO ] L (blinky src/gps/reader.rs:142)
37.407196 [INFO ] parsing gps (blinky blinky/src/main.rs:74)
37.407226 [INFO ] NO SIGNAL AT ALL (blinky blinky/src/main.rs:104)
38.214111 [INFO ] NEW SENTENCE (blinky src/gps/reader.rs:110)
38.214263 [INFO ] G (blinky src/gps/reader.rs:142)
38.214385 [INFO ] N (blinky src/gps/reader.rs:142)
38.214538 [INFO ] G (blinky src/gps/reader.rs:142)
38.214660 [INFO ] G (blinky src/gps/reader.rs:142)
38.214813 [INFO ] A (blinky src/gps/reader.rs:142)
38.214935 [INFO ] , (blinky src/gps/reader.rs:142)
38.215087 [INFO ] 1 (blinky src/gps/reader.rs:142)
38.215209 [INFO ] 8 (blinky src/gps/reader.rs:142)
38.215362 [INFO ] 1 (blinky src/gps/reader.rs:142)
38.215484 [INFO ] 1 (blinky src/gps/reader.rs:142)
38.215637 [INFO ] 4 (blinky src/gps/reader.rs:142)
38.215789 [INFO ] 0 (blinky src/gps/reader.rs:142)
38.215911 [INFO ] 7 (blinky src/gps/reader.rs:142)
38.216064 [INFO ] , (blinky src/gps/reader.rs:142)
38.216186 [INFO ] , (blinky src/gps/reader.rs:142)
38.216339 [INFO ] , (blinky src/gps/reader.rs:142)
38.216461 [INFO ] 0 (blinky src/gps/reader.rs:142)
38.216613 [INFO ] , (blinky src/gps/reader.rs:142)
38.216766 [INFO ] , (blinky src/gps/reader.rs:142)
38.216888 [INFO ] , (blinky src/gps/reader.rs:142)
38.217041 [INFO ] M (blinky src/gps/reader.rs:142)
38.217193 [INFO ] , (blinky src/gps/reader.rs:142)
38.217315 [INFO ] , (blinky src/gps/reader.rs:142)
38.217437 [INFO ] , (blinky src/gps/reader.rs:142)
38.217590 [INFO ] 5 (blinky src/gps/reader.rs:142)
38.217742 [INFO ] END OF SENTENCE (blinky src/gps/reader.rs:125)
38.307373 [INFO ] parsing gps (blinky blinky/src/main.rs:74)
38.307403 [INFO ] NO SIGNAL AT ALL (blinky blinky/src/main.rs:104)
38.307525 [INFO ] NEW SENTENCE (blinky src/gps/reader.rs:110)
38.307647 [INFO ] G (blinky src/gps/reader.rs:142)
38.307769 [INFO ] G (blinky src/gps/reader.rs:142)
38.307922 [INFO ] L (blinky src/gps/reader.rs:142)
38.308044 [INFO ] L (blinky src/gps/reader.rs:142)
38.407501 [INFO ] parsing gps (blinky blinky/src/main.rs:74)
38.407531 [INFO ] NO SIGNAL AT ALL (blinky blinky/src/main.rs:104)
39.215484 [INFO ] NEW SENTENCE (blinky src/gps/reader.rs:110)
39.215637 [INFO ] G (blinky src/gps/reader.rs:142)
39.215759 [INFO ] N (blinky src/gps/reader.rs:142)
39.215911 [INFO ] G (blinky src/gps/reader.rs:142)
39.216033 [INFO ] G (blinky src/gps/reader.rs:142)
39.216156 [INFO ] A (blinky src/gps/reader.rs:142)
39.216308 [INFO ] , (blinky src/gps/reader.rs:142)
39.216430 [INFO ] 1 (blinky src/gps/reader.rs:142)
39.216583 [INFO ] 8 (blinky src/gps/reader.rs:142)
39.216735 [INFO ] 1 (blinky src/gps/reader.rs:142)
39.216857 [INFO ] 1 (blinky src/gps/reader.rs:142)
39.217010 [INFO ] 5 (blinky src/gps/reader.rs:142)
39.217132 [INFO ] 0 (blinky src/gps/reader.rs:142)
39.217285 [INFO ] 7 (blinky src/gps/reader.rs:142)
39.217407 [INFO ] , (blinky src/gps/reader.rs:142)
39.217559 [INFO ] , (blinky src/gps/reader.rs:142)
39.217712 [INFO ] , (blinky src/gps/reader.rs:142)
39.217834 [INFO ] 0 (blinky src/gps/reader.rs:142)
39.217987 [INFO ] , (blinky src/gps/reader.rs:142)
39.218139 [INFO ] , (blinky src/gps/reader.rs:142)
39.218261 [INFO ] , (blinky src/gps/reader.rs:142)
39.218383 [INFO ] M (blinky src/gps/reader.rs:142)
39.218536 [INFO ] , (blinky src/gps/reader.rs:142)
39.218688 [INFO ] , (blinky src/gps/reader.rs:142)
39.218811 [INFO ] , (blinky src/gps/reader.rs:142)
39.218963 [INFO ] 5 (blinky src/gps/reader.rs:142)
39.219085 [INFO ] END OF SENTENCE (blinky src/gps/reader.rs:125)
39.307678 [INFO ] parsing gps (blinky blinky/src/main.rs:74)
39.307708 [INFO ] NO SIGNAL AT ALL (blinky blinky/src/main.rs:104)
39.307830 [INFO ] NEW SENTENCE (blinky src/gps/reader.rs:110)
39.307952 [INFO ] G (blinky src/gps/reader.rs:142)
39.308074 [INFO ] G (blinky src/gps/reader.rs:142)
39.308227 [INFO ] L (blinky src/gps/reader.rs:142)
39.308349 [INFO ] L (blinky src/gps/reader.rs:142)
39.407806 [INFO ] parsing gps (blinky blinky/src/main.rs:74)
39.407836 [INFO ] NO SIGNAL AT ALL (blinky blinky/src/main.rs:104)
40.217529 [INFO ] NEW SENTENCE (blinky src/gps/reader.rs:110)
40.217681 [INFO ] G (blinky src/gps/reader.rs:142)
40.217803 [INFO ] N (blinky src/gps/reader.rs:142)
40.217956 [INFO ] G (blinky src/gps/reader.rs:142)
40.218078 [INFO ] G (blinky src/gps/reader.rs:142)
40.218231 [INFO ] A (blinky src/gps/reader.rs:142)
40.218353 [INFO ] , (blinky src/gps/reader.rs:142)
40.218475 [INFO ] 1 (blinky src/gps/reader.rs:142)
40.218627 [INFO ] 8 (blinky src/gps/reader.rs:142)
40.218780 [INFO ] 1 (blinky src/gps/reader.rs:142)
40.218902 [INFO ] 1 (blinky src/gps/reader.rs:142)
40.219055 [INFO ] 6 (blinky src/gps/reader.rs:142)
40.219207 [INFO ] 0 (blinky src/gps/reader.rs:142)
40.219329 [INFO ] 7 (blinky src/gps/reader.rs:142)
40.219451 [INFO ] , (blinky src/gps/reader.rs:142)
40.219604 [INFO ] , (blinky src/gps/reader.rs:142)
40.219757 [INFO ] , (blinky src/gps/reader.rs:142)
40.219879 [INFO ] 0 (blinky src/gps/reader.rs:142)
40.220031 [INFO ] , (blinky src/gps/reader.rs:142)
40.220184 [INFO ] , (blinky src/gps/reader.rs:142)
40.220306 [INFO ] , (blinky src/gps/reader.rs:142)
40.220428 [INFO ] M (blinky src/gps/reader.rs:142)
40.220581 [INFO ] , (blinky src/gps/reader.rs:142)
40.220733 [INFO ] , (blinky src/gps/reader.rs:142)
40.220855 [INFO ] , (blinky src/gps/reader.rs:142)
40.221008 [INFO ] * (blinky src/gps/reader.rs:142)
40.221130 [INFO ] END OF SENTENCE (blinky src/gps/reader.rs:125)
40.307983 [INFO ] parsing gps (blinky blinky/src/main.rs:74)
40.308013 [INFO ] NO SIGNAL AT ALL (blinky blinky/src/main.rs:104)
40.308135 [INFO ] NEW SENTENCE (blinky src/gps/reader.rs:110)
40.308258 [INFO ] G (blinky src/gps/reader.rs:142)
40.308380 [INFO ] N (blinky src/gps/reader.rs:142)
40.308532 [INFO ] L (blinky src/gps/reader.rs:142)
40.308654 [INFO ] L (blinky src/gps/reader.rs:142)
40.408111 [INFO ] parsing gps (blinky blinky/src/main.rs:74)
40.408142 [INFO ] NO SIGNAL AT ALL (blinky blinky/src/main.rs:104)
41.217926 [INFO ] NEW SENTENCE (blinky src/gps/reader.rs:110)
41.218078 [INFO ] G (blinky src/gps/reader.rs:142)
41.218231 [INFO ] N (blinky src/gps/reader.rs:142)
41.218353 [INFO ] G (blinky src/gps/reader.rs:142)
41.218475 [INFO ] G (blinky src/gps/reader.rs:142)
41.218627 [INFO ] A (blinky src/gps/reader.rs:142)
41.218750 [INFO ] , (blinky src/gps/reader.rs:142)
41.218902 [INFO ] 1 (blinky src/gps/reader.rs:142)
41.219024 [INFO ] 8 (blinky src/gps/reader.rs:142)
41.219177 [INFO ] 1 (blinky src/gps/reader.rs:142)
41.219299 [INFO ] 1 (blinky src/gps/reader.rs:142)
41.219451 [INFO ] 7 (blinky src/gps/reader.rs:142)
41.219604 [INFO ] 0 (blinky src/gps/reader.rs:142)
41.219726 [INFO ] 7 (blinky src/gps/reader.rs:142)
41.219879 [INFO ] , (blinky src/gps/reader.rs:142)
41.220001 [INFO ] , (blinky src/gps/reader.rs:142)
41.220153 [INFO ] , (blinky src/gps/reader.rs:142)
41.220275 [INFO ] 0 (blinky src/gps/reader.rs:142)
41.220428 [INFO ] , (blinky src/gps/reader.rs:142)
41.220581 [INFO ] , (blinky src/gps/reader.rs:142)
41.220703 [INFO ] , (blinky src/gps/reader.rs:142)
41.220855 [INFO ] M (blinky src/gps/reader.rs:142)
41.221008 [INFO ] , (blinky src/gps/reader.rs:142)
41.221130 [INFO ] , (blinky src/gps/reader.rs:142)
41.221282 [INFO ] , (blinky src/gps/reader.rs:142)
41.221405 [INFO ] 5 (blinky src/gps/reader.rs:142)
41.221557 [INFO ] END OF SENTENCE (blinky src/gps/reader.rs:125)
41.308288 [INFO ] parsing gps (blinky blinky/src/main.rs:74)
41.308319 [INFO ] NO SIGNAL AT ALL (blinky blinky/src/main.rs:104)
41.308441 [INFO ] NEW SENTENCE (blinky src/gps/reader.rs:110)
41.308563 [INFO ] G (blinky src/gps/reader.rs:142)
41.308685 [INFO ] G (blinky src/gps/reader.rs:142)
41.308837 [INFO ] L (blinky src/gps/reader.rs:142)
41.308959 [INFO ] L (blinky src/gps/reader.rs:142)
41.408416 [INFO ] parsing gps (blinky blinky/src/main.rs:74)
41.408447 [INFO ] NO SIGNAL AT ALL (blinky blinky/src/main.rs:104)
42.218902 [INFO ] NEW SENTENCE (blinky src/gps/reader.rs:110)
42.219055 [INFO ] G (blinky src/gps/reader.rs:142)
42.219177 [INFO ] N (blinky src/gps/reader.rs:142)
42.219329 [INFO ] G (blinky src/gps/reader.rs:142)
42.219451 [INFO ] G (blinky src/gps/reader.rs:142)
42.219604 [INFO ] A (blinky src/gps/reader.rs:142)
42.219726 [INFO ] , (blinky src/gps/reader.rs:142)
42.219879 [INFO ] 1 (blinky src/gps/reader.rs:142)
42.220001 [INFO ] 8 (blinky src/gps/reader.rs:142)
42.220153 [INFO ] 1 (blinky src/gps/reader.rs:142)
42.220275 [INFO ] 1 (blinky src/gps/reader.rs:142)
42.220428 [INFO ] 8 (blinky src/gps/reader.rs:142)
42.220581 [INFO ] 0 (blinky src/gps/reader.rs:142)
42.220703 [INFO ] 7 (blinky src/gps/reader.rs:142)
42.220855 [INFO ] , (blinky src/gps/reader.rs:142)
42.220977 [INFO ] , (blinky src/gps/reader.rs:142)
42.221130 [INFO ] , (blinky src/gps/reader.rs:142)
42.221252 [INFO ] 0 (blinky src/gps/reader.rs:142)
42.221405 [INFO ] , (blinky src/gps/reader.rs:142)
42.221557 [INFO ] , (blinky src/gps/reader.rs:142)
42.221679 [INFO ] , (blinky src/gps/reader.rs:142)
42.221832 [INFO ] M (blinky src/gps/reader.rs:142)
42.221984 [INFO ] , (blinky src/gps/reader.rs:142)
42.222106 [INFO ] , (blinky src/gps/reader.rs:142)
42.222229 [INFO ] , (blinky src/gps/reader.rs:142)
42.222381 [INFO ] 5 (blinky src/gps/reader.rs:142)
42.222534 [INFO ] END OF SENTENCE (blinky src/gps/reader.rs:125)
42.308593 [INFO ] parsing gps (blinky blinky/src/main.rs:74)
42.308624 [INFO ] NO SIGNAL AT ALL (blinky blinky/src/main.rs:104)
42.308746 [INFO ] NEW SENTENCE (blinky src/gps/reader.rs:110)
42.308868 [INFO ] G (blinky src/gps/reader.rs:142)
42.308990 [INFO ] G (blinky src/gps/reader.rs:142)
42.309143 [INFO ] L (blinky src/gps/reader.rs:142)
42.309265 [INFO ] L (blinky src/gps/reader.rs:142)
42.408721 [INFO ] parsing gps (blinky blinky/src/main.rs:74)
42.408752 [INFO ] NO SIGNAL AT ALL (blinky blinky/src/main.rs:104)
43.218414 [INFO ] NEW SENTENCE (blinky src/gps/reader.rs:110)
43.218566 [INFO ] G (blinky src/gps/reader.rs:142)
43.218719 [INFO ] N (blinky src/gps/reader.rs:142)
43.218841 [INFO ] G (blinky src/gps/reader.rs:142)
43.218994 [INFO ] G (blinky src/gps/reader.rs:142)
43.219116 [INFO ] A (blinky src/gps/reader.rs:142)
43.219238 [INFO ] , (blinky src/gps/reader.rs:142)
43.219390 [INFO ] 1 (blinky src/gps/reader.rs:142)
43.219512 [INFO ] 8 (blinky src/gps/reader.rs:142)
43.219665 [INFO ] 1 (blinky src/gps/reader.rs:142)
43.219818 [INFO ] 1 (blinky src/gps/reader.rs:142)
43.219940 [INFO ] 9 (blinky src/gps/reader.rs:142)
43.220092 [INFO ] 0 (blinky src/gps/reader.rs:142)
43.220245 [INFO ] 7 (blinky src/gps/reader.rs:142)
43.220367 [INFO ] , (blinky src/gps/reader.rs:142)
43.220489 [INFO ] , (blinky src/gps/reader.rs:142)
43.220642 [INFO ] , (blinky src/gps/reader.rs:142)
43.220794 [INFO ] 0 (blinky src/gps/reader.rs:142)
43.220916 [INFO ] , (blinky src/gps/reader.rs:142)
43.221069 [INFO ] , (blinky src/gps/reader.rs:142)
43.221221 [INFO ] , (blinky src/gps/reader.rs:142)
43.221343 [INFO ] M (blinky src/gps/reader.rs:142)
43.221496 [INFO ] , (blinky src/gps/reader.rs:142)
43.221618 [INFO ] , (blinky src/gps/reader.rs:142)
43.221771 [INFO ] , (blinky src/gps/reader.rs:142)
43.221923 [INFO ] 5 (blinky src/gps/reader.rs:142)
43.222045 [INFO ] END OF SENTENCE (blinky src/gps/reader.rs:125)
43.308898 [INFO ] parsing gps (blinky blinky/src/main.rs:74)
43.308929 [INFO ] NO SIGNAL AT ALL (blinky blinky/src/main.rs:104)
43.309051 [INFO ] NEW SENTENCE (blinky src/gps/reader.rs:110)
43.309173 [INFO ] G (blinky src/gps/reader.rs:142)
43.309295 [INFO ] G (blinky src/gps/reader.rs:142)
43.309448 [INFO ] L (blinky src/gps/reader.rs:142)
43.309570 [INFO ] L (blinky src/gps/reader.rs:142)
43.409027 [INFO ] parsing gps (blinky blinky/src/main.rs:74)
43.409057 [INFO ] NO SIGNAL AT ALL (blinky blinky/src/main.rs:104)
44.220642 [INFO ] NEW SENTENCE (blinky src/gps/reader.rs:110)
44.220794 [INFO ] G (blinky src/gps/reader.rs:142)
44.220916 [INFO ] N (blinky src/gps/reader.rs:142)
44.221069 [INFO ] G (blinky src/gps/reader.rs:142)
44.221191 [INFO ] G (blinky src/gps/reader.rs:142)
44.221343 [INFO ] A (blinky src/gps/reader.rs:142)
44.221466 [INFO ] , (blinky src/gps/reader.rs:142)
44.221618 [INFO ] 1 (blinky src/gps/reader.rs:142)
44.221740 [INFO ] 8 (blinky src/gps/reader.rs:142)
44.221893 [INFO ] 1 (blinky src/gps/reader.rs:142)
44.222015 [INFO ] 2 (blinky src/gps/reader.rs:142)
44.222167 [INFO ] 0 (blinky src/gps/reader.rs:142)
44.222320 [INFO ] 0 (blinky src/gps/reader.rs:142)
44.222442 [INFO ] 7 (blinky src/gps/reader.rs:142)
44.222595 [INFO ] , (blinky src/gps/reader.rs:142)
44.222717 [INFO ] , (blinky src/gps/reader.rs:142)
44.222869 [INFO ] , (blinky src/gps/reader.rs:142)
44.222991 [INFO ] 0 (blinky src/gps/reader.rs:142)
44.223144 [INFO ] , (blinky src/gps/reader.rs:142)
44.223297 [INFO ] , (blinky src/gps/reader.rs:142)
44.223419 [INFO ] , (blinky src/gps/reader.rs:142)
44.223571 [INFO ] M (blinky src/gps/reader.rs:142)
44.223724 [INFO ] , (blinky src/gps/reader.rs:142)
44.223846 [INFO ] , (blinky src/gps/reader.rs:142)
44.223999 [INFO ] , (blinky src/gps/reader.rs:142)
44.224121 [INFO ] 5 (blinky src/gps/reader.rs:142)
44.224273 [INFO ] END OF SENTENCE (blinky src/gps/reader.rs:125)
44.309204 [INFO ] parsing gps (blinky blinky/src/main.rs:74)
44.309234 [INFO ] NO SIGNAL AT ALL (blinky blinky/src/main.rs:104)
44.309356 [INFO ] NEW SENTENCE (blinky src/gps/reader.rs:110)
44.309478 [INFO ] G (blinky src/gps/reader.rs:142)
44.309600 [INFO ] G (blinky src/gps/reader.rs:142)
44.309753 [INFO ] L (blinky src/gps/reader.rs:142)
44.309875 [INFO ] L (blinky src/gps/reader.rs:142)
44.409332 [INFO ] parsing gps (blinky blinky/src/main.rs:74)
44.409362 [INFO ] NO SIGNAL AT ALL (blinky blinky/src/main.rs:104)
45.222045 [INFO ] NEW SENTENCE (blinky src/gps/reader.rs:110)
45.222198 [INFO ] G (blinky src/gps/reader.rs:142)
45.222351 [INFO ] N (blinky src/gps/reader.rs:142)
45.222473 [INFO ] G (blinky src/gps/reader.rs:142)
45.222595 [INFO ] G (blinky src/gps/reader.rs:142)
45.222747 [INFO ] A (blinky src/gps/reader.rs:142)
45.222869 [INFO ] , (blinky src/gps/reader.rs:142)
45.223022 [INFO ] 1 (blinky src/gps/reader.rs:142)
45.223144 [INFO ] 8 (blinky src/gps/reader.rs:142)
45.223297 [INFO ] 1 (blinky src/gps/reader.rs:142)
45.223419 [INFO ] 2 (blinky src/gps/reader.rs:142)
45.223571 [INFO ] 1 (blinky src/gps/reader.rs:142)
45.223724 [INFO ] 0 (blinky src/gps/reader.rs:142)
45.223846 [INFO ] 7 (blinky src/gps/reader.rs:142)
45.223999 [INFO ] , (blinky src/gps/reader.rs:142)
45.224121 [INFO ] , (blinky src/gps/reader.rs:142)
45.224273 [INFO ] , (blinky src/gps/reader.rs:142)
45.224426 [INFO ] 0 (blinky src/gps/reader.rs:142)
45.224548 [INFO ] , (blinky src/gps/reader.rs:142)
45.224700 [INFO ] , (blinky src/gps/reader.rs:142)
45.224822 [INFO ] , (blinky src/gps/reader.rs:142)
45.224975 [INFO ] M (blinky src/gps/reader.rs:142)
45.225128 [INFO ] , (blinky src/gps/reader.rs:142)
45.225250 [INFO ] , (blinky src/gps/reader.rs:142)
45.225402 [INFO ] , (blinky src/gps/reader.rs:142)
45.225555 [INFO ] 5 (blinky src/gps/reader.rs:142)
45.225677 [INFO ] END OF SENTENCE (blinky src/gps/reader.rs:125)
45.309509 [INFO ] parsing gps (blinky blinky/src/main.rs:74)
45.309539 [INFO ] NO SIGNAL AT ALL (blinky blinky/src/main.rs:104)
45.309661 [INFO ] NEW SENTENCE (blinky src/gps/reader.rs:110)
45.309783 [INFO ] G (blinky src/gps/reader.rs:142)
45.309906 [INFO ] G (blinky src/gps/reader.rs:142)
45.310058 [INFO ] L (blinky src/gps/reader.rs:142)
45.310180 [INFO ] L (blinky src/gps/reader.rs:142)
45.409637 [INFO ] parsing gps (blinky blinky/src/main.rs:74)
45.409667 [INFO ] NO SIGNAL AT ALL (blinky blinky/src/main.rs:104)
46.224945 [INFO ] NEW SENTENCE (blinky src/gps/reader.rs:110)
46.225128 [INFO ] G (blinky src/gps/reader.rs:142)
46.225250 [INFO ] N (blinky src/gps/reader.rs:142)
46.225372 [INFO ] G (blinky src/gps/reader.rs:142)
46.225524 [INFO ] G (blinky src/gps/reader.rs:142)
46.225646 [INFO ] A (blinky src/gps/reader.rs:142)
46.225799 [INFO ] , (blinky src/gps/reader.rs:142)
46.225921 [INFO ] 1 (blinky src/gps/reader.rs:142)
46.226043 [INFO ] 8 (blinky src/gps/reader.rs:142)
46.226196 [INFO ] 1 (blinky src/gps/reader.rs:142)
46.226348 [INFO ] 2 (blinky src/gps/reader.rs:142)
46.226470 [INFO ] 2 (blinky src/gps/reader.rs:142)
46.226623 [INFO ] 0 (blinky src/gps/reader.rs:142)
46.226776 [INFO ] 7 (blinky src/gps/reader.rs:142)
46.226898 [INFO ] , (blinky src/gps/reader.rs:142)
46.227050 [INFO ] , (blinky src/gps/reader.rs:142)
46.227172 [INFO ] , (blinky src/gps/reader.rs:142)
46.227325 [INFO ] 0 (blinky src/gps/reader.rs:142)
46.227447 [INFO ] , (blinky src/gps/reader.rs:142)
46.227600 [INFO ] , (blinky src/gps/reader.rs:142)
46.227752 [INFO ] , (blinky src/gps/reader.rs:142)
46.227874 [INFO ] M (blinky src/gps/reader.rs:142)
46.228027 [INFO ] , (blinky src/gps/reader.rs:142)
46.228179 [INFO ] , (blinky src/gps/reader.rs:142)
46.228302 [INFO ] , (blinky src/gps/reader.rs:142)
46.228454 [INFO ] 5 (blinky src/gps/reader.rs:142)
46.228576 [INFO ] END OF SENTENCE (blinky src/gps/reader.rs:125)
46.309814 [INFO ] parsing gps (blinky blinky/src/main.rs:74)
46.309844 [INFO ] NO SIGNAL AT ALL (blinky blinky/src/main.rs:104)
46.309967 [INFO ] NEW SENTENCE (blinky src/gps/reader.rs:110)
46.310089 [INFO ] G (blinky src/gps/reader.rs:142)
46.310211 [INFO ] G (blinky src/gps/reader.rs:142)
46.310363 [INFO ] L (blinky src/gps/reader.rs:142)
46.310485 [INFO ] L (blinky src/gps/reader.rs:142)
46.409942 [INFO ] parsing gps (blinky blinky/src/main.rs:74)
46.409973 [INFO ] NO SIGNAL AT ALL (blinky blinky/src/main.rs:104)
47.225677 [INFO ] NEW SENTENCE (blinky src/gps/reader.rs:110)
47.225860 [INFO ] G (blinky src/gps/reader.rs:142)
47.225982 [INFO ] N (blinky src/gps/reader.rs:142)
47.226135 [INFO ] G (blinky src/gps/reader.rs:142)
47.226257 [INFO ] G (blinky src/gps/reader.rs:142)
47.226379 [INFO ] A (blinky src/gps/reader.rs:142)
47.226531 [INFO ] , (blinky src/gps/reader.rs:142)
47.226654 [INFO ] 1 (blinky src/gps/reader.rs:142)
47.226806 [INFO ] 8 (blinky src/gps/reader.rs:142)
47.226959 [INFO ] 1 (blinky src/gps/reader.rs:142)
47.227081 [INFO ] 2 (blinky src/gps/reader.rs:142)
47.227203 [INFO ] 3 (blinky src/gps/reader.rs:142)
47.227355 [INFO ] 0 (blinky src/gps/reader.rs:142)
47.227508 [INFO ] 7 (blinky src/gps/reader.rs:142)
47.227630 [INFO ] , (blinky src/gps/reader.rs:142)
47.227783 [INFO ] , (blinky src/gps/reader.rs:142)
47.227935 [INFO ] , (blinky src/gps/reader.rs:142)
47.228057 [INFO ] 0 (blinky src/gps/reader.rs:142)
47.228210 [INFO ] , (blinky src/gps/reader.rs:142)
47.228363 [INFO ] , (blinky src/gps/reader.rs:142)
47.228485 [INFO ] , (blinky src/gps/reader.rs:142)
47.228607 [INFO ] M (blinky src/gps/reader.rs:142)
47.228759 [INFO ] , (blinky src/gps/reader.rs:142)
47.228912 [INFO ] , (blinky src/gps/reader.rs:142)
47.229034 [INFO ] , (blinky src/gps/reader.rs:142)
47.229187 [INFO ] 5 (blinky src/gps/reader.rs:142)
47.229339 [INFO ] END OF SENTENCE (blinky src/gps/reader.rs:125)
47.310119 [INFO ] parsing gps (blinky blinky/src/main.rs:74)
47.310150 [INFO ] NO SIGNAL AT ALL (blinky blinky/src/main.rs:104)
47.310272 [INFO ] NEW SENTENCE (blinky src/gps/reader.rs:110)
47.310394 [INFO ] G (blinky src/gps/reader.rs:142)
47.310516 [INFO ] G (blinky src/gps/reader.rs:142)
47.310668 [INFO ] L (blinky src/gps/reader.rs:142)
47.310791 [INFO ] L (blinky src/gps/reader.rs:142)
47.410247 [INFO ] parsing gps (blinky blinky/src/main.rs:74)
47.410278 [INFO ] NO SIGNAL AT ALL (blinky blinky/src/main.rs:104)
48.228607 [INFO ] NEW SENTENCE (blinky src/gps/reader.rs:110)
48.228790 [INFO ] G (blinky src/gps/reader.rs:142)
48.228912 [INFO ] N (blinky src/gps/reader.rs:142)
48.229034 [INFO ] G (blinky src/gps/reader.rs:142)
48.229187 [INFO ] G (blinky src/gps/reader.rs:142)
48.229309 [INFO ] A (blinky src/gps/reader.rs:142)
48.229461 [INFO ] , (blinky src/gps/reader.rs:142)
48.229583 [INFO ] 1 (blinky src/gps/reader.rs:142)
48.229705 [INFO ] 8 (blinky src/gps/reader.rs:142)
48.229858 [INFO ] 1 (blinky src/gps/reader.rs:142)
48.230010 [INFO ] 2 (blinky src/gps/reader.rs:142)
48.230133 [INFO ] 4 (blinky src/gps/reader.rs:142)
48.230285 [INFO ] 0 (blinky src/gps/reader.rs:142)
48.230438 [INFO ] 7 (blinky src/gps/reader.rs:142)
48.230560 [INFO ] , (blinky src/gps/reader.rs:142)
48.230712 [INFO ] , (blinky src/gps/reader.rs:142)
48.230865 [INFO ] , (blinky src/gps/reader.rs:142)
48.230987 [INFO ] 0 (blinky src/gps/reader.rs:142)
48.231109 [INFO ] , (blinky src/gps/reader.rs:142)
48.231262 [INFO ] , (blinky src/gps/reader.rs:142)
48.231414 [INFO ] , (blinky src/gps/reader.rs:142)
48.231536 [INFO ] M (blinky src/gps/reader.rs:142)
48.231689 [INFO ] , (blinky src/gps/reader.rs:142)
48.231842 [INFO ] , (blinky src/gps/reader.rs:142)
48.231964 [INFO ] , (blinky src/gps/reader.rs:142)
48.232116 [INFO ] 5 (blinky src/gps/reader.rs:142)
48.232238 [INFO ] END OF SENTENCE (blinky src/gps/reader.rs:125)
48.310424 [INFO ] parsing gps (blinky blinky/src/main.rs:74)
48.310455 [INFO ] NO SIGNAL AT ALL (blinky blinky/src/main.rs:104)
48.310577 [INFO ] NEW SENTENCE (blinky src/gps/reader.rs:110)
48.310699 [INFO ] G (blinky src/gps/reader.rs:142)
48.310821 [INFO ] G (blinky src/gps/reader.rs:142)
48.310974 [INFO ] L (blinky src/gps/reader.rs:142)
48.311096 [INFO ] L (blinky src/gps/reader.rs:142)
48.410552 [INFO ] parsing gps (blinky blinky/src/main.rs:74)
48.410583 [INFO ] NO SIGNAL AT ALL (blinky blinky/src/main.rs:104)
