0.452789 [INFO ] . (blinky src/gps/reader.rs:152)
0.452911 [INFO ] 7 (blinky src/gps/reader.rs:152)
0.453033 [INFO ] 1 (blinky src/gps/reader.rs:152)
0.453155 [INFO ] 2 (blinky src/gps/reader.rs:152)
0.453308 [INFO ] N (blinky src/gps/reader.rs:152)
0.453430 [INFO ] , (blinky src/gps/reader.rs:152)
0.453552 [INFO ] 0 (blinky src/gps/reader.rs:152)
0.453674 [INFO ] 7 (blinky src/gps/reader.rs:152)
0.453826 [INFO ] 7 (blinky src/gps/reader.rs:152)
0.453948 [INFO ] . (blinky src/gps/reader.rs:152)
0.454071 [INFO ] 4 (blinky src/gps/reader.rs:152)
0.454193 [INFO ] 0 (blinky src/gps/reader.rs:152)
0.454345 [INFO ] , (blinky src/gps/reader.rs:152)
0.454467 [INFO ] W (blinky src/gps/reader.rs:152)
0.454589 [INFO ] , (blinky src/gps/reader.rs:152)
0.454711 [INFO ] 1 (blinky src/gps/reader.rs:152)
0.454864 [INFO ] 0 (blinky src/gps/reader.rs:152)
0.454986 [INFO ] 5 (blinky src/gps/reader.rs:152)
0.455108 [INFO ] 9 (blinky src/gps/reader.rs:152)
0.455230 [INFO ] . (blinky src/gps/reader.rs:152)
0.455383 [INFO ] 0 (blinky src/gps/reader.rs:152)
0.455505 [INFO ] , (blinky src/gps/reader.rs:152)
0.455627 [INFO ] A (blinky src/gps/reader.rs:152)
0.455749 [INFO ] , (blinky src/gps/reader.rs:152)
0.455902 [INFO ] 5 (blinky src/gps/reader.rs:152)
0.456024 [INFO ] 8 (blinky src/gps/reader.rs:152)
0.456146 [INFO ] END OF SENTENCE (blinky src/gps/reader.rs:130)
0.456207 [INFO ] preparing swap end of sentence (blinky src/gps/reader.rs:134)
0.456298 [INFO ] line parsed successfully "$GNL.712N,077.40,W,1059.0,A,58" (blinky src/gps/reader.rs:138)
0.500518 [INFO ] parsing gps (blinky blinky/src/main.rs:74)
0.500549 [INFO ] NO SIGNAL AT ALL (blinky blinky/src/main.rs:104)
0.500671 [INFO ] NEW SENTENCE (blinky src/gps/reader.rs:110)
0.500762 [INFO ] N (blinky src/gps/reader.rs:152)
0.500885 [INFO ] G (blinky src/gps/reader.rs:152)
0.501037 [INFO ] A (blinky src/gps/reader.rs:152)
0.501159 [INFO ] 1 (blinky src/gps/reader.rs:152)
0.501281 [INFO ] 2 (blinky src/gps/reader.rs:152)
0.501403 [INFO ] , (blinky src/gps/reader.rs:152)
0.501556 [INFO ] 7 (blinky src/gps/reader.rs:152)
0.501678 [INFO ] , (blinky src/gps/reader.rs:152)
0.501800 [INFO ] , (blinky src/gps/reader.rs:152)
0.501922 [INFO ] 7 (blinky src/gps/reader.rs:152)
0.502075 [INFO ] 1 (blinky src/gps/reader.rs:152)
0.502197 [INFO ] 1 (blinky src/gps/reader.rs:152)
0.502319 [INFO ] , (blinky src/gps/reader.rs:152)
0.502471 [INFO ] 2 (blinky src/gps/reader.rs:152)
0.502593 [INFO ] , (blinky src/gps/reader.rs:152)
0.502716 [INFO ] , (blinky src/gps/reader.rs:152)
0.502838 [INFO ] 1 (blinky src/gps/reader.rs:152)
0.502990 [INFO ] * (blinky src/gps/reader.rs:152)
0.503112 [INFO ] END OF SENTENCE (blinky src/gps/reader.rs:130)
0.503173 [INFO ] preparing swap end of sentence (blinky src/gps/reader.rs:134)
0.503448 [INFO ] line parsed successfully "$NGA12,7,,711,2,,1*" (blinky src/gps/reader.rs:138)
0.600646 [INFO ] parsing gps (blinky blinky/src/main.rs:74)
0.600677 [INFO ] NO SIGNAL AT ALL (blinky blinky/src/main.rs:104)
0.600799 [INFO ] NEW SENTENCE (blinky src/gps/reader.rs:110)
0.600891 [INFO ] G (blinky src/gps/reader.rs:152)
0.601013 [INFO ] L (blinky src/gps/reader.rs:152)
0.601135 [INFO ] S (blinky src/gps/reader.rs:152)
0.601287 [INFO ] V (blinky src/gps/reader.rs:152)
0.700775 [INFO ] parsing gps (blinky blinky/src/main.rs:74)
0.700805 [INFO ] NO SIGNAL AT ALL (blinky blinky/src/main.rs:104)
1.501403 [INFO ] L (blinky src/gps/reader.rs:152)
1.501525 [INFO ] , (blinky src/gps/reader.rs:152)
1.501647 [INFO ] 0 (blinky src/gps/reader.rs:152)
1.501770 [INFO ] 4 (blinky src/gps/reader.rs:152)
1.501922 [INFO ] 6 (blinky src/gps/reader.rs:152)
1.502044 [INFO ] , (blinky src/gps/reader.rs:152)
1.502166 [INFO ] , (blinky src/gps/reader.rs:152)
1.502319 [INFO ] 1 (blinky src/gps/reader.rs:152)
1.502441 [INFO ] * (blinky src/gps/reader.rs:152)
1.502563 [INFO ] 6 (blinky src/gps/reader.rs:152)
1.502685 [INFO ] RETURN (blinky src/gps/reader.rs:147)
1.502746 [INFO ] NEW SENTENCE (blinky src/gps/reader.rs:110)
1.502807 [INFO ] preparing swap (blinky src/gps/reader.rs:115)
1.503082 [INFO ] line parsed successfully "$NGL,046,,1*6" (blinky src/gps/reader.rs:119)
1.601074 [INFO ] parsing gps (blinky blinky/src/main.rs:74)
1.601104 [INFO ] NO SIGNAL AT ALL (blinky blinky/src/main.rs:104)
1.601257 [INFO ] P (blinky src/gps/reader.rs:152)
1.601379 [INFO ] G (blinky src/gps/reader.rs:152)
1.601531 [INFO ] V (blinky src/gps/reader.rs:152)
1.601654 [INFO ] , (blinky src/gps/reader.rs:152)
1.601776 [INFO ] 3 (blinky src/gps/reader.rs:152)
1.701202 [INFO ] parsing gps (blinky blinky/src/main.rs:74)
1.701232 [INFO ] NO SIGNAL AT ALL (blinky blinky/src/main.rs:104)
2.501831 [INFO ] L (blinky src/gps/reader.rs:152)
2.501953 [INFO ] , (blinky src/gps/reader.rs:152)
2.502075 [INFO ] 2 (blinky src/gps/reader.rs:152)
2.502197 [INFO ] 5 (blinky src/gps/reader.rs:152)
2.502349 [INFO ] , (blinky src/gps/reader.rs:152)
2.502471 [INFO ] 0 (blinky src/gps/reader.rs:152)
2.502593 [INFO ] , (blinky src/gps/reader.rs:152)
2.502716 [INFO ] 3 (blinky src/gps/reader.rs:152)
2.502868 [INFO ] 3 (blinky src/gps/reader.rs:152)
2.502990 [INFO ] , (blinky src/gps/reader.rs:152)
2.503112 [INFO ] , (blinky src/gps/reader.rs:152)
2.503265 [INFO ] 1 (blinky src/gps/reader.rs:152)
2.503387 [INFO ] 9 (blinky src/gps/reader.rs:152)
2.503509 [INFO ] , (blinky src/gps/reader.rs:152)
2.503631 [INFO ] 1 (blinky src/gps/reader.rs:152)
2.503784 [INFO ] , (blinky src/gps/reader.rs:152)
2.503906 [INFO ] 1 (blinky src/gps/reader.rs:152)
2.504028 [INFO ] 8 (blinky src/gps/reader.rs:152)
2.504180 [INFO ] 4 (blinky src/gps/reader.rs:152)
2.504302 [INFO ] , (blinky src/gps/reader.rs:152)
2.504425 [INFO ] 1 (blinky src/gps/reader.rs:152)
2.504547 [INFO ] 9 (blinky src/gps/reader.rs:152)
2.504699 [INFO ] 4 (blinky src/gps/reader.rs:152)
2.504821 [INFO ] 6 (blinky src/gps/reader.rs:152)
2.504943 [INFO ] , (blinky src/gps/reader.rs:152)
2.505065 [INFO ] 1 (blinky src/gps/reader.rs:152)
2.505218 [INFO ] 1 (blinky src/gps/reader.rs:152)
2.505340 [INFO ] * (blinky src/gps/reader.rs:152)
2.505462 [INFO ] 6 (blinky src/gps/reader.rs:152)
2.505584 [INFO ] 8 (blinky src/gps/reader.rs:152)
2.505737 [INFO ] NEW SENTENCE (blinky src/gps/reader.rs:110)
2.505767 [INFO ] preparing swap (blinky src/gps/reader.rs:115)
2.506072 [INFO ] line parsed successfully "$NGL,25,0,33,,19,1,184,1946,11*68" (blinky src/gps/reader.rs:119)
2.601501 [INFO ] parsing gps (blinky blinky/src/main.rs:74)
2.601531 [INFO ] NO SIGNAL AT ALL (blinky blinky/src/main.rs:104)
2.601684 [INFO ] P (blinky src/gps/reader.rs:152)
2.601806 [INFO ] G (blinky src/gps/reader.rs:152)
2.601959 [INFO ] S (blinky src/gps/reader.rs:152)
2.602081 [INFO ] , (blinky src/gps/reader.rs:152)
2.602203 [INFO ] 3 (blinky src/gps/reader.rs:152)
2.701629 [INFO ] parsing gps (blinky blinky/src/main.rs:74)
2.701660 [INFO ] NO SIGNAL AT ALL (blinky blinky/src/main.rs:104)
3.502258 [INFO ] L (blinky src/gps/reader.rs:152)
3.502380 [INFO ] , (blinky src/gps/reader.rs:152)
3.502502 [INFO ] 3 (blinky src/gps/reader.rs:152)
3.502624 [INFO ] A (blinky src/gps/reader.rs:152)
3.502777 [INFO ] , (blinky src/gps/reader.rs:152)
3.502899 [INFO ] A (blinky src/gps/reader.rs:152)
3.503021 [INFO ] , (blinky src/gps/reader.rs:152)
3.503173 [INFO ] 2 (blinky src/gps/reader.rs:152)
3.503295 [INFO ] 9 (blinky src/gps/reader.rs:152)
3.503417 [INFO ] , (blinky src/gps/reader.rs:152)
3.503540 [INFO ] 0 (blinky src/gps/reader.rs:152)
3.503692 [INFO ] 2 (blinky src/gps/reader.rs:152)
3.503814 [INFO ] 6 (blinky src/gps/reader.rs:152)
3.503936 [INFO ] , (blinky src/gps/reader.rs:152)
3.504058 [INFO ] 3 (blinky src/gps/reader.rs:152)
3.504211 [INFO ] , (blinky src/gps/reader.rs:152)
3.504333 [INFO ] , (blinky src/gps/reader.rs:152)
3.504455 [INFO ] , (blinky src/gps/reader.rs:152)
3.504577 [INFO ] , (blinky src/gps/reader.rs:152)
3.504730 [INFO ] , (blinky src/gps/reader.rs:152)
3.504852 [INFO ] , (blinky src/gps/reader.rs:152)
3.504974 [INFO ] 1 (blinky src/gps/reader.rs:152)
3.505096 [INFO ] . (blinky src/gps/reader.rs:152)
3.505249 [INFO ] , (blinky src/gps/reader.rs:152)
3.505371 [INFO ] 0 (blinky src/gps/reader.rs:152)
3.505493 [INFO ] . (blinky src/gps/reader.rs:152)
3.505615 [INFO ] 6 (blinky src/gps/reader.rs:152)
3.505767 [INFO ] 1 (blinky src/gps/reader.rs:152)
3.505889 [INFO ] . (blinky src/gps/reader.rs:152)
3.506011 [INFO ] 1 (blinky src/gps/reader.rs:152)
3.506134 [INFO ] 5 (blinky src/gps/reader.rs:152)
3.506286 [INFO ] * (blinky src/gps/reader.rs:152)
3.506408 [INFO ] 0 (blinky src/gps/reader.rs:152)
3.506530 [INFO ] D (blinky src/gps/reader.rs:152)
3.506652 [INFO ] END OF SENTENCE (blinky src/gps/reader.rs:130)
3.506713 [INFO ] preparing swap end of sentence (blinky src/gps/reader.rs:134)
3.506988 [INFO ] line parsed successfully "$NGL,3A,A,29,026,3,,,,,,1.,0.61.15*0D" (blinky src/gps/reader.rs:138)
3.601928 [INFO ] parsing gps (blinky blinky/src/main.rs:74)
3.601959 [INFO ] NO SIGNAL AT ALL (blinky blinky/src/main.rs:104)
3.602081 [INFO ] SENTENCE NOT EMPTY, MISSING PUSH FOR CHAR. G (blinky src/gps/reader.rs:156)
3.602142 [INFO ] SENTENCE NOT EMPTY, MISSING PUSH FOR CHAR. N (blinky src/gps/reader.rs:156)
3.602233 [INFO ] SENTENCE NOT EMPTY, MISSING PUSH FOR CHAR. G (blinky src/gps/reader.rs:156)
3.602325 [INFO ] SENTENCE NOT EMPTY, MISSING PUSH FOR CHAR. S (blinky src/gps/reader.rs:156)
3.602386 [INFO ] SENTENCE NOT EMPTY, MISSING PUSH FOR CHAR. A (blinky src/gps/reader.rs:156)
3.702056 [INFO ] parsing gps (blinky blinky/src/main.rs:74)
3.702087 [INFO ] NO SIGNAL AT ALL (blinky blinky/src/main.rs:104)
4.475006 [INFO ] 7 (blinky src/gps/reader.rs:152)
4.475128 [INFO ] 1 (blinky src/gps/reader.rs:152)
4.475250 [INFO ] 2 (blinky src/gps/reader.rs:152)
4.475402 [INFO ] 5 (blinky src/gps/reader.rs:152)
4.475524 [INFO ] , (blinky src/gps/reader.rs:152)
4.475646 [INFO ] 0 (blinky src/gps/reader.rs:152)
4.475769 [INFO ] 7 (blinky src/gps/reader.rs:152)
4.475921 [INFO ] 8 (blinky src/gps/reader.rs:152)
4.476043 [INFO ] . (blinky src/gps/reader.rs:152)
4.476165 [INFO ] 4 (blinky src/gps/reader.rs:152)
4.476318 [INFO ] 0 (blinky src/gps/reader.rs:152)
4.476440 [INFO ] 9 (blinky src/gps/reader.rs:152)
4.476562 [INFO ] W (blinky src/gps/reader.rs:152)
4.476684 [INFO ] , (blinky src/gps/reader.rs:152)
4.476837 [INFO ] 1 (blinky src/gps/reader.rs:152)
4.476959 [INFO ] 8 (blinky src/gps/reader.rs:152)
4.477081 [INFO ] 0 (blinky src/gps/reader.rs:152)
4.477233 [INFO ] 3 (blinky src/gps/reader.rs:152)
4.477355 [INFO ] . (blinky src/gps/reader.rs:152)
4.477478 [INFO ] 0 (blinky src/gps/reader.rs:152)
4.477600 [INFO ] , (blinky src/gps/reader.rs:152)
4.477752 [INFO ] A (blinky src/gps/reader.rs:152)
4.477874 [INFO ] , (blinky src/gps/reader.rs:152)
4.477996 [INFO ] A (blinky src/gps/reader.rs:152)
4.478149 [INFO ] 7 (blinky src/gps/reader.rs:152)
4.478271 [INFO ] END OF SENTENCE (blinky src/gps/reader.rs:130)
4.478302 [INFO ] preparing swap end of sentence (blinky src/gps/reader.rs:134)
4.478393 [INFO ] line parsed successfully "$GNLL7125,078.409W,1803.0,A,A7" (blinky src/gps/reader.rs:138)
4.502227 [INFO ] parsing gps (blinky blinky/src/main.rs:74)
4.502258 [INFO ] NO SIGNAL AT ALL (blinky blinky/src/main.rs:104)
4.502380 [INFO ] NEW SENTENCE (blinky src/gps/reader.rs:110)
4.502471 [INFO ] G (blinky src/gps/reader.rs:152)
4.502593 [INFO ] G (blinky src/gps/reader.rs:152)
4.502716 [INFO ] S (blinky src/gps/reader.rs:152)
4.502868 [INFO ] 4 (blinky src/gps/reader.rs:152)
4.502990 [INFO ] , (blinky src/gps/reader.rs:152)
4.503112 [INFO ] 1 (blinky src/gps/reader.rs:152)
4.503234 [INFO ] * (blinky src/gps/reader.rs:152)
4.503387 [INFO ] END OF SENTENCE (blinky src/gps/reader.rs:130)
4.503448 [INFO ] preparing swap end of sentence (blinky src/gps/reader.rs:134)
4.503723 [INFO ] line parsed successfully "$GGS4,1*" (blinky src/gps/reader.rs:138)
4.602355 [INFO ] parsing gps (blinky blinky/src/main.rs:74)
4.602386 [INFO ] NO SIGNAL AT ALL (blinky blinky/src/main.rs:104)
4.602508 [INFO ] NEW SENTENCE (blinky src/gps/reader.rs:110)
4.602600 [INFO ] G (blinky src/gps/reader.rs:152)
4.602722 [INFO ] P (blinky src/gps/reader.rs:152)
4.602844 [INFO ] S (blinky src/gps/reader.rs:152)
4.602996 [INFO ] V (blinky src/gps/reader.rs:152)
4.702484 [INFO ] parsing gps (blinky blinky/src/main.rs:74)
4.702514 [INFO ] NO SIGNAL AT ALL (blinky blinky/src/main.rs:104)
5.503112 [INFO ] L (blinky src/gps/reader.rs:152)
5.503234 [INFO ] , (blinky src/gps/reader.rs:152)
5.503356 [INFO ] 3 (blinky src/gps/reader.rs:152)
5.503479 [INFO ] , (blinky src/gps/reader.rs:152)
5.503631 [INFO ] 2 (blinky src/gps/reader.rs:152)
5.503753 [INFO ] 1 (blinky src/gps/reader.rs:152)
5.503875 [INFO ] 3 (blinky src/gps/reader.rs:152)
5.504028 [INFO ] 5 (blinky src/gps/reader.rs:152)
5.504150 [INFO ] , (blinky src/gps/reader.rs:152)
5.504272 [INFO ] 1 (blinky src/gps/reader.rs:152)
5.504394 [INFO ] 7 (blinky src/gps/reader.rs:152)
5.504547 [INFO ] END OF SENTENCE (blinky src/gps/reader.rs:130)
5.504577 [INFO ] preparing swap end of sentence (blinky src/gps/reader.rs:134)
5.504669 [INFO ] line parsed successfully "$NGL,3,2135,17" (blinky src/gps/reader.rs:138)
5.602783 [INFO ] parsing gps (blinky blinky/src/main.rs:74)
5.602813 [INFO ] NO SIGNAL AT ALL (blinky blinky/src/main.rs:104)
5.602935 [INFO ] NEW SENTENCE (blinky src/gps/reader.rs:110)
5.603027 [INFO ] G (blinky src/gps/reader.rs:152)
5.603149 [INFO ] G (blinky src/gps/reader.rs:152)
5.603271 [INFO ] S (blinky src/gps/reader.rs:152)
5.603424 [INFO ] V (blinky src/gps/reader.rs:152)
5.702911 [INFO ] parsing gps (blinky blinky/src/main.rs:74)
5.702941 [INFO ] NO SIGNAL AT ALL (blinky blinky/src/main.rs:104)
6.456451 [INFO ] NEW SENTENCE (blinky src/gps/reader.rs:110)
6.456481 [INFO ] preparing swap (blinky src/gps/reader.rs:115)
6.456573 [INFO ] line parsed successfully "$GGSV" (blinky src/gps/reader.rs:119)
6.456726 [INFO ] G (blinky src/gps/reader.rs:152)
6.456878 [INFO ] N (blinky src/gps/reader.rs:152)
6.457000 [INFO ] G (blinky src/gps/reader.rs:152)
6.457122 [INFO ] G (blinky src/gps/reader.rs:152)
6.457244 [INFO ] A (blinky src/gps/reader.rs:152)
6.457366 [INFO ] , (blinky src/gps/reader.rs:152)
6.457519 [INFO ] 8 (blinky src/gps/reader.rs:152)
6.457641 [INFO ] 2 (blinky src/gps/reader.rs:152)
6.457763 [INFO ] 1 (blinky src/gps/reader.rs:152)
6.457885 [INFO ] 0 (blinky src/gps/reader.rs:152)
6.458038 [INFO ] 0 (blinky src/gps/reader.rs:152)
6.458160 [INFO ] 0 (blinky src/gps/reader.rs:152)
6.458282 [INFO ] 0 (blinky src/gps/reader.rs:152)
6.458404 [INFO ] , (blinky src/gps/reader.rs:152)
6.458557 [INFO ] 4 (blinky src/gps/reader.rs:152)
6.458679 [INFO ] 8 (blinky src/gps/reader.rs:152)
6.458801 [INFO ] . (blinky src/gps/reader.rs:152)
6.458923 [INFO ] 7 (blinky src/gps/reader.rs:152)
6.459075 [INFO ] 4 (blinky src/gps/reader.rs:152)
6.459197 [INFO ] , (blinky src/gps/reader.rs:152)
6.459320 [INFO ] N (blinky src/gps/reader.rs:152)
6.459442 [INFO ] , (blinky src/gps/reader.rs:152)
6.459594 [INFO ] 8 (blinky src/gps/reader.rs:152)
6.459716 [INFO ] 4 (blinky src/gps/reader.rs:152)
6.459838 [INFO ] 7 (blinky src/gps/reader.rs:152)
6.459960 [INFO ] . (blinky src/gps/reader.rs:152)
6.460113 [INFO ] 9 (blinky src/gps/reader.rs:152)
6.460235 [INFO ] 1 (blinky src/gps/reader.rs:152)
6.460357 [INFO ] , (blinky src/gps/reader.rs:152)
6.460479 [INFO ] W (blinky src/gps/reader.rs:152)
6.460632 [INFO ] , (blinky src/gps/reader.rs:152)
6.460754 [INFO ] 2 (blinky src/gps/reader.rs:152)
6.460876 [INFO ] 1 (blinky src/gps/reader.rs:152)
6.460998 [INFO ] , (blinky src/gps/reader.rs:152)
6.461151 [INFO ] 6 (blinky src/gps/reader.rs:152)
6.461273 [INFO ] 5 (blinky src/gps/reader.rs:152)
6.461395 [INFO ] , (blinky src/gps/reader.rs:152)
6.461517 [INFO ] 1 (blinky src/gps/reader.rs:152)
6.461669 [INFO ] . (blinky src/gps/reader.rs:152)
6.461791 [INFO ] 2 (blinky src/gps/reader.rs:152)
6.509094 [INFO ] preparing swap (blinky src/gps/reader.rs:115)
6.509399 [INFO ] line parsed successfully "$NGL,1,090,4732,170,4331,9,3853,269,3064,,1*7" (blinky src/gps/reader.rs:119)
6.462585 [INFO ] 0 (blinky src/gps/reader.rs:152)
6.462707 [INFO ] , (blinky src/gps/reader.rs:152)
6.462829 [INFO ] , (blinky src/gps/reader.rs:152)
6.462951 [INFO ] * (blinky src/gps/reader.rs:152)
6.463104 [INFO ] 4 (blinky src/gps/reader.rs:152)
6.463226 [INFO ] RETURN (blinky src/gps/reader.rs:147)
6.463287 [INFO ] NEW SENTENCE (blinky src/gps/reader.rs:110)
6.463348 [INFO ] preparing swap (blinky src/gps/reader.rs:115)
6.463562 [INFO ] line parsed successfully "$GNGGA,8210000,48.74,N,847.91,W,21,65,1.2,M33.0,,*4" (blinky src/gps/reader.rs:119)
6.503082 [INFO ] parsing gps (blinky blinky/src/main.rs:74)
6.503112 [INFO ] NO SIGNAL AT ALL (blinky blinky/src/main.rs:104)
6.503265 [INFO ] N (blinky src/gps/reader.rs:152)
6.503387 [INFO ] G (blinky src/gps/reader.rs:152)
6.503540 [INFO ] L (blinky src/gps/reader.rs:152)
6.503662 [INFO ] , (blinky src/gps/reader.rs:152)
6.503784 [INFO ] 1 (blinky src/gps/reader.rs:152)
6.503906 [INFO ] , (blinky src/gps/reader.rs:152)
6.504058 [INFO ] 0 (blinky src/gps/reader.rs:152)
6.504180 [INFO ] 9 (blinky src/gps/reader.rs:152)
6.504302 [INFO ] 0 (blinky src/gps/reader.rs:152)
6.504455 [INFO ] , (blinky src/gps/reader.rs:152)
6.504577 [INFO ] 4 (blinky src/gps/reader.rs:152)
6.504699 [INFO ] 7 (blinky src/gps/reader.rs:152)
6.504821 [INFO ] 3 (blinky src/gps/reader.rs:152)
6.504974 [INFO ] 2 (blinky src/gps/reader.rs:152)
6.505096 [INFO ] , (blinky src/gps/reader.rs:152)
6.505218 [INFO ] 1 (blinky src/gps/reader.rs:152)
6.505340 [INFO ] 7 (blinky src/gps/reader.rs:152)
6.505493 [INFO ] 0 (blinky src/gps/reader.rs:152)
6.505615 [INFO ] , (blinky src/gps/reader.rs:152)
6.505737 [INFO ] 4 (blinky src/gps/reader.rs:152)
6.505889 [INFO ] 3 (blinky src/gps/reader.rs:152)
6.506011 [INFO ] 3 (blinky src/gps/reader.rs:152)
6.506134 [INFO ] 1 (blinky src/gps/reader.rs:152)
6.506256 [INFO ] , (blinky src/gps/reader.rs:152)
6.506408 [INFO ] 9 (blinky src/gps/reader.rs:152)
6.506530 [INFO ] , (blinky src/gps/reader.rs:152)
6.506652 [INFO ] 3 (blinky src/gps/reader.rs:152)
6.506774 [INFO ] 8 (blinky src/gps/reader.rs:152)
6.506927 [INFO ] 5 (blinky src/gps/reader.rs:152)
6.507049 [INFO ] 3 (blinky src/gps/reader.rs:152)
6.507171 [INFO ] , (blinky src/gps/reader.rs:152)
6.507293 [INFO ] 2 (blinky src/gps/reader.rs:152)
6.507446 [INFO ] 6 (blinky src/gps/reader.rs:152)
6.507568 [INFO ] 9 (blinky src/gps/reader.rs:152)
6.507690 [INFO ] , (blinky src/gps/reader.rs:152)
6.507812 [INFO ] 3 (blinky src/gps/reader.rs:152)
6.507965 [INFO ] 0 (blinky src/gps/reader.rs:152)
6.508087 [INFO ] 6 (blinky src/gps/reader.rs:152)
6.508209 [INFO ] 4 (blinky src/gps/reader.rs:152)
6.508331 [INFO ] , (blinky src/gps/reader.rs:152)
6.508483 [INFO ] , (blinky src/gps/reader.rs:152)
6.508605 [INFO ] 1 (blinky src/gps/reader.rs:152)
6.508728 [INFO ] * (blinky src/gps/reader.rs:152)
6.508850 [INFO ] 7 (blinky src/gps/reader.rs:152)
6.509002 [INFO ] RETURN (blinky src/gps/reader.rs:147)
6.509063 [INFO ] NEW SENTENCE (blinky src/gps/reader.rs:110)
6.509094 [INFO ] preparing swap (blinky src/gps/reader.rs:115)
6.509399 [INFO ] line parsed successfully "$NGL,1,090,4732,170,4331,9,3853,269,3064,,1*7" (blinky src/gps/reader.rs:119)
6.603210 [INFO ] parsing gps (blinky blinky/src/main.rs:74)
6.603240 [INFO ] NO SIGNAL AT ALL (blinky blinky/src/main.rs:104)
6.603393 [INFO ] L (blinky src/gps/reader.rs:152)
6.603515 [INFO ] G (blinky src/gps/reader.rs:152)
6.603668 [INFO ] V (blinky src/gps/reader.rs:152)
6.603790 [INFO ] , (blinky src/gps/reader.rs:152)
6.603912 [INFO ] 3 (blinky src/gps/reader.rs:152)
6.703338 [INFO ] parsing gps (blinky blinky/src/main.rs:74)
6.703369 [INFO ] NO SIGNAL AT ALL (blinky blinky/src/main.rs:104)
7.503967 [INFO ] L (blinky src/gps/reader.rs:152)
7.504089 [INFO ] , (blinky src/gps/reader.rs:152)
7.504211 [INFO ] 7 (blinky src/gps/reader.rs:152)
7.504333 [INFO ] , (blinky src/gps/reader.rs:152)
7.504486 [INFO ] 7 (blinky src/gps/reader.rs:152)
7.504608 [INFO ] 0 (blinky src/gps/reader.rs:152)
7.504730 [INFO ] 4 (blinky src/gps/reader.rs:152)
7.504882 [INFO ] , (blinky src/gps/reader.rs:152)
7.505004 [INFO ] 3 (blinky src/gps/reader.rs:152)
7.505126 [INFO ] 3 (blinky src/gps/reader.rs:152)
7.505249 [INFO ] , (blinky src/gps/reader.rs:152)
7.505401 [INFO ] 7 (blinky src/gps/reader.rs:152)
7.505523 [INFO ] 9 (blinky src/gps/reader.rs:152)
7.505645 [INFO ] , (blinky src/gps/reader.rs:152)
7.505798 [INFO ] , (blinky src/gps/reader.rs:152)
7.505920 [INFO ] 0 (blinky src/gps/reader.rs:152)
7.506042 [INFO ] 5 (blinky src/gps/reader.rs:152)
7.506164 [INFO ] 3 (blinky src/gps/reader.rs:152)
7.506286 [INFO ] 0 (blinky src/gps/reader.rs:152)
7.506439 [INFO ] , (blinky src/gps/reader.rs:152)
7.506561 [INFO ] 6 (blinky src/gps/reader.rs:152)
7.506683 [INFO ] 9 (blinky src/gps/reader.rs:152)
7.506835 [INFO ] 5 (blinky src/gps/reader.rs:152)
7.506958 [INFO ] , (blinky src/gps/reader.rs:152)
7.507080 [INFO ] 0 (blinky src/gps/reader.rs:152)
7.507202 [INFO ] 6 (blinky src/gps/reader.rs:152)
7.507354 [INFO ] 1 (blinky src/gps/reader.rs:152)
7.507476 [INFO ] 5 (blinky src/gps/reader.rs:152)
7.507598 [INFO ] , (blinky src/gps/reader.rs:152)
7.507720 [INFO ] 1 (blinky src/gps/reader.rs:152)
7.507873 [INFO ] 6 (blinky src/gps/reader.rs:152)
7.507995 [INFO ] END OF SENTENCE (blinky src/gps/reader.rs:130)
7.508026 [INFO ] preparing swap end of sentence (blinky src/gps/reader.rs:134)
7.508117 [INFO ] line parsed successfully "$NGL,7,704,33,79,,0530,695,0615,16" (blinky src/gps/reader.rs:138)
7.603637 [INFO ] parsing gps (blinky blinky/src/main.rs:74)
7.603668 [INFO ] NO SIGNAL AT ALL (blinky blinky/src/main.rs:104)
7.603790 [INFO ] NEW SENTENCE (blinky src/gps/reader.rs:110)
7.603881 [INFO ] G (blinky src/gps/reader.rs:152)
7.604003 [INFO ] G (blinky src/gps/reader.rs:152)
7.604125 [INFO ] S (blinky src/gps/reader.rs:152)
7.604278 [INFO ] V (blinky src/gps/reader.rs:152)
7.703765 [INFO ] parsing gps (blinky blinky/src/main.rs:74)
7.703796 [INFO ] NO SIGNAL AT ALL (blinky blinky/src/main.rs:104)
8.455413 [INFO ] NEW SENTENCE (blinky src/gps/reader.rs:110)
8.455444 [INFO ] preparing swap (blinky src/gps/reader.rs:115)
8.455535 [INFO ] line parsed successfully "$GGSV" (blinky src/gps/reader.rs:119)
8.455718 [INFO ] G (blinky src/gps/reader.rs:152)
8.455841 [INFO ] N (blinky src/gps/reader.rs:152)
8.455963 [INFO ] G (blinky src/gps/reader.rs:152)
8.456085 [INFO ] G (blinky src/gps/reader.rs:152)
8.456207 [INFO ] A (blinky src/gps/reader.rs:152)
8.456329 [INFO ] , (blinky src/gps/reader.rs:152)
8.456481 [INFO ] 8 (blinky src/gps/reader.rs:152)
8.456604 [INFO ] 2 (blinky src/gps/reader.rs:152)
8.456726 [INFO ] 1 (blinky src/gps/reader.rs:152)
8.456848 [INFO ] 0 (blinky src/gps/reader.rs:152)
8.457000 [INFO ] 0 (blinky src/gps/reader.rs:152)
8.457122 [INFO ] 0 (blinky src/gps/reader.rs:152)
8.457244 [INFO ] 0 (blinky src/gps/reader.rs:152)
8.457397 [INFO ] , (blinky src/gps/reader.rs:152)
8.457519 [INFO ] 4 (blinky src/gps/reader.rs:152)
8.457641 [INFO ] 8 (blinky src/gps/reader.rs:152)
8.457763 [INFO ] . (blinky src/gps/reader.rs:152)
8.457916 [INFO ] 7 (blinky src/gps/reader.rs:152)
8.458038 [INFO ] 5 (blinky src/gps/reader.rs:152)
8.458160 [INFO ] , (blinky src/gps/reader.rs:152)
8.458312 [INFO ] N (blinky src/gps/reader.rs:152)
8.458435 [INFO ] , (blinky src/gps/reader.rs:152)
8.458557 [INFO ] 8 (blinky src/gps/reader.rs:152)
8.458679 [INFO ] 4 (blinky src/gps/reader.rs:152)
8.458801 [INFO ] 7 (blinky src/gps/reader.rs:152)
8.458953 [INFO ] . (blinky src/gps/reader.rs:152)
8.459075 [INFO ] 9 (blinky src/gps/reader.rs:152)
8.459197 [INFO ] 1 (blinky src/gps/reader.rs:152)
8.459350 [INFO ] , (blinky src/gps/reader.rs:152)
8.459472 [INFO ] W (blinky src/gps/reader.rs:152)
8.459594 [INFO ] , (blinky src/gps/reader.rs:152)
8.459716 [INFO ] 2 (blinky src/gps/reader.rs:152)
8.459869 [INFO ] 1 (blinky src/gps/reader.rs:152)
8.459991 [INFO ] , (blinky src/gps/reader.rs:152)
8.460113 [INFO ] 6 (blinky src/gps/reader.rs:152)
8.460266 [INFO ] 5 (blinky src/gps/reader.rs:152)
8.460388 [INFO ] , (blinky src/gps/reader.rs:152)
8.460510 [INFO ] 1 (blinky src/gps/reader.rs:152)
8.460632 [INFO ] . (blinky src/gps/reader.rs:152)
8.460784 [INFO ] 0 (blinky src/gps/reader.rs:152)
8.460906 [INFO ] , (blinky src/gps/reader.rs:152)
8.461029 [INFO ] M (blinky src/gps/reader.rs:152)
8.461181 [INFO ] 3 (blinky src/gps/reader.rs:152)
8.461303 [INFO ] 3 (blinky src/gps/reader.rs:152)
8.461425 [INFO ] . (blinky src/gps/reader.rs:152)
8.461547 [INFO ] 0 (blinky src/gps/reader.rs:152)
8.461700 [INFO ] , (blinky src/gps/reader.rs:152)
8.461822 [INFO ] , (blinky src/gps/reader.rs:152)
8.461944 [INFO ] * (blinky src/gps/reader.rs:152)
8.462066 [INFO ] 4 (blinky src/gps/reader.rs:152)
8.462219 [INFO ] RETURN (blinky src/gps/reader.rs:147)
8.462280 [INFO ] NEW SENTENCE (blinky src/gps/reader.rs:110)
8.462310 [INFO ] preparing swap (blinky src/gps/reader.rs:115)
8.462524 [INFO ] line parsed successfully "$GNGGA,8210000,48.75,N,847.91,W,21,65,1.0,M33.0,,*4" (blinky src/gps/reader.rs:119)
8.503936 [INFO ] parsing gps (blinky blinky/src/main.rs:74)
8.503967 [INFO ] NO SIGNAL AT ALL (blinky blinky/src/main.rs:104)
8.504119 [INFO ] N (blinky src/gps/reader.rs:152)
8.504241 [INFO ] G (blinky src/gps/reader.rs:152)
8.504394 [INFO ] L (blinky src/gps/reader.rs:152)
8.504516 [INFO ] , (blinky src/gps/reader.rs:152)
8.504638 [INFO ] 3 (blinky src/gps/reader.rs:152)
8.504760 [INFO ] , (blinky src/gps/reader.rs:152)
8.504913 [INFO ] 3 (blinky src/gps/reader.rs:152)
8.505035 [INFO ] 3 (blinky src/gps/reader.rs:152)
8.505157 [INFO ] 1 (blinky src/gps/reader.rs:152)
8.505310 [INFO ] 7 (blinky src/gps/reader.rs:152)
8.505432 [INFO ] 9 (blinky src/gps/reader.rs:152)
8.505554 [INFO ] , (blinky src/gps/reader.rs:152)
8.505676 [INFO ] 3 (blinky src/gps/reader.rs:152)
8.505828 [INFO ] 0 (blinky src/gps/reader.rs:152)
8.505950 [INFO ] 5 (blinky src/gps/reader.rs:152)
8.506072 [INFO ] 3 (blinky src/gps/reader.rs:152)
8.506195 [INFO ] , (blinky src/gps/reader.rs:152)
8.506347 [INFO ] , (blinky src/gps/reader.rs:152)
8.506469 [INFO ] 6 (blinky src/gps/reader.rs:152)
8.506591 [INFO ] 9 (blinky src/gps/reader.rs:152)
8.506713 [INFO ] , (blinky src/gps/reader.rs:152)
8.506866 [INFO ] , (blinky src/gps/reader.rs:152)
8.506988 [INFO ] 0 (blinky src/gps/reader.rs:152)
8.507110 [INFO ] 6 (blinky src/gps/reader.rs:152)
8.507232 [INFO ] 4 (blinky src/gps/reader.rs:152)
8.507385 [INFO ] 5 (blinky src/gps/reader.rs:152)
8.507507 [INFO ] , (blinky src/gps/reader.rs:152)
8.507629 [INFO ] 1 (blinky src/gps/reader.rs:152)
8.507751 [INFO ] * (blinky src/gps/reader.rs:152)
8.507904 [INFO ] END OF SENTENCE (blinky src/gps/reader.rs:130)
8.507934 [INFO ] preparing swap end of sentence (blinky src/gps/reader.rs:134)
8.508239 [INFO ] line parsed successfully "$NGL,3,33179,3053,,69,,0645,1*" (blinky src/gps/reader.rs:138)
8.604064 [INFO ] parsing gps (blinky blinky/src/main.rs:74)
8.604095 [INFO ] NO SIGNAL AT ALL (blinky blinky/src/main.rs:104)
8.604217 [INFO ] NEW SENTENCE (blinky src/gps/reader.rs:110)
8.604309 [INFO ] G (blinky src/gps/reader.rs:152)
8.604431 [INFO ] L (blinky src/gps/reader.rs:152)
8.604553 [INFO ] S (blinky src/gps/reader.rs:152)
8.604705 [INFO ] V (blinky src/gps/reader.rs:152)
8.704193 [INFO ] parsing gps (blinky blinky/src/main.rs:74)
8.704223 [INFO ] NO SIGNAL AT ALL (blinky blinky/src/main.rs:104)
9.504821 [INFO ] L (blinky src/gps/reader.rs:152)
9.504943 [INFO ] 3 (blinky src/gps/reader.rs:152)
9.505065 [INFO ] , (blinky src/gps/reader.rs:152)
9.505187 [INFO ] 3 (blinky src/gps/reader.rs:152)
9.505340 [INFO ] , (blinky src/gps/reader.rs:152)
9.505462 [INFO ] 0 (blinky src/gps/reader.rs:152)
9.505584 [INFO ] 9 (blinky src/gps/reader.rs:152)
9.505737 [INFO ] , (blinky src/gps/reader.rs:152)
9.505859 [INFO ] 8 (blinky src/gps/reader.rs:152)
9.505981 [INFO ] 4 (blinky src/gps/reader.rs:152)
9.506103 [INFO ] 7 (blinky src/gps/reader.rs:152)
9.506256 [INFO ] , (blinky src/gps/reader.rs:152)
9.506378 [INFO ] 1 (blinky src/gps/reader.rs:152)
9.506500 [INFO ] , (blinky src/gps/reader.rs:152)
9.506622 [INFO ] 1 (blinky src/gps/reader.rs:152)
9.506774 [INFO ] 4 (blinky src/gps/reader.rs:152)
9.506896 [INFO ] , (blinky src/gps/reader.rs:152)
9.507019 [INFO ] , (blinky src/gps/reader.rs:152)
9.507171 [INFO ] 4 (blinky src/gps/reader.rs:152)
9.507293 [INFO ] 4 (blinky src/gps/reader.rs:152)
9.507415 [INFO ] , (blinky src/gps/reader.rs:152)
9.507537 [INFO ] 1 (blinky src/gps/reader.rs:152)
9.507690 [INFO ] , (blinky src/gps/reader.rs:152)
9.507812 [INFO ] , (blinky src/gps/reader.rs:152)
9.507934 [INFO ] 7 (blinky src/gps/reader.rs:152)
9.508087 [INFO ] 3 (blinky src/gps/reader.rs:152)
9.508209 [INFO ] 8 (blinky src/gps/reader.rs:152)
9.508331 [INFO ] , (blinky src/gps/reader.rs:152)
9.508453 [INFO ] 0 (blinky src/gps/reader.rs:152)
9.508605 [INFO ] , (blinky src/gps/reader.rs:152)
9.508728 [INFO ] 2 (blinky src/gps/reader.rs:152)
9.508850 [INFO ] 1 (blinky src/gps/reader.rs:152)
9.508972 [INFO ] , (blinky src/gps/reader.rs:152)
9.509124 [INFO ] , (blinky src/gps/reader.rs:152)
9.509246 [INFO ] 3 (blinky src/gps/reader.rs:152)
9.509368 [INFO ] 5 (blinky src/gps/reader.rs:152)
9.509490 [INFO ] , (blinky src/gps/reader.rs:152)
9.509643 [INFO ] 4 (blinky src/gps/reader.rs:152)
9.509765 [INFO ] , (blinky src/gps/reader.rs:152)
9.509887 [INFO ] 1 (blinky src/gps/reader.rs:152)
9.510009 [INFO ] 5 (blinky src/gps/reader.rs:152)
9.510162 [INFO ] * (blinky src/gps/reader.rs:152)
9.510284 [INFO ] 7 (blinky src/gps/reader.rs:152)
9.510406 [INFO ] 4 (blinky src/gps/reader.rs:152)
9.510528 [INFO ] END OF SENTENCE (blinky src/gps/reader.rs:130)
9.510589 [INFO ] preparing swap end of sentence (blinky src/gps/reader.rs:134)
9.510864 [INFO ] line parsed successfully "$NGL3,3,09,847,1,14,,44,1,,738,0,21,,35,4,15*74" (blinky src/gps/reader.rs:138)
9.604492 [INFO ] parsing gps (blinky blinky/src/main.rs:74)
9.604522 [INFO ] NO SIGNAL AT ALL (blinky blinky/src/main.rs:104)
9.604644 [INFO ] SENTENCE NOT EMPTY, MISSING PUSH FOR CHAR. G (blinky src/gps/reader.rs:156)
9.604705 [INFO ] SENTENCE NOT EMPTY, MISSING PUSH FOR CHAR. L (blinky src/gps/reader.rs:156)
9.604797 [INFO ] SENTENCE NOT EMPTY, MISSING PUSH FOR CHAR. G (blinky src/gps/reader.rs:156)
9.604888 [INFO ] SENTENCE NOT EMPTY, MISSING PUSH FOR CHAR. S (blinky src/gps/reader.rs:156)
9.604949 [INFO ] SENTENCE NOT EMPTY, MISSING PUSH FOR CHAR. V (blinky src/gps/reader.rs:156)
9.704620 [INFO ] parsing gps (blinky blinky/src/main.rs:74)
9.704650 [INFO ] NO SIGNAL AT ALL (blinky blinky/src/main.rs:104)
10.508941 [INFO ] 0 (blinky src/gps/reader.rs:152)
10.509063 [INFO ] 5 (blinky src/gps/reader.rs:152)
10.509216 [INFO ] 2 (blinky src/gps/reader.rs:152)
10.509338 [INFO ] 2 (blinky src/gps/reader.rs:152)
10.509460 [INFO ] , (blinky src/gps/reader.rs:152)
10.509582 [INFO ] 6 (blinky src/gps/reader.rs:152)
10.509735 [INFO ] 3 (blinky src/gps/reader.rs:152)
10.509857 [INFO ] 5 (blinky src/gps/reader.rs:152)
10.509979 [INFO ] , (blinky src/gps/reader.rs:152)
10.510101 [INFO ] 0 (blinky src/gps/reader.rs:152)
10.510253 [INFO ] , (blinky src/gps/reader.rs:152)
10.510375 [INFO ] 1 (blinky src/gps/reader.rs:152)
10.510498 [INFO ] 5 (blinky src/gps/reader.rs:152)
10.510620 [INFO ] , (blinky src/gps/reader.rs:152)
10.510772 [INFO ] 7 (blinky src/gps/reader.rs:152)
10.510894 [INFO ] 4 (blinky src/gps/reader.rs:152)
10.511016 [INFO ] END OF SENTENCE (blinky src/gps/reader.rs:130)
10.511047 [INFO ] preparing swap end of sentence (blinky src/gps/reader.rs:134)
10.511169 [INFO ] line parsed successfully "$GGSA,3,19,807,1317,744,3,,798,0522,635,0,15,74" (blinky src/gps/reader.rs:138)
10.469024 [INFO ] , (blinky src/gps/reader.rs:152)
10.469146 [INFO ] A (blinky src/gps/reader.rs:152)
10.469268 [INFO ] , (blinky src/gps/reader.rs:152)
10.469390 [INFO ] A (blinky src/gps/reader.rs:152)
10.469543 [INFO ] D (blinky src/gps/reader.rs:152)
10.469665 [INFO ] END OF SENTENCE (blinky src/gps/reader.rs:130)
10.469726 [INFO ] preparing swap end of sentence (blinky src/gps/reader.rs:134)
10.469818 [INFO ] line parsed successfully "$GNL.7125,078.409W,1809.0,A,AD" (blinky src/gps/reader.rs:138)
10.504791 [INFO ] parsing gps (blinky blinky/src/main.rs:74)
10.504821 [INFO ] NO SIGNAL AT ALL (blinky blinky/src/main.rs:104)
10.504943 [INFO ] NEW SENTENCE (blinky src/gps/reader.rs:110)
10.505035 [INFO ] G (blinky src/gps/reader.rs:152)
10.505157 [INFO ] G (blinky src/gps/reader.rs:152)
10.505279 [INFO ] S (blinky src/gps/reader.rs:152)
10.505432 [INFO ] A (blinky src/gps/reader.rs:152)
10.505554 [INFO ] , (blinky src/gps/reader.rs:152)
10.505676 [INFO ] 3 (blinky src/gps/reader.rs:152)
10.505798 [INFO ] , (blinky src/gps/reader.rs:152)
10.505950 [INFO ] 1 (blinky src/gps/reader.rs:152)
10.506072 [INFO ] 9 (blinky src/gps/reader.rs:152)
10.506195 [INFO ] , (blinky src/gps/reader.rs:152)
10.506347 [INFO ] 8 (blinky src/gps/reader.rs:152)
10.506469 [INFO ] 0 (blinky src/gps/reader.rs:152)
10.506591 [INFO ] 7 (blinky src/gps/reader.rs:152)
10.506713 [INFO ] , (blinky src/gps/reader.rs:152)
10.506866 [INFO ] 1 (blinky src/gps/reader.rs:152)
10.506988 [INFO ] 3 (blinky src/gps/reader.rs:152)
10.507110 [INFO ] 1 (blinky src/gps/reader.rs:152)
10.507263 [INFO ] 7 (blinky src/gps/reader.rs:152)
10.507385 [INFO ] , (blinky src/gps/reader.rs:152)
10.507507 [INFO ] 7 (blinky src/gps/reader.rs:152)
10.507629 [INFO ] 4 (blinky src/gps/reader.rs:152)
10.507781 [INFO ] 4 (blinky src/gps/reader.rs:152)
10.507904 [INFO ] , (blinky src/gps/reader.rs:152)
10.508026 [INFO ] 3 (blinky src/gps/reader.rs:152)
10.508178 [INFO ] , (blinky src/gps/reader.rs:152)
10.508300 [INFO ] , (blinky src/gps/reader.rs:152)
10.508422 [INFO ] 7 (blinky src/gps/reader.rs:152)
10.508544 [INFO ] 9 (blinky src/gps/reader.rs:152)
10.508666 [INFO ] 8 (blinky src/gps/reader.rs:152)
10.508819 [INFO ] , (blinky src/gps/reader.rs:152)
10.508941 [INFO ] 0 (blinky src/gps/reader.rs:152)
10.509063 [INFO ] 5 (blinky src/gps/reader.rs:152)
10.509216 [INFO ] 2 (blinky src/gps/reader.rs:152)
10.509338 [INFO ] 2 (blinky src/gps/reader.rs:152)
10.509460 [INFO ] , (blinky src/gps/reader.rs:152)
10.509582 [INFO ] 6 (blinky src/gps/reader.rs:152)
10.509735 [INFO ] 3 (blinky src/gps/reader.rs:152)
10.509857 [INFO ] 5 (blinky src/gps/reader.rs:152)
10.509979 [INFO ] , (blinky src/gps/reader.rs:152)
10.510101 [INFO ] 0 (blinky src/gps/reader.rs:152)
10.510253 [INFO ] , (blinky src/gps/reader.rs:152)
10.510375 [INFO ] 1 (blinky src/gps/reader.rs:152)
10.510498 [INFO ] 5 (blinky src/gps/reader.rs:152)
10.510620 [INFO ] , (blinky src/gps/reader.rs:152)
10.510772 [INFO ] 7 (blinky src/gps/reader.rs:152)
10.510894 [INFO ] 4 (blinky src/gps/reader.rs:152)
10.511016 [INFO ] END OF SENTENCE (blinky src/gps/reader.rs:130)
10.511047 [INFO ] preparing swap end of sentence (blinky src/gps/reader.rs:134)
10.511169 [INFO ] line parsed successfully "$GGSA,3,19,807,1317,744,3,,798,0522,635,0,15,74" (blinky src/gps/reader.rs:138)
10.604919 [INFO ] parsing gps (blinky blinky/src/main.rs:74)
10.604949 [INFO ] NO SIGNAL AT ALL (blinky blinky/src/main.rs:104)
10.605072 [INFO ] NEW SENTENCE (blinky src/gps/reader.rs:110)
10.605163 [INFO ] L (blinky src/gps/reader.rs:152)
10.605285 [INFO ] G (blinky src/gps/reader.rs:152)
10.605407 [INFO ] S (blinky src/gps/reader.rs:152)
10.605560 [INFO ] V (blinky src/gps/reader.rs:152)
10.705047 [INFO ] parsing gps (blinky blinky/src/main.rs:74)
10.705078 [INFO ] NO SIGNAL AT ALL (blinky blinky/src/main.rs:104)
11.505798 [INFO ] , (blinky src/gps/reader.rs:152)
11.505920 [INFO ] , (blinky src/gps/reader.rs:152)
11.506042 [INFO ] 8 (blinky src/gps/reader.rs:152)
11.506164 [INFO ] 0 (blinky src/gps/reader.rs:152)
11.506317 [INFO ] , (blinky src/gps/reader.rs:152)
11.506439 [INFO ] , (blinky src/gps/reader.rs:152)
11.506561 [INFO ] 1 (blinky src/gps/reader.rs:152)
11.506713 [INFO ] 3 (blinky src/gps/reader.rs:152)
11.506835 [INFO ] 2 (blinky src/gps/reader.rs:152)
11.506958 [INFO ] 5 (blinky src/gps/reader.rs:152)
11.507080 [INFO ] , (blinky src/gps/reader.rs:152)
11.507232 [INFO ] 7 (blinky src/gps/reader.rs:152)
11.507354 [INFO ] 0 (blinky src/gps/reader.rs:152)
11.507476 [INFO ] 4 (blinky src/gps/reader.rs:152)
11.507629 [INFO ] , (blinky src/gps/reader.rs:152)
11.507751 [INFO ] 3 (blinky src/gps/reader.rs:152)
11.507873 [INFO ] 3 (blinky src/gps/reader.rs:152)
11.507995 [INFO ] , (blinky src/gps/reader.rs:152)
11.508148 [INFO ] 7 (blinky src/gps/reader.rs:152)
11.508270 [INFO ] 9 (blinky src/gps/reader.rs:152)
11.508392 [INFO ] , (blinky src/gps/reader.rs:152)
11.508544 [INFO ] , (blinky src/gps/reader.rs:152)
11.508666 [INFO ] 0 (blinky src/gps/reader.rs:152)
11.508789 [INFO ] 5 (blinky src/gps/reader.rs:152)
11.508911 [INFO ] 3 (blinky src/gps/reader.rs:152)
11.509063 [INFO ] 2 (blinky src/gps/reader.rs:152)
11.509185 [INFO ] , (blinky src/gps/reader.rs:152)
11.509307 [INFO ] 6 (blinky src/gps/reader.rs:152)
11.509429 [INFO ] 9 (blinky src/gps/reader.rs:152)
11.509582 [INFO ] 5 (blinky src/gps/reader.rs:152)
11.509704 [INFO ] , (blinky src/gps/reader.rs:152)
11.509826 [INFO ] 0 (blinky src/gps/reader.rs:152)
11.509948 [INFO ] 6 (blinky src/gps/reader.rs:152)
11.510101 [INFO ] 1 (blinky src/gps/reader.rs:152)
11.510223 [INFO ] 6 (blinky src/gps/reader.rs:152)
11.510345 [INFO ] , (blinky src/gps/reader.rs:152)
11.510467 [INFO ] 1 (blinky src/gps/reader.rs:152)
11.510589 [INFO ] * (blinky src/gps/reader.rs:152)
11.510742 [INFO ] END OF SENTENCE (blinky src/gps/reader.rs:130)
11.510772 [INFO ] preparing swap end of sentence (blinky src/gps/reader.rs:134)
11.511077 [INFO ] line parsed successfully "$NGL,,80,,1325,704,33,79,,0532,695,0616,1*" (blinky src/gps/reader.rs:138)
11.605346 [INFO ] parsing gps (blinky blinky/src/main.rs:74)
11.605377 [INFO ] NO SIGNAL AT ALL (blinky blinky/src/main.rs:104)
11.605499 [INFO ] NEW SENTENCE (blinky src/gps/reader.rs:110)
11.605590 [INFO ] G (blinky src/gps/reader.rs:152)
11.605712 [INFO ] L (blinky src/gps/reader.rs:152)
11.605834 [INFO ] S (blinky src/gps/reader.rs:152)
11.605987 [INFO ] V (blinky src/gps/reader.rs:152)
11.705474 [INFO ] parsing gps (blinky blinky/src/main.rs:74)
11.705505 [INFO ] NO SIGNAL AT ALL (blinky blinky/src/main.rs:104)
12.506225 [INFO ] , (blinky src/gps/reader.rs:152)
12.506347 [INFO ] 6 (blinky src/gps/reader.rs:152)
12.506469 [INFO ] 1 (blinky src/gps/reader.rs:152)
12.506622 [INFO ] END OF SENTENCE (blinky src/gps/reader.rs:130)
12.506652 [INFO ] preparing swap end of sentence (blinky src/gps/reader.rs:134)
12.506744 [INFO ] line parsed successfully "$NGL,61" (blinky src/gps/reader.rs:138)
12.605773 [INFO ] parsing gps (blinky blinky/src/main.rs:74)
12.605804 [INFO ] NO SIGNAL AT ALL (blinky blinky/src/main.rs:104)
12.605926 [INFO ] NEW SENTENCE (blinky src/gps/reader.rs:110)
12.606018 [INFO ] P (blinky src/gps/reader.rs:152)
12.606140 [INFO ] G (blinky src/gps/reader.rs:152)
12.606262 [INFO ] S (blinky src/gps/reader.rs:152)
12.606414 [INFO ] V (blinky src/gps/reader.rs:152)
12.705902 [INFO ] parsing gps (blinky blinky/src/main.rs:74)
12.705932 [INFO ] NO SIGNAL AT ALL (blinky blinky/src/main.rs:104)
13.506652 [INFO ] , (blinky src/gps/reader.rs:152)
13.506774 [INFO ] RETURN (blinky src/gps/reader.rs:147)
13.506835 [INFO ] NEW SENTENCE (blinky src/gps/reader.rs:110)
13.506896 [INFO ] preparing swap (blinky src/gps/reader.rs:115)
13.506958 [INFO ] line parsed successfully "$NGL," (blinky src/gps/reader.rs:119)
13.606201 [INFO ] parsing gps (blinky blinky/src/main.rs:74)
13.606231 [INFO ] NO SIGNAL AT ALL (blinky blinky/src/main.rs:104)
13.606384 [INFO ] P (blinky src/gps/reader.rs:152)
13.606506 [INFO ] G (blinky src/gps/reader.rs:152)
13.606658 [INFO ] V (blinky src/gps/reader.rs:152)
13.606781 [INFO ] , (blinky src/gps/reader.rs:152)
13.606903 [INFO ] 3 (blinky src/gps/reader.rs:152)
13.706329 [INFO ] parsing gps (blinky blinky/src/main.rs:74)
13.706359 [INFO ] NO SIGNAL AT ALL (blinky blinky/src/main.rs:104)
14.506958 [INFO ] L (blinky src/gps/reader.rs:152)
14.507080 [INFO ] , (blinky src/gps/reader.rs:152)
14.507202 [INFO ] , (blinky src/gps/reader.rs:152)
14.507324 [INFO ] , (blinky src/gps/reader.rs:152)
14.507476 [INFO ] , (blinky src/gps/reader.rs:152)
14.507598 [INFO ] , (blinky src/gps/reader.rs:152)
14.507720 [INFO ] , (blinky src/gps/reader.rs:152)
14.507873 [INFO ] 1 (blinky src/gps/reader.rs:152)
14.507995 [INFO ] . (blinky src/gps/reader.rs:152)
14.508117 [INFO ] 3 (blinky src/gps/reader.rs:152)
14.508239 [INFO ] 0 (blinky src/gps/reader.rs:152)
14.508392 [INFO ] . (blinky src/gps/reader.rs:152)
14.508514 [INFO ] 6 (blinky src/gps/reader.rs:152)
14.508636 [INFO ] 5 (blinky src/gps/reader.rs:152)
14.508789 [INFO ] . (blinky src/gps/reader.rs:152)
14.508911 [INFO ] 1 (blinky src/gps/reader.rs:152)
14.509033 [INFO ] 4 (blinky src/gps/reader.rs:152)
14.509155 [INFO ] , (blinky src/gps/reader.rs:152)
14.509307 [INFO ] 0 (blinky src/gps/reader.rs:152)
14.509429 [INFO ] F (blinky src/gps/reader.rs:152)
14.509552 [INFO ] END OF SENTENCE (blinky src/gps/reader.rs:130)
14.509582 [INFO ] preparing swap end of sentence (blinky src/gps/reader.rs:134)
14.509674 [INFO ] line parsed successfully "$NGL,,,,,,1.30.65.14,0F" (blinky src/gps/reader.rs:138)
14.606628 [INFO ] parsing gps (blinky blinky/src/main.rs:74)
14.606658 [INFO ] NO SIGNAL AT ALL (blinky blinky/src/main.rs:104)
14.606781 [INFO ] NEW SENTENCE (blinky src/gps/reader.rs:110)
14.606872 [INFO ] N (blinky src/gps/reader.rs:152)
14.606994 [INFO ] G (blinky src/gps/reader.rs:152)
14.607116 [INFO ] S (blinky src/gps/reader.rs:152)
14.607269 [INFO ] A (blinky src/gps/reader.rs:152)
14.706756 [INFO ] parsing gps (blinky blinky/src/main.rs:74)
14.706787 [INFO ] NO SIGNAL AT ALL (blinky blinky/src/main.rs:104)
15.468688 [INFO ] NEW SENTENCE (blinky src/gps/reader.rs:110)
15.468719 [INFO ] preparing swap (blinky src/gps/reader.rs:115)
15.468811 [INFO ] line parsed successfully "$NGSA" (blinky src/gps/reader.rs:119)
15.468994 [INFO ] G (blinky src/gps/reader.rs:152)
15.469116 [INFO ] N (blinky src/gps/reader.rs:152)
15.469238 [INFO ] G (blinky src/gps/reader.rs:152)
15.469360 [INFO ] G (blinky src/gps/reader.rs:152)
15.469482 [INFO ] A (blinky src/gps/reader.rs:152)
15.469604 [INFO ] , (blinky src/gps/reader.rs:152)
15.469757 [INFO ] 8 (blinky src/gps/reader.rs:152)
15.469879 [INFO ] 2 (blinky src/gps/reader.rs:152)
15.470001 [INFO ] 1 (blinky src/gps/reader.rs:152)
15.470123 [INFO ] 1 (blinky src/gps/reader.rs:152)
15.470275 [INFO ] 0 (blinky src/gps/reader.rs:152)
15.470397 [INFO ] 0 (blinky src/gps/reader.rs:152)
15.470520 [INFO ] 0 (blinky src/gps/reader.rs:152)
15.470642 [INFO ] , (blinky src/gps/reader.rs:152)
15.470794 [INFO ] 4 (blinky src/gps/reader.rs:152)
15.470916 [INFO ] 8 (blinky src/gps/reader.rs:152)
15.509857 [INFO ] 2 (blinky src/gps/reader.rs:152)
15.509979 [INFO ] 4 (blinky src/gps/reader.rs:152)
15.510131 [INFO ] 9 (blinky src/gps/reader.rs:152)
15.510253 [INFO ] , (blinky src/gps/reader.rs:152)
15.510375 [INFO ] 0 (blinky src/gps/reader.rs:152)
15.510498 [INFO ] 4 (blinky src/gps/reader.rs:152)
15.510650 [INFO ] 1 (blinky src/gps/reader.rs:152)
15.510772 [INFO ] 4 (blinky src/gps/reader.rs:152)
15.510894 [INFO ] , (blinky src/gps/reader.rs:152)
15.511016 [INFO ] 1 (blinky src/gps/reader.rs:152)
15.511169 [INFO ] 3 (blinky src/gps/reader.rs:152)
15.511291 [INFO ] END OF SENTENCE (blinky src/gps/reader.rs:130)
15.511322 [INFO ] preparing swap end of sentence (blinky src/gps/reader.rs:134)
15.511413 [INFO ] line parsed successfully "$NGL32,2086,,02,,3118,249,0414,13" (blinky src/gps/reader.rs:138)
15.473144 [INFO ] 1 (blinky src/gps/reader.rs:152)
15.473266 [INFO ] , (blinky src/gps/reader.rs:152)
15.473388 [INFO ] 6 (blinky src/gps/reader.rs:152)
15.473541 [INFO ] 5 (blinky src/gps/reader.rs:152)
15.473663 [INFO ] , (blinky src/gps/reader.rs:152)
15.473785 [INFO ] 1 (blinky src/gps/reader.rs:152)
15.473907 [INFO ] . (blinky src/gps/reader.rs:152)
15.474060 [INFO ] 1 (blinky src/gps/reader.rs:152)
15.474182 [INFO ] , (blinky src/gps/reader.rs:152)
15.474304 [INFO ] M (blinky src/gps/reader.rs:152)
15.474456 [INFO ] 3 (blinky src/gps/reader.rs:152)
15.474578 [INFO ] 3 (blinky src/gps/reader.rs:152)
15.474700 [INFO ] . (blinky src/gps/reader.rs:152)
15.474822 [INFO ] 0 (blinky src/gps/reader.rs:152)
15.474975 [INFO ] , (blinky src/gps/reader.rs:152)
15.475097 [INFO ] , (blinky src/gps/reader.rs:152)
15.475219 [INFO ] * (blinky src/gps/reader.rs:152)
15.475341 [INFO ] 4 (blinky src/gps/reader.rs:152)
15.475494 [INFO ] RETURN (blinky src/gps/reader.rs:147)
15.475555 [INFO ] NEW SENTENCE (blinky src/gps/reader.rs:110)
15.475585 [INFO ] preparing swap (blinky src/gps/reader.rs:115)
15.475799 [INFO ] line parsed successfully "$GNGGA,8211000,48.75,N,847.91,W,21,65,1.1,M33.0,,*4" (blinky src/gps/reader.rs:119)
15.506927 [INFO ] parsing gps (blinky blinky/src/main.rs:74)
15.506958 [INFO ] NO SIGNAL AT ALL (blinky blinky/src/main.rs:104)
15.507110 [INFO ] N (blinky src/gps/reader.rs:152)
15.507232 [INFO ] G (blinky src/gps/reader.rs:152)
15.507385 [INFO ] L (blinky src/gps/reader.rs:152)
15.507507 [INFO ] 3 (blinky src/gps/reader.rs:152)
15.507629 [INFO ] 2 (blinky src/gps/reader.rs:152)
15.507751 [INFO ] , (blinky src/gps/reader.rs:152)
15.507904 [INFO ] 2 (blinky src/gps/reader.rs:152)
15.508026 [INFO ] 0 (blinky src/gps/reader.rs:152)
15.508148 [INFO ] 8 (blinky src/gps/reader.rs:152)
15.508300 [INFO ] 6 (blinky src/gps/reader.rs:152)
15.508422 [INFO ] , (blinky src/gps/reader.rs:152)
15.508544 [INFO ] , (blinky src/gps/reader.rs:152)
15.508666 [INFO ] 0 (blinky src/gps/reader.rs:152)
15.508819 [INFO ] 2 (blinky src/gps/reader.rs:152)
15.508941 [INFO ] , (blinky src/gps/reader.rs:152)
15.509063 [INFO ] , (blinky src/gps/reader.rs:152)
15.509216 [INFO ] 3 (blinky src/gps/reader.rs:152)
15.509338 [INFO ] 1 (blinky src/gps/reader.rs:152)
15.509460 [INFO ] 1 (blinky src/gps/reader.rs:152)
15.509582 [INFO ] 8 (blinky src/gps/reader.rs:152)
15.509735 [INFO ] , (blinky src/gps/reader.rs:152)
15.509857 [INFO ] 2 (blinky src/gps/reader.rs:152)
15.509979 [INFO ] 4 (blinky src/gps/reader.rs:152)
15.510131 [INFO ] 9 (blinky src/gps/reader.rs:152)
15.510253 [INFO ] , (blinky src/gps/reader.rs:152)
15.510375 [INFO ] 0 (blinky src/gps/reader.rs:152)
15.510498 [INFO ] 4 (blinky src/gps/reader.rs:152)
15.510650 [INFO ] 1 (blinky src/gps/reader.rs:152)
15.510772 [INFO ] 4 (blinky src/gps/reader.rs:152)
15.510894 [INFO ] , (blinky src/gps/reader.rs:152)
15.511016 [INFO ] 1 (blinky src/gps/reader.rs:152)
15.511169 [INFO ] 3 (blinky src/gps/reader.rs:152)
15.511291 [INFO ] END OF SENTENCE (blinky src/gps/reader.rs:130)
15.511322 [INFO ] preparing swap end of sentence (blinky src/gps/reader.rs:134)
15.511413 [INFO ] line parsed successfully "$NGL32,2086,,02,,3118,249,0414,13" (blinky src/gps/reader.rs:138)
15.607055 [INFO ] parsing gps (blinky blinky/src/main.rs:74)
15.607086 [INFO ] NO SIGNAL AT ALL (blinky blinky/src/main.rs:104)
15.607208 [INFO ] NEW SENTENCE (blinky src/gps/reader.rs:110)
15.607299 [INFO ] G (blinky src/gps/reader.rs:152)
15.607421 [INFO ] G (blinky src/gps/reader.rs:152)
15.607543 [INFO ] S (blinky src/gps/reader.rs:152)
15.607696 [INFO ] V (blinky src/gps/reader.rs:152)
15.707183 [INFO ] parsing gps (blinky blinky/src/main.rs:74)
15.707214 [INFO ] NO SIGNAL AT ALL (blinky blinky/src/main.rs:104)
16.507812 [INFO ] L (blinky src/gps/reader.rs:152)
16.507934 [INFO ] 3 (blinky src/gps/reader.rs:152)
16.508056 [INFO ] , (blinky src/gps/reader.rs:152)
16.508178 [INFO ] 4 (blinky src/gps/reader.rs:152)
16.508331 [INFO ] 5 (blinky src/gps/reader.rs:152)
16.508453 [INFO ] 2 (blinky src/gps/reader.rs:152)
16.508575 [INFO ] 6 (blinky src/gps/reader.rs:152)
16.508728 [INFO ] , (blinky src/gps/reader.rs:152)
16.508850 [INFO ] 3 (blinky src/gps/reader.rs:152)
16.508972 [INFO ] 2 (blinky src/gps/reader.rs:152)
16.509094 [INFO ] 8 (blinky src/gps/reader.rs:152)
16.509246 [INFO ] , (blinky src/gps/reader.rs:152)
16.509368 [INFO ] 4 (blinky src/gps/reader.rs:152)
16.509490 [INFO ] 2 (blinky src/gps/reader.rs:152)
16.509613 [INFO ] 1 (blinky src/gps/reader.rs:152)
16.509765 [INFO ] 6 (blinky src/gps/reader.rs:152)
16.509887 [INFO ] , (blinky src/gps/reader.rs:152)
16.510009 [INFO ] , (blinky src/gps/reader.rs:152)
16.510162 [INFO ] 1 (blinky src/gps/reader.rs:152)
16.510284 [INFO ] * (blinky src/gps/reader.rs:152)
16.510406 [INFO ] 6 (blinky src/gps/reader.rs:152)
16.510528 [INFO ] RETURN (blinky src/gps/reader.rs:147)
16.510589 [INFO ] NEW SENTENCE (blinky src/gps/reader.rs:110)
16.510650 [INFO ] preparing swap (blinky src/gps/reader.rs:115)
16.510925 [INFO ] line parsed successfully "$NGL3,4526,328,4216,,1*6" (blinky src/gps/reader.rs:119)
16.607482 [INFO ] parsing gps (blinky blinky/src/main.rs:74)
16.607513 [INFO ] NO SIGNAL AT ALL (blinky blinky/src/main.rs:104)
16.607666 [INFO ] P (blinky src/gps/reader.rs:152)
16.607788 [INFO ] G (blinky src/gps/reader.rs:152)
16.607940 [INFO ] V (blinky src/gps/reader.rs:152)
16.608062 [INFO ] , (blinky src/gps/reader.rs:152)
16.608184 [INFO ] 3 (blinky src/gps/reader.rs:152)
16.707611 [INFO ] parsing gps (blinky blinky/src/main.rs:74)
16.707641 [INFO ] NO SIGNAL AT ALL (blinky blinky/src/main.rs:104)
17.507934 [INFO ] NEW SENTENCE (blinky src/gps/reader.rs:110)
17.508056 [INFO ] N (blinky src/gps/reader.rs:152)
17.508178 [INFO ] G (blinky src/gps/reader.rs:152)
17.508300 [INFO ] L (blinky src/gps/reader.rs:152)
17.508453 [INFO ] 5 (blinky src/gps/reader.rs:152)
17.508605 [INFO ] , (blinky src/gps/reader.rs:152)
17.508728 [INFO ] 0 (blinky src/gps/reader.rs:152)
17.508880 [INFO ] 6 (blinky src/gps/reader.rs:152)
17.509002 [INFO ] 3 (blinky src/gps/reader.rs:152)
17.509155 [INFO ] 2 (blinky src/gps/reader.rs:152)
17.509307 [INFO ] 0 (blinky src/gps/reader.rs:152)
17.509429 [INFO ] , (blinky src/gps/reader.rs:152)
17.509552 [INFO ] 1 (blinky src/gps/reader.rs:152)
17.509704 [INFO ] 9 (blinky src/gps/reader.rs:152)
17.509857 [INFO ] 1 (blinky src/gps/reader.rs:152)
17.509979 [INFO ] 1 (blinky src/gps/reader.rs:152)
17.510101 [INFO ] , (blinky src/gps/reader.rs:152)
17.510253 [INFO ] 8 (blinky src/gps/reader.rs:152)
17.510406 [INFO ] 2 (blinky src/gps/reader.rs:152)
17.510528 [INFO ] 4 (blinky src/gps/reader.rs:152)
17.510681 [INFO ] 1 (blinky src/gps/reader.rs:152)
17.510803 [INFO ] , (blinky src/gps/reader.rs:152)
17.510955 [INFO ] 0 (blinky src/gps/reader.rs:152)
17.511077 [INFO ] 4 (blinky src/gps/reader.rs:152)
17.511230 [INFO ] 1 (blinky src/gps/reader.rs:152)
17.511352 [INFO ] 5 (blinky src/gps/reader.rs:152)
17.511505 [INFO ] , (blinky src/gps/reader.rs:152)
17.511657 [INFO ] * (blinky src/gps/reader.rs:152)
17.511779 [INFO ] 5 (blinky src/gps/reader.rs:152)
17.511901 [INFO ] END OF SENTENCE (blinky src/gps/reader.rs:130)
17.511962 [INFO ] preparing swap end of sentence (blinky src/gps/reader.rs:134)
17.512237 [INFO ] line parsed successfully "$NGL5,06320,1911,8241,0415,*5" (blinky src/gps/reader.rs:138)
17.607910 [INFO ] parsing gps (blinky blinky/src/main.rs:74)
17.607940 [INFO ] NO SIGNAL AT ALL (blinky blinky/src/main.rs:104)
17.608062 [INFO ] NEW SENTENCE (blinky src/gps/reader.rs:110)
17.608184 [INFO ] P (blinky src/gps/reader.rs:152)
17.608306 [INFO ] G (blinky src/gps/reader.rs:152)
17.608428 [INFO ] S (blinky src/gps/reader.rs:152)
17.608581 [INFO ] V (blinky src/gps/reader.rs:152)
17.708038 [INFO ] parsing gps (blinky blinky/src/main.rs:74)
17.708068 [INFO ] NO SIGNAL AT ALL (blinky blinky/src/main.rs:104)
18.508361 [INFO ] NEW SENTENCE (blinky src/gps/reader.rs:110)
18.508483 [INFO ] N (blinky src/gps/reader.rs:152)
18.508605 [INFO ] G (blinky src/gps/reader.rs:152)
18.508728 [INFO ] L (blinky src/gps/reader.rs:152)
18.508880 [INFO ] 3 (blinky src/gps/reader.rs:152)
18.509033 [INFO ] , (blinky src/gps/reader.rs:152)
18.509155 [INFO ] 2 (blinky src/gps/reader.rs:152)
18.509307 [INFO ] 1 (blinky src/gps/reader.rs:152)
18.509429 [INFO ] , (blinky src/gps/reader.rs:152)
18.509582 [INFO ] 2 (blinky src/gps/reader.rs:152)
18.509704 [INFO ] 5 (blinky src/gps/reader.rs:152)
18.509857 [INFO ] 0 (blinky src/gps/reader.rs:152)
18.509979 [INFO ] , (blinky src/gps/reader.rs:152)
18.510131 [INFO ] 1 (blinky src/gps/reader.rs:152)
18.510284 [INFO ] 2 (blinky src/gps/reader.rs:152)
18.510406 [INFO ] 3 (blinky src/gps/reader.rs:152)
18.510528 [INFO ] 4 (blinky src/gps/reader.rs:152)
18.510681 [INFO ] 1 (blinky src/gps/reader.rs:152)
18.510833 [INFO ] , (blinky src/gps/reader.rs:152)
18.510955 [INFO ] 2 (blinky src/gps/reader.rs:152)
18.511077 [INFO ] 5 (blinky src/gps/reader.rs:152)
18.511230 [INFO ] 8 (blinky src/gps/reader.rs:152)
18.511383 [INFO ] 6 (blinky src/gps/reader.rs:152)
18.511505 [INFO ] , (blinky src/gps/reader.rs:152)
18.511657 [INFO ] 2 (blinky src/gps/reader.rs:152)
18.511779 [INFO ] 0 (blinky src/gps/reader.rs:152)
18.511932 [INFO ] 2 (blinky src/gps/reader.rs:152)
18.512084 [INFO ] 1 (blinky src/gps/reader.rs:152)
18.512207 [INFO ] , (blinky src/gps/reader.rs:152)
18.512329 [INFO ] 3 (blinky src/gps/reader.rs:152)
18.512481 [INFO ] 1 (blinky src/gps/reader.rs:152)
18.512634 [INFO ] 1 (blinky src/gps/reader.rs:152)
18.512756 [INFO ] 9 (blinky src/gps/reader.rs:152)
18.512878 [INFO ] , (blinky src/gps/reader.rs:152)
18.513031 [INFO ] 4 (blinky src/gps/reader.rs:152)
18.513183 [INFO ] 1 (blinky src/gps/reader.rs:152)
18.513305 [INFO ] 9 (blinky src/gps/reader.rs:152)
18.513458 [INFO ] , (blinky src/gps/reader.rs:152)
18.513580 [INFO ] 6 (blinky src/gps/reader.rs:152)
18.513732 [INFO ] , (blinky src/gps/reader.rs:152)
18.513854 [INFO ] 1 (blinky src/gps/reader.rs:152)
18.514007 [INFO ] , (blinky src/gps/reader.rs:152)
18.514129 [INFO ] * (blinky src/gps/reader.rs:152)
18.514282 [INFO ] 6 (blinky src/gps/reader.rs:152)
18.514434 [INFO ] END OF SENTENCE (blinky src/gps/reader.rs:130)
18.514465 [INFO ] preparing swap end of sentence (blinky src/gps/reader.rs:134)
18.514770 [INFO ] line parsed successfully "$NGL3,21,250,12341,2586,2021,3119,419,6,1,*6" (blinky src/gps/reader.rs:138)
18.608337 [INFO ] parsing gps (blinky blinky/src/main.rs:74)
18.608367 [INFO ] NO SIGNAL AT ALL (blinky blinky/src/main.rs:104)
18.608489 [INFO ] SENTENCE NOT EMPTY, MISSING PUSH FOR CHAR. G (blinky src/gps/reader.rs:156)
18.608581 [INFO ] SENTENCE NOT EMPTY, MISSING PUSH FOR CHAR. P (blinky src/gps/reader.rs:156)
18.608642 [INFO ] SENTENCE NOT EMPTY, MISSING PUSH FOR CHAR. G (blinky src/gps/reader.rs:156)
18.608734 [INFO ] SENTENCE NOT EMPTY, MISSING PUSH FOR CHAR. V (blinky src/gps/reader.rs:156)
18.608825 [INFO ] SENTENCE NOT EMPTY, MISSING PUSH FOR CHAR. , (blinky src/gps/reader.rs:156)
18.708465 [INFO ] parsing gps (blinky blinky/src/main.rs:74)
18.708496 [INFO ] NO SIGNAL AT ALL (blinky blinky/src/main.rs:104)
